[ 2017-03-07T23:14:28+08:00 ] 192.168.0.105 /index.php?m=App&c=user&a=sendSms
INFO: [ app_init ] --START--
INFO: Run Behavior\BuildLiteBehavior [ RunTime:0.000060s ]
INFO: [ app_init ] --END-- [ RunTime:0.001153s ]
INFO: [ app_begin ] --START--
INFO: Run Behavior\ReadHtmlCacheBehavior [ RunTime:0.001299s ]
INFO: [ app_begin ] --END-- [ RunTime:0.001562s ]

[ 2017-03-07T23:17:29+08:00 ] 192.168.0.105 /index.php?m=App&c=user&a=sendSms
INFO: [ app_init ] --START--
INFO: Run Behavior\BuildLiteBehavior [ RunTime:0.000021s ]
INFO: [ app_init ] --END-- [ RunTime:0.000338s ]
INFO: [ app_begin ] --START--
INFO: Run Behavior\ReadHtmlCacheBehavior [ RunTime:0.000409s ]
INFO: [ app_begin ] --END-- [ RunTime:0.000497s ]

[ 2017-03-07T23:24:09+08:00 ] 192.168.0.105 /index.php?m=App&c=user&a=sendSms
INFO: [ app_init ] --START--
INFO: Run Behavior\BuildLiteBehavior [ RunTime:0.000021s ]
INFO: [ app_init ] --END-- [ RunTime:0.000366s ]
INFO: [ app_begin ] --START--
INFO: Run Behavior\ReadHtmlCacheBehavior [ RunTime:0.000414s ]
INFO: [ app_begin ] --END-- [ RunTime:0.000509s ]

[ 2017-03-07T23:25:19+08:00 ] 192.168.0.105 /index.php?m=App&c=user&a=sendSms
INFO: [ app_init ] --START--
INFO: Run Behavior\BuildLiteBehavior [ RunTime:0.000034s ]
INFO: [ app_init ] --END-- [ RunTime:0.000519s ]
INFO: [ app_begin ] --START--
INFO: Run Behavior\ReadHtmlCacheBehavior [ RunTime:0.000448s ]
INFO: [ app_begin ] --END-- [ RunTime:0.000555s ]

[ 2017-03-07T23:26:36+08:00 ] 192.168.0.105 /index.php?m=App&c=user&a=sendSms
INFO: [ app_init ] --START--
INFO: Run Behavior\BuildLiteBehavior [ RunTime:0.000784s ]
INFO: [ app_init ] --END-- [ RunTime:0.001535s ]
INFO: [ app_begin ] --START--
INFO: Run Behavior\ReadHtmlCacheBehavior [ RunTime:0.000532s ]
INFO: [ app_begin ] --END-- [ RunTime:0.000634s ]
SQL: SHOW COLUMNS FROM `zy_admin` [ RunTime:0.0050s ]
SQL: SELECT `uid`,`username`,`token`,`avatar`,`realname` FROM `zy_admin` WHERE ( token = '' ) LIMIT 1   [ RunTime:0.0005s ]
SQL: SHOW COLUMNS FROM `zy_sms` [ RunTime:0.0042s ]
SQL: SHOW COLUMNS FROM `zy_module_extend` [ RunTime:0.0038s ]
SQL: SHOW COLUMNS FROM `zy_admin_suggest` [ RunTime:0.0051s ]
SQL: SHOW COLUMNS FROM `zy_admin_letter` [ RunTime:0.0043s ]
SQL: SHOW COLUMNS FROM `zy_register` [ RunTime:0.0043s ]
SQL: SHOW COLUMNS FROM `zy_admin_address` [ RunTime:0.0041s ]
SQL: SELECT * FROM `zy_module_extend` LIMIT 1   [ RunTime:0.0005s ]
SQL: SELECT * FROM `zy_sms` WHERE `mobile` = '15054461599' AND `status` = 2 LIMIT 1   [ RunTime:0.0005s ]
SQL: SELECT * FROM `zy_admin` WHERE ( mobile=15054461599 ) LIMIT 1   [ RunTime:0.0007s ]
SQL: INSERT INTO `zy_sms` (`mobile`,`code`,`sendtime`,`status`) VALUES ('15054461599','4557','1488900396','1') [ RunTime:0.0106s ]

[ 2017-03-07T23:27:59+08:00 ] 192.168.0.105 /index.php?m=App&c=user&a=checkSmsCode
INFO: [ app_init ] --START--
INFO: Run Behavior\BuildLiteBehavior [ RunTime:0.000021s ]
INFO: [ app_init ] --END-- [ RunTime:0.000337s ]
INFO: [ app_begin ] --START--
INFO: Run Behavior\ReadHtmlCacheBehavior [ RunTime:0.000379s ]
INFO: [ app_begin ] --END-- [ RunTime:0.000480s ]
SQL: SHOW COLUMNS FROM `zy_admin` [ RunTime:0.0020s ]
SQL: SELECT `uid`,`username`,`token`,`avatar`,`realname` FROM `zy_admin` WHERE ( token = '' ) LIMIT 1   [ RunTime:0.0002s ]
SQL: SHOW COLUMNS FROM `zy_sms` [ RunTime:0.0014s ]
SQL: SHOW COLUMNS FROM `zy_module_extend` [ RunTime:0.0021s ]
SQL: SHOW COLUMNS FROM `zy_admin_suggest` [ RunTime:0.0015s ]
SQL: SHOW COLUMNS FROM `zy_admin_letter` [ RunTime:0.0015s ]
SQL: SHOW COLUMNS FROM `zy_register` [ RunTime:0.0017s ]
SQL: SHOW COLUMNS FROM `zy_admin_address` [ RunTime:0.0015s ]
SQL: SELECT * FROM `zy_sms` WHERE `mobile` = '15054461599' AND `code` = '4557' LIMIT 1   [ RunTime:0.0002s ]
SQL: UPDATE `zy_sms` SET `status`='2' WHERE `id` = 6526 [ RunTime:0.0002s ]

[ 2017-03-07T23:28:00+08:00 ] 192.168.0.105 /index.php?m=App&c=user&a=checkSmsCode
INFO: [ app_init ] --START--
INFO: Run Behavior\BuildLiteBehavior [ RunTime:0.000022s ]
INFO: [ app_init ] --END-- [ RunTime:0.000335s ]
INFO: [ app_begin ] --START--
INFO: Run Behavior\ReadHtmlCacheBehavior [ RunTime:0.000337s ]
INFO: [ app_begin ] --END-- [ RunTime:0.000422s ]
SQL: SHOW COLUMNS FROM `zy_admin` [ RunTime:0.0019s ]
SQL: SELECT `uid`,`username`,`token`,`avatar`,`realname` FROM `zy_admin` WHERE ( token = '' ) LIMIT 1   [ RunTime:0.0002s ]
SQL: SHOW COLUMNS FROM `zy_sms` [ RunTime:0.0013s ]
SQL: SHOW COLUMNS FROM `zy_module_extend` [ RunTime:0.0015s ]
SQL: SHOW COLUMNS FROM `zy_admin_suggest` [ RunTime:0.0016s ]
SQL: SHOW COLUMNS FROM `zy_admin_letter` [ RunTime:0.0015s ]
SQL: SHOW COLUMNS FROM `zy_register` [ RunTime:0.0017s ]
SQL: SHOW COLUMNS FROM `zy_admin_address` [ RunTime:0.0016s ]
SQL: SELECT * FROM `zy_sms` WHERE `mobile` = '15054461599' AND `code` = '4557' LIMIT 1   [ RunTime:0.0002s ]
SQL: UPDATE `zy_sms` SET `status`='2' WHERE `id` = 6526 [ RunTime:0.0002s ]

[ 2017-03-07T23:28:29+08:00 ] ::1 /index.php?m=App&c=user&a=register
INFO: [ app_init ] --START--
INFO: Run Behavior\BuildLiteBehavior [ RunTime:0.000020s ]
INFO: [ app_init ] --END-- [ RunTime:0.000310s ]
INFO: [ app_begin ] --START--
INFO: Run Behavior\ReadHtmlCacheBehavior [ RunTime:0.000359s ]
INFO: [ app_begin ] --END-- [ RunTime:0.000453s ]
SQL: SHOW COLUMNS FROM `zy_admin` [ RunTime:0.0019s ]
SQL: SELECT `uid`,`username`,`token`,`avatar`,`realname` FROM `zy_admin` WHERE ( token = '' ) LIMIT 1   [ RunTime:0.0002s ]
SQL: SHOW COLUMNS FROM `zy_sms` [ RunTime:0.0013s ]
SQL: SHOW COLUMNS FROM `zy_module_extend` [ RunTime:0.0015s ]
SQL: SHOW COLUMNS FROM `zy_admin_suggest` [ RunTime:0.0016s ]
SQL: SHOW COLUMNS FROM `zy_admin_letter` [ RunTime:0.0015s ]
SQL: SHOW COLUMNS FROM `zy_register` [ RunTime:0.0017s ]
SQL: SHOW COLUMNS FROM `zy_admin_address` [ RunTime:0.0015s ]
SQL: SELECT * FROM `zy_sms` WHERE `mobile` = '15054461599' AND `code` = '4557' LIMIT 1   [ RunTime:0.0002s ]

[ 2017-03-07T23:28:43+08:00 ] ::1 /index.php?m=App&c=user&a=register
INFO: [ app_init ] --START--
INFO: Run Behavior\BuildLiteBehavior [ RunTime:0.000033s ]
INFO: [ app_init ] --END-- [ RunTime:0.000530s ]
INFO: [ app_begin ] --START--
INFO: Run Behavior\ReadHtmlCacheBehavior [ RunTime:0.000662s ]
INFO: [ app_begin ] --END-- [ RunTime:0.000807s ]
SQL: SHOW COLUMNS FROM `zy_admin` [ RunTime:0.0020s ]
SQL: SELECT `uid`,`username`,`token`,`avatar`,`realname` FROM `zy_admin` WHERE ( token = '' ) LIMIT 1   [ RunTime:0.0002s ]
SQL: SHOW COLUMNS FROM `zy_sms` [ RunTime:0.0014s ]
SQL: SHOW COLUMNS FROM `zy_module_extend` [ RunTime:0.0014s ]
SQL: SHOW COLUMNS FROM `zy_admin_suggest` [ RunTime:0.0014s ]
SQL: SHOW COLUMNS FROM `zy_admin_letter` [ RunTime:0.0013s ]
SQL: SHOW COLUMNS FROM `zy_register` [ RunTime:0.0016s ]
SQL: SHOW COLUMNS FROM `zy_admin_address` [ RunTime:0.0014s ]
SQL: SELECT * FROM `zy_sms` WHERE `mobile` = '15054461599' AND `code` = '4557' LIMIT 1   [ RunTime:0.0002s ]

[ 2017-03-07T23:28:55+08:00 ] ::1 /index.php?m=App&c=user&a=register
INFO: [ app_init ] --START--
INFO: Run Behavior\BuildLiteBehavior [ RunTime:0.000021s ]
INFO: [ app_init ] --END-- [ RunTime:0.000321s ]
INFO: [ app_begin ] --START--
INFO: Run Behavior\ReadHtmlCacheBehavior [ RunTime:0.000457s ]
INFO: [ app_begin ] --END-- [ RunTime:0.000586s ]
SQL: SHOW COLUMNS FROM `zy_admin` [ RunTime:0.0018s ]
SQL: SELECT `uid`,`username`,`token`,`avatar`,`realname` FROM `zy_admin` WHERE ( token = '' ) LIMIT 1   [ RunTime:0.0002s ]
SQL: SHOW COLUMNS FROM `zy_sms` [ RunTime:0.0014s ]
SQL: SHOW COLUMNS FROM `zy_module_extend` [ RunTime:0.0014s ]
SQL: SHOW COLUMNS FROM `zy_admin_suggest` [ RunTime:0.0014s ]
SQL: SHOW COLUMNS FROM `zy_admin_letter` [ RunTime:0.0013s ]
SQL: SHOW COLUMNS FROM `zy_register` [ RunTime:0.0017s ]
SQL: SHOW COLUMNS FROM `zy_admin_address` [ RunTime:0.0014s ]
SQL: SELECT * FROM `zy_sms` WHERE `mobile` = '15054461599' AND `code` = '4557' LIMIT 1   [ RunTime:0.0002s ]
SQL: SELECT * FROM `zy_register` WHERE `mobile` = '15054461599' LIMIT 1   [ RunTime:0.0002s ]

[ 2017-03-07T23:29:02+08:00 ] ::1 /index.php?m=App&c=user&a=register
INFO: [ app_init ] --START--
INFO: Run Behavior\BuildLiteBehavior [ RunTime:0.000021s ]
INFO: [ app_init ] --END-- [ RunTime:0.000337s ]
INFO: [ app_begin ] --START--
INFO: Run Behavior\ReadHtmlCacheBehavior [ RunTime:0.000818s ]
INFO: [ app_begin ] --END-- [ RunTime:0.001138s ]
SQL: SHOW COLUMNS FROM `zy_admin` [ RunTime:0.0018s ]
SQL: SELECT `uid`,`username`,`token`,`avatar`,`realname` FROM `zy_admin` WHERE ( token = '' ) LIMIT 1   [ RunTime:0.0002s ]
SQL: SHOW COLUMNS FROM `zy_sms` [ RunTime:0.0014s ]
SQL: SHOW COLUMNS FROM `zy_module_extend` [ RunTime:0.0018s ]
SQL: SHOW COLUMNS FROM `zy_admin_suggest` [ RunTime:0.0018s ]
SQL: SHOW COLUMNS FROM `zy_admin_letter` [ RunTime:0.0014s ]
SQL: SHOW COLUMNS FROM `zy_register` [ RunTime:0.0017s ]
SQL: SHOW COLUMNS FROM `zy_admin_address` [ RunTime:0.0019s ]
SQL: SELECT * FROM `zy_sms` WHERE `mobile` = '15054461599' AND `code` = '4557' LIMIT 1   [ RunTime:0.0003s ]
SQL: SELECT * FROM `zy_register` WHERE `mobile` = '15054461599' LIMIT 1   [ RunTime:0.0003s ]

[ 2017-03-07T23:29:04+08:00 ] ::1 /index.php?m=App&c=user&a=register
INFO: [ app_init ] --START--
INFO: Run Behavior\BuildLiteBehavior [ RunTime:0.000019s ]
INFO: [ app_init ] --END-- [ RunTime:0.000326s ]
INFO: [ app_begin ] --START--
INFO: Run Behavior\ReadHtmlCacheBehavior [ RunTime:0.000420s ]
INFO: [ app_begin ] --END-- [ RunTime:0.000507s ]
SQL: SHOW COLUMNS FROM `zy_admin` [ RunTime:0.0018s ]
SQL: SELECT `uid`,`username`,`token`,`avatar`,`realname` FROM `zy_admin` WHERE ( token = '' ) LIMIT 1   [ RunTime:0.0002s ]
SQL: SHOW COLUMNS FROM `zy_sms` [ RunTime:0.0013s ]
SQL: SHOW COLUMNS FROM `zy_module_extend` [ RunTime:0.0012s ]
SQL: SHOW COLUMNS FROM `zy_admin_suggest` [ RunTime:0.0014s ]
SQL: SHOW COLUMNS FROM `zy_admin_letter` [ RunTime:0.0013s ]
SQL: SHOW COLUMNS FROM `zy_register` [ RunTime:0.0017s ]
SQL: SHOW COLUMNS FROM `zy_admin_address` [ RunTime:0.0014s ]
SQL: SELECT * FROM `zy_sms` WHERE `mobile` = '15054461599' AND `code` = '4557' LIMIT 1   [ RunTime:0.0002s ]
SQL: SELECT * FROM `zy_register` WHERE `mobile` = '15054461599' LIMIT 1   [ RunTime:0.0003s ]

[ 2017-03-07T23:29:05+08:00 ] ::1 /index.php?m=App&c=user&a=register
INFO: [ app_init ] --START--
INFO: Run Behavior\BuildLiteBehavior [ RunTime:0.000021s ]
INFO: [ app_init ] --END-- [ RunTime:0.000340s ]
INFO: [ app_begin ] --START--
INFO: Run Behavior\ReadHtmlCacheBehavior [ RunTime:0.000371s ]
INFO: [ app_begin ] --END-- [ RunTime:0.000484s ]
SQL: SHOW COLUMNS FROM `zy_admin` [ RunTime:0.0020s ]
SQL: SELECT `uid`,`username`,`token`,`avatar`,`realname` FROM `zy_admin` WHERE ( token = '' ) LIMIT 1   [ RunTime:0.0002s ]
SQL: SHOW COLUMNS FROM `zy_sms` [ RunTime:0.0014s ]
SQL: SHOW COLUMNS FROM `zy_module_extend` [ RunTime:0.0013s ]
SQL: SHOW COLUMNS FROM `zy_admin_suggest` [ RunTime:0.0013s ]
SQL: SHOW COLUMNS FROM `zy_admin_letter` [ RunTime:0.0013s ]
SQL: SHOW COLUMNS FROM `zy_register` [ RunTime:0.0016s ]
SQL: SHOW COLUMNS FROM `zy_admin_address` [ RunTime:0.0016s ]
SQL: SELECT * FROM `zy_sms` WHERE `mobile` = '15054461599' AND `code` = '4557' LIMIT 1   [ RunTime:0.0002s ]
SQL: SELECT * FROM `zy_register` WHERE `mobile` = '15054461599' LIMIT 1   [ RunTime:0.0002s ]

[ 2017-03-07T23:29:06+08:00 ] ::1 /index.php?m=App&c=user&a=register
INFO: [ app_init ] --START--
INFO: Run Behavior\BuildLiteBehavior [ RunTime:0.000036s ]
INFO: [ app_init ] --END-- [ RunTime:0.000498s ]
INFO: [ app_begin ] --START--
INFO: Run Behavior\ReadHtmlCacheBehavior [ RunTime:0.000638s ]
INFO: [ app_begin ] --END-- [ RunTime:0.000815s ]
SQL: SHOW COLUMNS FROM `zy_admin` [ RunTime:0.0018s ]
SQL: SELECT `uid`,`username`,`token`,`avatar`,`realname` FROM `zy_admin` WHERE ( token = '' ) LIMIT 1   [ RunTime:0.0003s ]
SQL: SHOW COLUMNS FROM `zy_sms` [ RunTime:0.0014s ]
SQL: SHOW COLUMNS FROM `zy_module_extend` [ RunTime:0.0013s ]
SQL: SHOW COLUMNS FROM `zy_admin_suggest` [ RunTime:0.0015s ]
SQL: SHOW COLUMNS FROM `zy_admin_letter` [ RunTime:0.0016s ]
SQL: SHOW COLUMNS FROM `zy_register` [ RunTime:0.0018s ]
SQL: SHOW COLUMNS FROM `zy_admin_address` [ RunTime:0.0016s ]
SQL: SELECT * FROM `zy_sms` WHERE `mobile` = '15054461599' AND `code` = '4557' LIMIT 1   [ RunTime:0.0002s ]
SQL: SELECT * FROM `zy_register` WHERE `mobile` = '15054461599' LIMIT 1   [ RunTime:0.0002s ]

[ 2017-03-07T23:29:07+08:00 ] ::1 /index.php?m=App&c=user&a=register
INFO: [ app_init ] --START--
INFO: Run Behavior\BuildLiteBehavior [ RunTime:0.000020s ]
INFO: [ app_init ] --END-- [ RunTime:0.000309s ]
INFO: [ app_begin ] --START--
INFO: Run Behavior\ReadHtmlCacheBehavior [ RunTime:0.000351s ]
INFO: [ app_begin ] --END-- [ RunTime:0.000441s ]
SQL: SHOW COLUMNS FROM `zy_admin` [ RunTime:0.0019s ]
SQL: SELECT `uid`,`username`,`token`,`avatar`,`realname` FROM `zy_admin` WHERE ( token = '' ) LIMIT 1   [ RunTime:0.0002s ]
SQL: SHOW COLUMNS FROM `zy_sms` [ RunTime:0.0013s ]
SQL: SHOW COLUMNS FROM `zy_module_extend` [ RunTime:0.0015s ]
SQL: SHOW COLUMNS FROM `zy_admin_suggest` [ RunTime:0.0015s ]
SQL: SHOW COLUMNS FROM `zy_admin_letter` [ RunTime:0.0014s ]
SQL: SHOW COLUMNS FROM `zy_register` [ RunTime:0.0017s ]
SQL: SHOW COLUMNS FROM `zy_admin_address` [ RunTime:0.0018s ]
SQL: SELECT * FROM `zy_sms` WHERE `mobile` = '15054461599' AND `code` = '4557' LIMIT 1   [ RunTime:0.0003s ]
SQL: SELECT * FROM `zy_register` WHERE `mobile` = '15054461599' LIMIT 1   [ RunTime:0.0002s ]

[ 2017-03-07T23:29:08+08:00 ] ::1 /index.php?m=App&c=user&a=register
INFO: [ app_init ] --START--
INFO: Run Behavior\BuildLiteBehavior [ RunTime:0.000020s ]
INFO: [ app_init ] --END-- [ RunTime:0.000309s ]
INFO: [ app_begin ] --START--
INFO: Run Behavior\ReadHtmlCacheBehavior [ RunTime:0.000348s ]
INFO: [ app_begin ] --END-- [ RunTime:0.000435s ]
SQL: SHOW COLUMNS FROM `zy_admin` [ RunTime:0.0020s ]
SQL: SELECT `uid`,`username`,`token`,`avatar`,`realname` FROM `zy_admin` WHERE ( token = '' ) LIMIT 1   [ RunTime:0.0002s ]
SQL: SHOW COLUMNS FROM `zy_sms` [ RunTime:0.0013s ]
SQL: SHOW COLUMNS FROM `zy_module_extend` [ RunTime:0.0014s ]
SQL: SHOW COLUMNS FROM `zy_admin_suggest` [ RunTime:0.0014s ]
SQL: SHOW COLUMNS FROM `zy_admin_letter` [ RunTime:0.0015s ]
SQL: SHOW COLUMNS FROM `zy_register` [ RunTime:0.0017s ]
SQL: SHOW COLUMNS FROM `zy_admin_address` [ RunTime:0.0015s ]
SQL: SELECT * FROM `zy_sms` WHERE `mobile` = '15054461599' AND `code` = '4557' LIMIT 1   [ RunTime:0.0002s ]
SQL: SELECT * FROM `zy_register` WHERE `mobile` = '15054461599' LIMIT 1   [ RunTime:0.0002s ]

[ 2017-03-07T23:29:08+08:00 ] ::1 /index.php?m=App&c=user&a=register
INFO: [ app_init ] --START--
INFO: Run Behavior\BuildLiteBehavior [ RunTime:0.000039s ]
INFO: [ app_init ] --END-- [ RunTime:0.000544s ]
INFO: [ app_begin ] --START--
INFO: Run Behavior\ReadHtmlCacheBehavior [ RunTime:0.000348s ]
INFO: [ app_begin ] --END-- [ RunTime:0.000436s ]
SQL: SHOW COLUMNS FROM `zy_admin` [ RunTime:0.0021s ]
SQL: SELECT `uid`,`username`,`token`,`avatar`,`realname` FROM `zy_admin` WHERE ( token = '' ) LIMIT 1   [ RunTime:0.0002s ]
SQL: SHOW COLUMNS FROM `zy_sms` [ RunTime:0.0015s ]
SQL: SHOW COLUMNS FROM `zy_module_extend` [ RunTime:0.0014s ]
SQL: SHOW COLUMNS FROM `zy_admin_suggest` [ RunTime:0.0012s ]
SQL: SHOW COLUMNS FROM `zy_admin_letter` [ RunTime:0.0013s ]
SQL: SHOW COLUMNS FROM `zy_register` [ RunTime:0.0015s ]
SQL: SHOW COLUMNS FROM `zy_admin_address` [ RunTime:0.0015s ]
SQL: SELECT * FROM `zy_sms` WHERE `mobile` = '15054461599' AND `code` = '4557' LIMIT 1   [ RunTime:0.0003s ]
SQL: SELECT * FROM `zy_register` WHERE `mobile` = '15054461599' LIMIT 1   [ RunTime:0.0002s ]

[ 2017-03-07T23:29:09+08:00 ] ::1 /index.php?m=App&c=user&a=register
INFO: [ app_init ] --START--
INFO: Run Behavior\BuildLiteBehavior [ RunTime:0.000024s ]
INFO: [ app_init ] --END-- [ RunTime:0.000410s ]
INFO: [ app_begin ] --START--
INFO: Run Behavior\ReadHtmlCacheBehavior [ RunTime:0.000362s ]
INFO: [ app_begin ] --END-- [ RunTime:0.000453s ]
SQL: SHOW COLUMNS FROM `zy_admin` [ RunTime:0.0019s ]
SQL: SELECT `uid`,`username`,`token`,`avatar`,`realname` FROM `zy_admin` WHERE ( token = '' ) LIMIT 1   [ RunTime:0.0006s ]
SQL: SHOW COLUMNS FROM `zy_sms` [ RunTime:0.0014s ]
SQL: SHOW COLUMNS FROM `zy_module_extend` [ RunTime:0.0015s ]
SQL: SHOW COLUMNS FROM `zy_admin_suggest` [ RunTime:0.0013s ]
SQL: SHOW COLUMNS FROM `zy_admin_letter` [ RunTime:0.0014s ]
SQL: SHOW COLUMNS FROM `zy_register` [ RunTime:0.0015s ]
SQL: SHOW COLUMNS FROM `zy_admin_address` [ RunTime:0.0016s ]
SQL: SELECT * FROM `zy_sms` WHERE `mobile` = '15054461599' AND `code` = '4557' LIMIT 1   [ RunTime:0.0002s ]
SQL: SELECT * FROM `zy_register` WHERE `mobile` = '15054461599' LIMIT 1   [ RunTime:0.0002s ]

[ 2017-03-07T23:29:10+08:00 ] ::1 /index.php?m=App&c=user&a=register
INFO: [ app_init ] --START--
INFO: Run Behavior\BuildLiteBehavior [ RunTime:0.000022s ]
INFO: [ app_init ] --END-- [ RunTime:0.000359s ]
INFO: [ app_begin ] --START--
INFO: Run Behavior\ReadHtmlCacheBehavior [ RunTime:0.000428s ]
INFO: [ app_begin ] --END-- [ RunTime:0.000567s ]
SQL: SHOW COLUMNS FROM `zy_admin` [ RunTime:0.0022s ]
SQL: SELECT `uid`,`username`,`token`,`avatar`,`realname` FROM `zy_admin` WHERE ( token = '' ) LIMIT 1   [ RunTime:0.0003s ]
SQL: SHOW COLUMNS FROM `zy_sms` [ RunTime:0.0022s ]
SQL: SHOW COLUMNS FROM `zy_module_extend` [ RunTime:0.0017s ]
SQL: SHOW COLUMNS FROM `zy_admin_suggest` [ RunTime:0.0025s ]
SQL: SHOW COLUMNS FROM `zy_admin_letter` [ RunTime:0.0016s ]
SQL: SHOW COLUMNS FROM `zy_register` [ RunTime:0.0016s ]
SQL: SHOW COLUMNS FROM `zy_admin_address` [ RunTime:0.0014s ]
SQL: SELECT * FROM `zy_sms` WHERE `mobile` = '15054461599' AND `code` = '4557' LIMIT 1   [ RunTime:0.0002s ]
SQL: SELECT * FROM `zy_register` WHERE `mobile` = '15054461599' LIMIT 1   [ RunTime:0.0002s ]

[ 2017-03-07T23:29:11+08:00 ] ::1 /index.php?m=App&c=user&a=register
INFO: [ app_init ] --START--
INFO: Run Behavior\BuildLiteBehavior [ RunTime:0.000021s ]
INFO: [ app_init ] --END-- [ RunTime:0.000376s ]
INFO: [ app_begin ] --START--
INFO: Run Behavior\ReadHtmlCacheBehavior [ RunTime:0.000354s ]
INFO: [ app_begin ] --END-- [ RunTime:0.000444s ]
SQL: SHOW COLUMNS FROM `zy_admin` [ RunTime:0.0021s ]
SQL: SELECT `uid`,`username`,`token`,`avatar`,`realname` FROM `zy_admin` WHERE ( token = '' ) LIMIT 1   [ RunTime:0.0003s ]
SQL: SHOW COLUMNS FROM `zy_sms` [ RunTime:0.0015s ]
SQL: SHOW COLUMNS FROM `zy_module_extend` [ RunTime:0.0016s ]
SQL: SHOW COLUMNS FROM `zy_admin_suggest` [ RunTime:0.0016s ]
SQL: SHOW COLUMNS FROM `zy_admin_letter` [ RunTime:0.0014s ]
SQL: SHOW COLUMNS FROM `zy_register` [ RunTime:0.0018s ]
SQL: SHOW COLUMNS FROM `zy_admin_address` [ RunTime:0.0016s ]
SQL: SELECT * FROM `zy_sms` WHERE `mobile` = '15054461599' AND `code` = '4557' LIMIT 1   [ RunTime:0.0002s ]
SQL: SELECT * FROM `zy_register` WHERE `mobile` = '15054461599' LIMIT 1   [ RunTime:0.0003s ]

[ 2017-03-07T23:29:12+08:00 ] ::1 /index.php?m=App&c=user&a=register
INFO: [ app_init ] --START--
INFO: Run Behavior\BuildLiteBehavior [ RunTime:0.000021s ]
INFO: [ app_init ] --END-- [ RunTime:0.000346s ]
INFO: [ app_begin ] --START--
INFO: Run Behavior\ReadHtmlCacheBehavior [ RunTime:0.000356s ]
INFO: [ app_begin ] --END-- [ RunTime:0.000450s ]
SQL: SHOW COLUMNS FROM `zy_admin` [ RunTime:0.0020s ]
SQL: SELECT `uid`,`username`,`token`,`avatar`,`realname` FROM `zy_admin` WHERE ( token = '' ) LIMIT 1   [ RunTime:0.0003s ]
SQL: SHOW COLUMNS FROM `zy_sms` [ RunTime:0.0015s ]
SQL: SHOW COLUMNS FROM `zy_module_extend` [ RunTime:0.0016s ]
SQL: SHOW COLUMNS FROM `zy_admin_suggest` [ RunTime:0.0016s ]
SQL: SHOW COLUMNS FROM `zy_admin_letter` [ RunTime:0.0013s ]
SQL: SHOW COLUMNS FROM `zy_register` [ RunTime:0.0017s ]
SQL: SHOW COLUMNS FROM `zy_admin_address` [ RunTime:0.0014s ]
SQL: SELECT * FROM `zy_sms` WHERE `mobile` = '15054461599' AND `code` = '4557' LIMIT 1   [ RunTime:0.0002s ]
SQL: SELECT * FROM `zy_register` WHERE `mobile` = '15054461599' LIMIT 1   [ RunTime:0.0002s ]

[ 2017-03-07T23:29:12+08:00 ] ::1 /index.php?m=App&c=user&a=register
INFO: [ app_init ] --START--
INFO: Run Behavior\BuildLiteBehavior [ RunTime:0.000021s ]
INFO: [ app_init ] --END-- [ RunTime:0.000316s ]
INFO: [ app_begin ] --START--
INFO: Run Behavior\ReadHtmlCacheBehavior [ RunTime:0.000349s ]
INFO: [ app_begin ] --END-- [ RunTime:0.000437s ]
SQL: SHOW COLUMNS FROM `zy_admin` [ RunTime:0.0021s ]
SQL: SELECT `uid`,`username`,`token`,`avatar`,`realname` FROM `zy_admin` WHERE ( token = '' ) LIMIT 1   [ RunTime:0.0002s ]
SQL: SHOW COLUMNS FROM `zy_sms` [ RunTime:0.0014s ]
SQL: SHOW COLUMNS FROM `zy_module_extend` [ RunTime:0.0014s ]
SQL: SHOW COLUMNS FROM `zy_admin_suggest` [ RunTime:0.0014s ]
SQL: SHOW COLUMNS FROM `zy_admin_letter` [ RunTime:0.0014s ]
SQL: SHOW COLUMNS FROM `zy_register` [ RunTime:0.0016s ]
SQL: SHOW COLUMNS FROM `zy_admin_address` [ RunTime:0.0016s ]
SQL: SELECT * FROM `zy_sms` WHERE `mobile` = '15054461599' AND `code` = '4557' LIMIT 1   [ RunTime:0.0002s ]
SQL: SELECT * FROM `zy_register` WHERE `mobile` = '15054461599' LIMIT 1   [ RunTime:0.0002s ]

[ 2017-03-07T23:29:13+08:00 ] ::1 /index.php?m=App&c=user&a=register
INFO: [ app_init ] --START--
INFO: Run Behavior\BuildLiteBehavior [ RunTime:0.000037s ]
INFO: [ app_init ] --END-- [ RunTime:0.000535s ]
INFO: [ app_begin ] --START--
INFO: Run Behavior\ReadHtmlCacheBehavior [ RunTime:0.000548s ]
INFO: [ app_begin ] --END-- [ RunTime:0.000700s ]
SQL: SHOW COLUMNS FROM `zy_admin` [ RunTime:0.0019s ]
SQL: SELECT `uid`,`username`,`token`,`avatar`,`realname` FROM `zy_admin` WHERE ( token = '' ) LIMIT 1   [ RunTime:0.0002s ]
SQL: SHOW COLUMNS FROM `zy_sms` [ RunTime:0.0016s ]
SQL: SHOW COLUMNS FROM `zy_module_extend` [ RunTime:0.0015s ]
SQL: SHOW COLUMNS FROM `zy_admin_suggest` [ RunTime:0.0014s ]
SQL: SHOW COLUMNS FROM `zy_admin_letter` [ RunTime:0.0013s ]
SQL: SHOW COLUMNS FROM `zy_register` [ RunTime:0.0015s ]
SQL: SHOW COLUMNS FROM `zy_admin_address` [ RunTime:0.0016s ]
SQL: SELECT * FROM `zy_sms` WHERE `mobile` = '15054461599' AND `code` = '4557' LIMIT 1   [ RunTime:0.0002s ]
SQL: SELECT * FROM `zy_register` WHERE `mobile` = '15054461599' LIMIT 1   [ RunTime:0.0002s ]

[ 2017-03-07T23:33:32+08:00 ] ::1 /index.php?m=App&c=user&a=register
INFO: [ app_init ] --START--
INFO: Run Behavior\BuildLiteBehavior [ RunTime:0.000022s ]
INFO: [ app_init ] --END-- [ RunTime:0.000367s ]
INFO: [ app_begin ] --START--
INFO: Run Behavior\ReadHtmlCacheBehavior [ RunTime:0.000478s ]
INFO: [ app_begin ] --END-- [ RunTime:0.000588s ]
SQL: SHOW COLUMNS FROM `zy_admin` [ RunTime:0.0019s ]
SQL: SELECT `uid`,`username`,`token`,`avatar`,`realname` FROM `zy_admin` WHERE ( token = '' ) LIMIT 1   [ RunTime:0.0003s ]
SQL: SHOW COLUMNS FROM `zy_sms` [ RunTime:0.0013s ]
SQL: SHOW COLUMNS FROM `zy_module_extend` [ RunTime:0.0013s ]
SQL: SHOW COLUMNS FROM `zy_admin_suggest` [ RunTime:0.0015s ]
SQL: SHOW COLUMNS FROM `zy_admin_letter` [ RunTime:0.0014s ]
SQL: SHOW COLUMNS FROM `zy_register` [ RunTime:0.0018s ]
SQL: SHOW COLUMNS FROM `zy_admin_address` [ RunTime:0.0016s ]
SQL: SELECT * FROM `zy_sms` WHERE `mobile` = '15054461599' AND `code` = '4557' LIMIT 1   [ RunTime:0.0002s ]
SQL: SELECT * FROM `zy_register` WHERE `mobile` = '15054461599' LIMIT 1   [ RunTime:0.0002s ]
SQL: SELECT * FROM `zy_admin` WHERE `mobile` = '15054461599' LIMIT 1   [ RunTime:0.0002s ]
SQL: INSERT INTO `zy_register` (`mobile`,`realname`,`is_register`,`sex`,`birthday`,`signature`,`password`,`encrypt`,`avatar`,`update_date`,`last_date`,`reg_date`,`last_ip`,`reg_ip`,`token`) VALUES ('15054461599','xinxin','0','0','','','4113188a4f96ae9f42f0895ab635bded','S8jnCE','','1488900812','1488900812','1488900812','0','0','402d05817d79aa8a68a51b186169118f') [ RunTime:0.0003s ]
SQL: UPDATE `zy_sms` SET `status`='3' WHERE `mobile` = '15054461599' AND `code` = '4557' [ RunTime:0.0001s ]
SQL: SELECT `id`,`mobile`,`token`,`realname`,`sex`,`email`,`signature`,`birthday`,`avatar`,`group_id`,`lat`,`lon`,`province`,`district`,`city`,`town`,`reg_date`,`last_date`,`reg_ip`,`last_ip`,`update_date`,`islock`,`jpush_registration_id`,`remark`,`is_register` FROM `zy_register` WHERE `id` = 89 LIMIT 1   [ RunTime:0.0002s ]

[ 2017-03-07T23:33:51+08:00 ] ::1 /index.php?m=App&c=user&a=register
INFO: [ app_init ] --START--
INFO: Run Behavior\BuildLiteBehavior [ RunTime:0.000036s ]
INFO: [ app_init ] --END-- [ RunTime:0.000531s ]
INFO: [ app_begin ] --START--
INFO: Run Behavior\ReadHtmlCacheBehavior [ RunTime:0.000581s ]
INFO: [ app_begin ] --END-- [ RunTime:0.000745s ]
SQL: SHOW COLUMNS FROM `zy_admin` [ RunTime:0.0018s ]
SQL: SELECT `uid`,`username`,`token`,`avatar`,`realname` FROM `zy_admin` WHERE ( token = '' ) LIMIT 1   [ RunTime:0.0002s ]
SQL: SHOW COLUMNS FROM `zy_sms` [ RunTime:0.0014s ]
SQL: SHOW COLUMNS FROM `zy_module_extend` [ RunTime:0.0013s ]
SQL: SHOW COLUMNS FROM `zy_admin_suggest` [ RunTime:0.0016s ]
SQL: SHOW COLUMNS FROM `zy_admin_letter` [ RunTime:0.0015s ]
SQL: SHOW COLUMNS FROM `zy_register` [ RunTime:0.0017s ]
SQL: SHOW COLUMNS FROM `zy_admin_address` [ RunTime:0.0015s ]
SQL: SELECT * FROM `zy_sms` WHERE `mobile` = '15054461599' AND `code` = '4557' LIMIT 1   [ RunTime:0.0002s ]

[ 2017-03-07T23:33:53+08:00 ] ::1 /index.php?m=App&c=user&a=register
INFO: [ app_init ] --START--
INFO: Run Behavior\BuildLiteBehavior [ RunTime:0.000020s ]
INFO: [ app_init ] --END-- [ RunTime:0.000339s ]
INFO: [ app_begin ] --START--
INFO: Run Behavior\ReadHtmlCacheBehavior [ RunTime:0.000367s ]
INFO: [ app_begin ] --END-- [ RunTime:0.000467s ]
SQL: SHOW COLUMNS FROM `zy_admin` [ RunTime:0.0017s ]
SQL: SELECT `uid`,`username`,`token`,`avatar`,`realname` FROM `zy_admin` WHERE ( token = '' ) LIMIT 1   [ RunTime:0.0002s ]
SQL: SHOW COLUMNS FROM `zy_sms` [ RunTime:0.0013s ]
SQL: SHOW COLUMNS FROM `zy_module_extend` [ RunTime:0.0015s ]
SQL: SHOW COLUMNS FROM `zy_admin_suggest` [ RunTime:0.0014s ]
SQL: SHOW COLUMNS FROM `zy_admin_letter` [ RunTime:0.0016s ]
SQL: SHOW COLUMNS FROM `zy_register` [ RunTime:0.0017s ]
SQL: SHOW COLUMNS FROM `zy_admin_address` [ RunTime:0.0018s ]
SQL: SELECT * FROM `zy_sms` WHERE `mobile` = '15054461599' AND `code` = '4557' LIMIT 1   [ RunTime:0.0002s ]

[ 2017-03-07T23:33:54+08:00 ] ::1 /index.php?m=App&c=user&a=register
INFO: [ app_init ] --START--
INFO: Run Behavior\BuildLiteBehavior [ RunTime:0.000021s ]
INFO: [ app_init ] --END-- [ RunTime:0.000342s ]
INFO: [ app_begin ] --START--
INFO: Run Behavior\ReadHtmlCacheBehavior [ RunTime:0.000630s ]
INFO: [ app_begin ] --END-- [ RunTime:0.000770s ]
SQL: SHOW COLUMNS FROM `zy_admin` [ RunTime:0.0020s ]
SQL: SELECT `uid`,`username`,`token`,`avatar`,`realname` FROM `zy_admin` WHERE ( token = '' ) LIMIT 1   [ RunTime:0.0002s ]
SQL: SHOW COLUMNS FROM `zy_sms` [ RunTime:0.0015s ]
SQL: SHOW COLUMNS FROM `zy_module_extend` [ RunTime:0.0015s ]
SQL: SHOW COLUMNS FROM `zy_admin_suggest` [ RunTime:0.0014s ]
SQL: SHOW COLUMNS FROM `zy_admin_letter` [ RunTime:0.0015s ]
SQL: SHOW COLUMNS FROM `zy_register` [ RunTime:0.0017s ]
SQL: SHOW COLUMNS FROM `zy_admin_address` [ RunTime:0.0016s ]
SQL: SELECT * FROM `zy_sms` WHERE `mobile` = '15054461599' AND `code` = '4557' LIMIT 1   [ RunTime:0.0002s ]

[ 2017-03-07T23:34:30+08:00 ] ::1 /index.php?m=App&c=user&a=register
INFO: [ app_init ] --START--
INFO: Run Behavior\BuildLiteBehavior [ RunTime:0.000025s ]
INFO: [ app_init ] --END-- [ RunTime:0.000503s ]
INFO: [ app_begin ] --START--
INFO: Run Behavior\ReadHtmlCacheBehavior [ RunTime:0.000410s ]
INFO: [ app_begin ] --END-- [ RunTime:0.000513s ]
SQL: SHOW COLUMNS FROM `zy_admin` [ RunTime:0.0018s ]
SQL: SELECT `uid`,`username`,`token`,`avatar`,`realname` FROM `zy_admin` WHERE ( token = '' ) LIMIT 1   [ RunTime:0.0002s ]
SQL: SHOW COLUMNS FROM `zy_sms` [ RunTime:0.0012s ]
SQL: SHOW COLUMNS FROM `zy_module_extend` [ RunTime:0.0014s ]
SQL: SHOW COLUMNS FROM `zy_admin_suggest` [ RunTime:0.0014s ]
SQL: SHOW COLUMNS FROM `zy_admin_letter` [ RunTime:0.0014s ]
SQL: SHOW COLUMNS FROM `zy_register` [ RunTime:0.0018s ]
SQL: SHOW COLUMNS FROM `zy_admin_address` [ RunTime:0.0016s ]
SQL: SELECT * FROM `zy_sms` WHERE `mobile` = '15054461599' AND `code` = '4557' LIMIT 1   [ RunTime:0.0002s ]
SQL: SELECT * FROM `zy_register` WHERE `mobile` = '15054461599' LIMIT 1   [ RunTime:0.0002s ]

[ 2017-03-07T23:34:33+08:00 ] ::1 /index.php?m=App&c=user&a=register
INFO: [ app_init ] --START--
INFO: Run Behavior\BuildLiteBehavior [ RunTime:0.000020s ]
INFO: [ app_init ] --END-- [ RunTime:0.000324s ]
INFO: [ app_begin ] --START--
INFO: Run Behavior\ReadHtmlCacheBehavior [ RunTime:0.000391s ]
INFO: [ app_begin ] --END-- [ RunTime:0.000509s ]
SQL: SHOW COLUMNS FROM `zy_admin` [ RunTime:0.0020s ]
SQL: SELECT `uid`,`username`,`token`,`avatar`,`realname` FROM `zy_admin` WHERE ( token = '' ) LIMIT 1   [ RunTime:0.0002s ]
SQL: SHOW COLUMNS FROM `zy_sms` [ RunTime:0.0012s ]
SQL: SHOW COLUMNS FROM `zy_module_extend` [ RunTime:0.0012s ]
SQL: SHOW COLUMNS FROM `zy_admin_suggest` [ RunTime:0.0014s ]
SQL: SHOW COLUMNS FROM `zy_admin_letter` [ RunTime:0.0014s ]
SQL: SHOW COLUMNS FROM `zy_register` [ RunTime:0.0017s ]
SQL: SHOW COLUMNS FROM `zy_admin_address` [ RunTime:0.0016s ]
SQL: SELECT * FROM `zy_sms` WHERE `mobile` = '15054461599' AND `code` = '4557' LIMIT 1   [ RunTime:0.0002s ]
SQL: SELECT * FROM `zy_register` WHERE `mobile` = '15054461599' LIMIT 1   [ RunTime:0.0002s ]

[ 2017-03-07T23:34:35+08:00 ] ::1 /index.php?m=App&c=user&a=register
INFO: [ app_init ] --START--
INFO: Run Behavior\BuildLiteBehavior [ RunTime:0.000104s ]
INFO: [ app_init ] --END-- [ RunTime:0.001050s ]
INFO: [ app_begin ] --START--
INFO: Run Behavior\ReadHtmlCacheBehavior [ RunTime:0.000549s ]
INFO: [ app_begin ] --END-- [ RunTime:0.000698s ]
SQL: SHOW COLUMNS FROM `zy_admin` [ RunTime:0.0018s ]
SQL: SELECT `uid`,`username`,`token`,`avatar`,`realname` FROM `zy_admin` WHERE ( token = '' ) LIMIT 1   [ RunTime:0.0003s ]
SQL: SHOW COLUMNS FROM `zy_sms` [ RunTime:0.0014s ]
SQL: SHOW COLUMNS FROM `zy_module_extend` [ RunTime:0.0014s ]
SQL: SHOW COLUMNS FROM `zy_admin_suggest` [ RunTime:0.0013s ]
SQL: SHOW COLUMNS FROM `zy_admin_letter` [ RunTime:0.0014s ]
SQL: SHOW COLUMNS FROM `zy_register` [ RunTime:0.0018s ]
SQL: SHOW COLUMNS FROM `zy_admin_address` [ RunTime:0.0016s ]
SQL: SELECT * FROM `zy_sms` WHERE `mobile` = '15054461599' AND `code` = '4557' LIMIT 1   [ RunTime:0.0003s ]
SQL: SELECT * FROM `zy_register` WHERE `mobile` = '15054461599' LIMIT 1   [ RunTime:0.0003s ]

[ 2017-03-07T23:34:38+08:00 ] ::1 /index.php?m=App&c=user&a=register
INFO: [ app_init ] --START--
INFO: Run Behavior\BuildLiteBehavior [ RunTime:0.000021s ]
INFO: [ app_init ] --END-- [ RunTime:0.000330s ]
INFO: [ app_begin ] --START--
INFO: Run Behavior\ReadHtmlCacheBehavior [ RunTime:0.000372s ]
INFO: [ app_begin ] --END-- [ RunTime:0.000470s ]
SQL: SHOW COLUMNS FROM `zy_admin` [ RunTime:0.0018s ]
SQL: SELECT `uid`,`username`,`token`,`avatar`,`realname` FROM `zy_admin` WHERE ( token = '' ) LIMIT 1   [ RunTime:0.0002s ]
SQL: SHOW COLUMNS FROM `zy_sms` [ RunTime:0.0015s ]
SQL: SHOW COLUMNS FROM `zy_module_extend` [ RunTime:0.0015s ]
SQL: SHOW COLUMNS FROM `zy_admin_suggest` [ RunTime:0.0014s ]
SQL: SHOW COLUMNS FROM `zy_admin_letter` [ RunTime:0.0015s ]
SQL: SHOW COLUMNS FROM `zy_register` [ RunTime:0.0017s ]
SQL: SHOW COLUMNS FROM `zy_admin_address` [ RunTime:0.0015s ]
SQL: SELECT * FROM `zy_sms` WHERE `mobile` = '15054461599' AND `code` = '4557' LIMIT 1   [ RunTime:0.0002s ]
SQL: SELECT * FROM `zy_register` WHERE `mobile` = '15054461599' LIMIT 1   [ RunTime:0.0002s ]

[ 2017-03-07T23:34:39+08:00 ] ::1 /index.php?m=App&c=user&a=register
INFO: [ app_init ] --START--
INFO: Run Behavior\BuildLiteBehavior [ RunTime:0.000021s ]
INFO: [ app_init ] --END-- [ RunTime:0.000346s ]
INFO: [ app_begin ] --START--
INFO: Run Behavior\ReadHtmlCacheBehavior [ RunTime:0.000376s ]
INFO: [ app_begin ] --END-- [ RunTime:0.000484s ]
SQL: SHOW COLUMNS FROM `zy_admin` [ RunTime:0.0018s ]
SQL: SELECT `uid`,`username`,`token`,`avatar`,`realname` FROM `zy_admin` WHERE ( token = '' ) LIMIT 1   [ RunTime:0.0002s ]
SQL: SHOW COLUMNS FROM `zy_sms` [ RunTime:0.0013s ]
SQL: SHOW COLUMNS FROM `zy_module_extend` [ RunTime:0.0014s ]
SQL: SHOW COLUMNS FROM `zy_admin_suggest` [ RunTime:0.0014s ]
SQL: SHOW COLUMNS FROM `zy_admin_letter` [ RunTime:0.0014s ]
SQL: SHOW COLUMNS FROM `zy_register` [ RunTime:0.0016s ]
SQL: SHOW COLUMNS FROM `zy_admin_address` [ RunTime:0.0014s ]
SQL: SELECT * FROM `zy_sms` WHERE `mobile` = '15054461599' AND `code` = '4557' LIMIT 1   [ RunTime:0.0002s ]
SQL: SELECT * FROM `zy_register` WHERE `mobile` = '15054461599' LIMIT 1   [ RunTime:0.0002s ]

[ 2017-03-07T23:35:04+08:00 ] ::1 /index.php?m=App&c=user&a=register
INFO: [ app_init ] --START--
INFO: Run Behavior\BuildLiteBehavior [ RunTime:0.000022s ]
INFO: [ app_init ] --END-- [ RunTime:0.000393s ]
INFO: [ app_begin ] --START--
INFO: Run Behavior\ReadHtmlCacheBehavior [ RunTime:0.000462s ]
INFO: [ app_begin ] --END-- [ RunTime:0.000562s ]
SQL: SHOW COLUMNS FROM `zy_admin` [ RunTime:0.0018s ]
SQL: SELECT `uid`,`username`,`token`,`avatar`,`realname` FROM `zy_admin` WHERE ( token = '' ) LIMIT 1   [ RunTime:0.0002s ]
SQL: SHOW COLUMNS FROM `zy_sms` [ RunTime:0.0013s ]
SQL: SHOW COLUMNS FROM `zy_module_extend` [ RunTime:0.0014s ]
SQL: SHOW COLUMNS FROM `zy_admin_suggest` [ RunTime:0.0014s ]
SQL: SHOW COLUMNS FROM `zy_admin_letter` [ RunTime:0.0014s ]
SQL: SHOW COLUMNS FROM `zy_register` [ RunTime:0.0019s ]
SQL: SHOW COLUMNS FROM `zy_admin_address` [ RunTime:0.0016s ]
SQL: SELECT * FROM `zy_sms` WHERE `mobile` = '15054461599' AND `code` = '4557' LIMIT 1   [ RunTime:0.0002s ]
SQL: SELECT * FROM `zy_register` WHERE `mobile` = '15054461599' LIMIT 1   [ RunTime:0.0002s ]
SQL: SELECT * FROM `zy_admin` WHERE `mobile` = '15054461599' LIMIT 1   [ RunTime:0.0002s ]

[ 2017-03-07T23:35:06+08:00 ] ::1 /index.php?m=App&c=user&a=register
INFO: [ app_init ] --START--
INFO: Run Behavior\BuildLiteBehavior [ RunTime:0.000122s ]
INFO: [ app_init ] --END-- [ RunTime:0.000940s ]
INFO: [ app_begin ] --START--
INFO: Run Behavior\ReadHtmlCacheBehavior [ RunTime:0.000359s ]
INFO: [ app_begin ] --END-- [ RunTime:0.000457s ]
SQL: SHOW COLUMNS FROM `zy_admin` [ RunTime:0.0020s ]
SQL: SELECT `uid`,`username`,`token`,`avatar`,`realname` FROM `zy_admin` WHERE ( token = '' ) LIMIT 1   [ RunTime:0.0002s ]
SQL: SHOW COLUMNS FROM `zy_sms` [ RunTime:0.0015s ]
SQL: SHOW COLUMNS FROM `zy_module_extend` [ RunTime:0.0015s ]
SQL: SHOW COLUMNS FROM `zy_admin_suggest` [ RunTime:0.0014s ]
SQL: SHOW COLUMNS FROM `zy_admin_letter` [ RunTime:0.0014s ]
SQL: SHOW COLUMNS FROM `zy_register` [ RunTime:0.0017s ]
SQL: SHOW COLUMNS FROM `zy_admin_address` [ RunTime:0.0020s ]
SQL: SELECT * FROM `zy_sms` WHERE `mobile` = '15054461599' AND `code` = '4557' LIMIT 1   [ RunTime:0.0002s ]
SQL: SELECT * FROM `zy_register` WHERE `mobile` = '15054461599' LIMIT 1   [ RunTime:0.0003s ]
SQL: SELECT * FROM `zy_admin` WHERE `mobile` = '15054461599' LIMIT 1   [ RunTime:0.0002s ]

[ 2017-03-07T23:36:05+08:00 ] 192.168.0.105 /index.php?m=App&c=user&a=sendSmsByForgetPassword
INFO: [ app_init ] --START--
INFO: Run Behavior\BuildLiteBehavior [ RunTime:0.000023s ]
INFO: [ app_init ] --END-- [ RunTime:0.000357s ]
INFO: [ app_begin ] --START--
INFO: Run Behavior\ReadHtmlCacheBehavior [ RunTime:0.000549s ]
INFO: [ app_begin ] --END-- [ RunTime:0.000660s ]
SQL: SHOW COLUMNS FROM `zy_admin` [ RunTime:0.0019s ]
SQL: SELECT `uid`,`username`,`token`,`avatar`,`realname` FROM `zy_admin` WHERE ( token = '' ) LIMIT 1   [ RunTime:0.0002s ]
SQL: SHOW COLUMNS FROM `zy_sms` [ RunTime:0.0014s ]
SQL: SHOW COLUMNS FROM `zy_module_extend` [ RunTime:0.0014s ]
SQL: SHOW COLUMNS FROM `zy_admin_suggest` [ RunTime:0.0014s ]
SQL: SHOW COLUMNS FROM `zy_admin_letter` [ RunTime:0.0015s ]
SQL: SHOW COLUMNS FROM `zy_register` [ RunTime:0.0017s ]
SQL: SHOW COLUMNS FROM `zy_admin_address` [ RunTime:0.0014s ]
SQL: SELECT * FROM `zy_module_extend` LIMIT 1   [ RunTime:0.0002s ]
SQL: SELECT * FROM `zy_sms` WHERE `mobile` = '15054461599' AND `status` = 1 LIMIT 1   [ RunTime:0.0001s ]
SQL: SELECT * FROM `zy_admin` WHERE ( mobile=15054461599 ) LIMIT 1   [ RunTime:0.0002s ]
SQL: INSERT INTO `zy_sms` (`mobile`,`code`,`sendtime`,`status`) VALUES ('15054461599','8725','1488900965','1') [ RunTime:0.0007s ]

[ 2017-03-07T23:37:20+08:00 ] 192.168.0.105 /index.php?m=App&c=user&a=checkSmsCode
INFO: [ app_init ] --START--
INFO: Run Behavior\BuildLiteBehavior [ RunTime:0.000022s ]
INFO: [ app_init ] --END-- [ RunTime:0.000358s ]
INFO: [ app_begin ] --START--
INFO: Run Behavior\ReadHtmlCacheBehavior [ RunTime:0.000406s ]
INFO: [ app_begin ] --END-- [ RunTime:0.000506s ]
SQL: SHOW COLUMNS FROM `zy_admin` [ RunTime:0.0021s ]
SQL: SELECT `uid`,`username`,`token`,`avatar`,`realname` FROM `zy_admin` WHERE ( token = '' ) LIMIT 1   [ RunTime:0.0002s ]
SQL: SHOW COLUMNS FROM `zy_sms` [ RunTime:0.0015s ]
SQL: SHOW COLUMNS FROM `zy_module_extend` [ RunTime:0.0014s ]
SQL: SHOW COLUMNS FROM `zy_admin_suggest` [ RunTime:0.0014s ]
SQL: SHOW COLUMNS FROM `zy_admin_letter` [ RunTime:0.0013s ]
SQL: SHOW COLUMNS FROM `zy_register` [ RunTime:0.0016s ]
SQL: SHOW COLUMNS FROM `zy_admin_address` [ RunTime:0.0014s ]
SQL: SELECT * FROM `zy_sms` WHERE `mobile` = '15054461599' AND `code` = '8725' LIMIT 1   [ RunTime:0.0002s ]
SQL: UPDATE `zy_sms` SET `status`='2' WHERE `id` = 6527 [ RunTime:0.0002s ]

[ 2017-03-07T23:37:27+08:00 ] 192.168.0.105 /index.php?m=App&c=user&a=checkSmsCode
INFO: [ app_init ] --START--
INFO: Run Behavior\BuildLiteBehavior [ RunTime:0.000037s ]
INFO: [ app_init ] --END-- [ RunTime:0.000510s ]
INFO: [ app_begin ] --START--
INFO: Run Behavior\ReadHtmlCacheBehavior [ RunTime:0.000391s ]
INFO: [ app_begin ] --END-- [ RunTime:0.000593s ]
SQL: SHOW COLUMNS FROM `zy_admin` [ RunTime:0.0018s ]
SQL: SELECT `uid`,`username`,`token`,`avatar`,`realname` FROM `zy_admin` WHERE ( token = '' ) LIMIT 1   [ RunTime:0.0002s ]
SQL: SHOW COLUMNS FROM `zy_sms` [ RunTime:0.0012s ]
SQL: SHOW COLUMNS FROM `zy_module_extend` [ RunTime:0.0012s ]
SQL: SHOW COLUMNS FROM `zy_admin_suggest` [ RunTime:0.0013s ]
SQL: SHOW COLUMNS FROM `zy_admin_letter` [ RunTime:0.0013s ]
SQL: SHOW COLUMNS FROM `zy_register` [ RunTime:0.0018s ]
SQL: SHOW COLUMNS FROM `zy_admin_address` [ RunTime:0.0015s ]
SQL: SELECT * FROM `zy_sms` WHERE `mobile` = '15054461599' AND `code` = '8725' LIMIT 1   [ RunTime:0.0002s ]
SQL: UPDATE `zy_sms` SET `status`='2' WHERE `id` = 6527 [ RunTime:0.0002s ]

[ 2017-03-07T23:37:27+08:00 ] 192.168.0.105 /index.php?m=App&c=user&a=checkSmsCode
INFO: [ app_init ] --START--
INFO: Run Behavior\BuildLiteBehavior [ RunTime:0.000022s ]
INFO: [ app_init ] --END-- [ RunTime:0.000331s ]
INFO: [ app_begin ] --START--
INFO: Run Behavior\ReadHtmlCacheBehavior [ RunTime:0.000494s ]
INFO: [ app_begin ] --END-- [ RunTime:0.000614s ]
SQL: SHOW COLUMNS FROM `zy_admin` [ RunTime:0.0017s ]
SQL: SELECT `uid`,`username`,`token`,`avatar`,`realname` FROM `zy_admin` WHERE ( token = '' ) LIMIT 1   [ RunTime:0.0002s ]
SQL: SHOW COLUMNS FROM `zy_sms` [ RunTime:0.0012s ]
SQL: SHOW COLUMNS FROM `zy_module_extend` [ RunTime:0.0012s ]
SQL: SHOW COLUMNS FROM `zy_admin_suggest` [ RunTime:0.0013s ]
SQL: SHOW COLUMNS FROM `zy_admin_letter` [ RunTime:0.0014s ]
SQL: SHOW COLUMNS FROM `zy_register` [ RunTime:0.0017s ]
SQL: SHOW COLUMNS FROM `zy_admin_address` [ RunTime:0.0014s ]
SQL: SELECT * FROM `zy_sms` WHERE `mobile` = '15054461599' AND `code` = '8725' LIMIT 1   [ RunTime:0.0002s ]
SQL: UPDATE `zy_sms` SET `status`='2' WHERE `id` = 6527 [ RunTime:0.0002s ]

[ 2017-03-07T23:37:28+08:00 ] 192.168.0.105 /index.php?m=App&c=user&a=checkSmsCode
INFO: [ app_init ] --START--
INFO: Run Behavior\BuildLiteBehavior [ RunTime:0.000032s ]
INFO: [ app_init ] --END-- [ RunTime:0.000393s ]
INFO: [ app_begin ] --START--
INFO: Run Behavior\ReadHtmlCacheBehavior [ RunTime:0.000395s ]
INFO: [ app_begin ] --END-- [ RunTime:0.000496s ]
SQL: SHOW COLUMNS FROM `zy_admin` [ RunTime:0.0020s ]
SQL: SELECT `uid`,`username`,`token`,`avatar`,`realname` FROM `zy_admin` WHERE ( token = '' ) LIMIT 1   [ RunTime:0.0002s ]
SQL: SHOW COLUMNS FROM `zy_sms` [ RunTime:0.0012s ]
SQL: SHOW COLUMNS FROM `zy_module_extend` [ RunTime:0.0014s ]
SQL: SHOW COLUMNS FROM `zy_admin_suggest` [ RunTime:0.0012s ]
SQL: SHOW COLUMNS FROM `zy_admin_letter` [ RunTime:0.0016s ]
SQL: SHOW COLUMNS FROM `zy_register` [ RunTime:0.0016s ]
SQL: SHOW COLUMNS FROM `zy_admin_address` [ RunTime:0.0014s ]
SQL: SELECT * FROM `zy_sms` WHERE `mobile` = '15054461599' AND `code` = '8725' LIMIT 1   [ RunTime:0.0002s ]
SQL: UPDATE `zy_sms` SET `status`='2' WHERE `id` = 6527 [ RunTime:0.0001s ]

[ 2017-03-07T23:38:41+08:00 ] 192.168.0.105 /index.php?m=App&c=user&a=forgetPassword
INFO: [ app_init ] --START--
INFO: Run Behavior\BuildLiteBehavior [ RunTime:0.000022s ]
INFO: [ app_init ] --END-- [ RunTime:0.000388s ]
INFO: [ app_begin ] --START--
INFO: Run Behavior\ReadHtmlCacheBehavior [ RunTime:0.000506s ]
INFO: [ app_begin ] --END-- [ RunTime:0.000622s ]
SQL: SHOW COLUMNS FROM `zy_admin` [ RunTime:0.0018s ]
SQL: SELECT `uid`,`username`,`token`,`avatar`,`realname` FROM `zy_admin` WHERE ( token = '' ) LIMIT 1   [ RunTime:0.0002s ]
SQL: SHOW COLUMNS FROM `zy_sms` [ RunTime:0.0013s ]
SQL: SHOW COLUMNS FROM `zy_module_extend` [ RunTime:0.0014s ]
SQL: SHOW COLUMNS FROM `zy_admin_suggest` [ RunTime:0.0014s ]
SQL: SHOW COLUMNS FROM `zy_admin_letter` [ RunTime:0.0014s ]
SQL: SHOW COLUMNS FROM `zy_register` [ RunTime:0.0016s ]
SQL: SHOW COLUMNS FROM `zy_admin_address` [ RunTime:0.0014s ]
SQL: SELECT * FROM `zy_sms` WHERE `mobile` = '15054461599' AND `code` = '8725' LIMIT 1   [ RunTime:0.0002s ]
SQL: UPDATE `zy_admin` SET `password`='9434faa1aadd00bca4ca9660d59600b2',`encrypt`='Xyc8dm' WHERE `mobile` = '15054461599' [ RunTime:0.0002s ]
SQL: UPDATE `zy_sms` SET `status`='3' WHERE `id` = 6527 [ RunTime:0.0001s ]

[ 2017-03-07T23:39:31+08:00 ] 192.168.0.105 /index.php?m=App&c=user&a=forgetPassword
INFO: [ app_init ] --START--
INFO: Run Behavior\BuildLiteBehavior [ RunTime:0.000020s ]
INFO: [ app_init ] --END-- [ RunTime:0.000326s ]
INFO: [ app_begin ] --START--
INFO: Run Behavior\ReadHtmlCacheBehavior [ RunTime:0.000513s ]
INFO: [ app_begin ] --END-- [ RunTime:0.000615s ]
SQL: SHOW COLUMNS FROM `zy_admin` [ RunTime:0.0021s ]
SQL: SELECT `uid`,`username`,`token`,`avatar`,`realname` FROM `zy_admin` WHERE ( token = '' ) LIMIT 1   [ RunTime:0.0002s ]
SQL: SHOW COLUMNS FROM `zy_sms` [ RunTime:0.0012s ]
SQL: SHOW COLUMNS FROM `zy_module_extend` [ RunTime:0.0012s ]
SQL: SHOW COLUMNS FROM `zy_admin_suggest` [ RunTime:0.0013s ]
SQL: SHOW COLUMNS FROM `zy_admin_letter` [ RunTime:0.0013s ]
SQL: SHOW COLUMNS FROM `zy_register` [ RunTime:0.0016s ]
SQL: SHOW COLUMNS FROM `zy_admin_address` [ RunTime:0.0013s ]
SQL: SELECT * FROM `zy_sms` WHERE `mobile` = '15054461599' AND `code` = '8725' LIMIT 1   [ RunTime:0.0002s ]

[ 2017-03-07T23:39:33+08:00 ] 192.168.0.105 /index.php?m=App&c=user&a=forgetPassword
INFO: [ app_init ] --START--
INFO: Run Behavior\BuildLiteBehavior [ RunTime:0.000022s ]
INFO: [ app_init ] --END-- [ RunTime:0.000344s ]
INFO: [ app_begin ] --START--
INFO: Run Behavior\ReadHtmlCacheBehavior [ RunTime:0.000362s ]
INFO: [ app_begin ] --END-- [ RunTime:0.000455s ]
SQL: SHOW COLUMNS FROM `zy_admin` [ RunTime:0.0019s ]
SQL: SELECT `uid`,`username`,`token`,`avatar`,`realname` FROM `zy_admin` WHERE ( token = '' ) LIMIT 1   [ RunTime:0.0003s ]
SQL: SHOW COLUMNS FROM `zy_sms` [ RunTime:0.0019s ]
SQL: SHOW COLUMNS FROM `zy_module_extend` [ RunTime:0.0017s ]
SQL: SHOW COLUMNS FROM `zy_admin_suggest` [ RunTime:0.0018s ]
SQL: SHOW COLUMNS FROM `zy_admin_letter` [ RunTime:0.0014s ]
SQL: SHOW COLUMNS FROM `zy_register` [ RunTime:0.0024s ]
SQL: SHOW COLUMNS FROM `zy_admin_address` [ RunTime:0.0018s ]
SQL: SELECT * FROM `zy_sms` WHERE `mobile` = '15054461599' AND `code` = '8725' LIMIT 1   [ RunTime:0.0003s ]

[ 2017-03-07T23:39:44+08:00 ] 192.168.0.105 /index.php?m=App&c=user&a=forgetPassword
INFO: [ app_init ] --START--
INFO: Run Behavior\BuildLiteBehavior [ RunTime:0.000022s ]
INFO: [ app_init ] --END-- [ RunTime:0.000330s ]
INFO: [ app_begin ] --START--
INFO: Run Behavior\ReadHtmlCacheBehavior [ RunTime:0.000379s ]
INFO: [ app_begin ] --END-- [ RunTime:0.000477s ]
SQL: SHOW COLUMNS FROM `zy_admin` [ RunTime:0.0017s ]
SQL: SELECT `uid`,`username`,`token`,`avatar`,`realname` FROM `zy_admin` WHERE ( token = '' ) LIMIT 1   [ RunTime:0.0002s ]
SQL: SHOW COLUMNS FROM `zy_sms` [ RunTime:0.0013s ]
SQL: SHOW COLUMNS FROM `zy_module_extend` [ RunTime:0.0014s ]
SQL: SHOW COLUMNS FROM `zy_admin_suggest` [ RunTime:0.0012s ]
SQL: SHOW COLUMNS FROM `zy_admin_letter` [ RunTime:0.0015s ]
SQL: SHOW COLUMNS FROM `zy_register` [ RunTime:0.0016s ]
SQL: SHOW COLUMNS FROM `zy_admin_address` [ RunTime:0.0014s ]
SQL: SELECT * FROM `zy_sms` WHERE `mobile` = '15054461599' AND `code` = '2134' LIMIT 1   [ RunTime:0.0002s ]

[ 2017-03-07T23:39:45+08:00 ] 192.168.0.105 /index.php?m=App&c=user&a=forgetPassword
INFO: [ app_init ] --START--
INFO: Run Behavior\BuildLiteBehavior [ RunTime:0.000020s ]
INFO: [ app_init ] --END-- [ RunTime:0.000321s ]
INFO: [ app_begin ] --START--
INFO: Run Behavior\ReadHtmlCacheBehavior [ RunTime:0.000356s ]
INFO: [ app_begin ] --END-- [ RunTime:0.000445s ]
SQL: SHOW COLUMNS FROM `zy_admin` [ RunTime:0.0020s ]
SQL: SELECT `uid`,`username`,`token`,`avatar`,`realname` FROM `zy_admin` WHERE ( token = '' ) LIMIT 1   [ RunTime:0.0003s ]
SQL: SHOW COLUMNS FROM `zy_sms` [ RunTime:0.0019s ]
SQL: SHOW COLUMNS FROM `zy_module_extend` [ RunTime:0.0019s ]
SQL: SHOW COLUMNS FROM `zy_admin_suggest` [ RunTime:0.0017s ]
SQL: SHOW COLUMNS FROM `zy_admin_letter` [ RunTime:0.0014s ]
SQL: SHOW COLUMNS FROM `zy_register` [ RunTime:0.0016s ]
SQL: SHOW COLUMNS FROM `zy_admin_address` [ RunTime:0.0014s ]
SQL: SELECT * FROM `zy_sms` WHERE `mobile` = '15054461599' AND `code` = '2134' LIMIT 1   [ RunTime:0.0002s ]

[ 2017-03-07T23:39:57+08:00 ] 192.168.0.105 /index.php?m=App&c=user&a=login
INFO: [ app_init ] --START--
INFO: Run Behavior\BuildLiteBehavior [ RunTime:0.000020s ]
INFO: [ app_init ] --END-- [ RunTime:0.000322s ]
INFO: [ app_begin ] --START--
INFO: Run Behavior\ReadHtmlCacheBehavior [ RunTime:0.000407s ]
INFO: [ app_begin ] --END-- [ RunTime:0.000507s ]
SQL: SHOW COLUMNS FROM `zy_admin` [ RunTime:0.0018s ]
SQL: SELECT `uid`,`username`,`token`,`avatar`,`realname` FROM `zy_admin` WHERE ( token = '' ) LIMIT 1   [ RunTime:0.0002s ]
SQL: SHOW COLUMNS FROM `zy_sms` [ RunTime:0.0013s ]
SQL: SHOW COLUMNS FROM `zy_module_extend` [ RunTime:0.0013s ]
SQL: SHOW COLUMNS FROM `zy_admin_suggest` [ RunTime:0.0013s ]
SQL: SHOW COLUMNS FROM `zy_admin_letter` [ RunTime:0.0013s ]
SQL: SHOW COLUMNS FROM `zy_register` [ RunTime:0.0016s ]
SQL: SHOW COLUMNS FROM `zy_admin_address` [ RunTime:0.0014s ]
SQL: SELECT * FROM `zy_admin` WHERE `mobile` = '15054461599' LIMIT 1   [ RunTime:0.0003s ]
SQL: SELECT * FROM `zy_register` WHERE `mobile` = '15054461599' AND `is_register` = 0 LIMIT 1   [ RunTime:0.0002s ]
SQL: UPDATE `zy_admin` SET `token`='2a0e851ad4ca57d73ed3a2567be80b9f',`last_date`='1488901197',`last_ip`='192.168.0.105' WHERE `mobile` = '15054461599' [ RunTime:0.0002s ]
SQL: SELECT `uid`,`username`,`token`,`realname`,`sex`,`email`,`mobile`,`signature`,`birthday`,`reg_date`,`reg_ip`,`last_date`,`last_ip`,`update_date`,`status`,`group_id`,`avatar`,`lat`,`lon`,`province`,`county`,`district`,`city`,`town`,`jpush_registration_id`,`remark`,`user_group_id` FROM `zy_admin` WHERE `uid` = 56 LIMIT 1   [ RunTime:0.0002s ]

[ 2017-03-07T23:40:52+08:00 ] 192.168.0.105 /index.php?m=App&c=user&a=changeUserInfo
INFO: [ app_init ] --START--
INFO: Run Behavior\BuildLiteBehavior [ RunTime:0.000023s ]
INFO: [ app_init ] --END-- [ RunTime:0.000457s ]
INFO: [ app_begin ] --START--
INFO: Run Behavior\ReadHtmlCacheBehavior [ RunTime:0.000407s ]
INFO: [ app_begin ] --END-- [ RunTime:0.000495s ]
SQL: SHOW COLUMNS FROM `zy_admin` [ RunTime:0.0018s ]
SQL: SELECT `uid`,`username`,`token`,`avatar`,`realname` FROM `zy_admin` WHERE ( token = '2a0e851ad4ca57d73ed3a2567be80b9f' ) LIMIT 1   [ RunTime:0.0002s ]
SQL: SHOW COLUMNS FROM `zy_sms` [ RunTime:0.0012s ]
SQL: SHOW COLUMNS FROM `zy_module_extend` [ RunTime:0.0015s ]
SQL: SHOW COLUMNS FROM `zy_admin_suggest` [ RunTime:0.0013s ]
SQL: SHOW COLUMNS FROM `zy_admin_letter` [ RunTime:0.0013s ]
SQL: SHOW COLUMNS FROM `zy_register` [ RunTime:0.0016s ]
SQL: SHOW COLUMNS FROM `zy_admin_address` [ RunTime:0.0014s ]
SQL: UPDATE `zy_admin` SET `realname`='你好啊' WHERE `uid` = 56 [ RunTime:0.0002s ]
SQL: SELECT `uid`,`username`,`token`,`realname`,`sex`,`email`,`mobile`,`signature`,`birthday`,`reg_date`,`reg_ip`,`last_date`,`last_ip`,`update_date`,`status`,`group_id`,`avatar`,`lat`,`lon`,`province`,`county`,`district`,`city`,`town`,`jpush_registration_id`,`remark`,`user_group_id` FROM `zy_admin` WHERE `uid` = 56 LIMIT 1   [ RunTime:0.0002s ]

[ 2017-03-07T23:41:31+08:00 ] 192.168.0.105 /index.php?m=App&c=user&a=changeUserAvatar
INFO: [ app_init ] --START--
INFO: Run Behavior\BuildLiteBehavior [ RunTime:0.000021s ]
INFO: [ app_init ] --END-- [ RunTime:0.000344s ]
INFO: [ app_begin ] --START--
INFO: Run Behavior\ReadHtmlCacheBehavior [ RunTime:0.000440s ]
INFO: [ app_begin ] --END-- [ RunTime:0.000556s ]
SQL: SHOW COLUMNS FROM `zy_admin` [ RunTime:0.0023s ]
SQL: SELECT `uid`,`username`,`token`,`avatar`,`realname` FROM `zy_admin` WHERE ( token = '2a0e851ad4ca57d73ed3a2567be80b9f' ) LIMIT 1   [ RunTime:0.0004s ]
SQL: SHOW COLUMNS FROM `zy_sms` [ RunTime:0.0018s ]
SQL: SHOW COLUMNS FROM `zy_module_extend` [ RunTime:0.0017s ]
SQL: SHOW COLUMNS FROM `zy_admin_suggest` [ RunTime:0.0014s ]
SQL: SHOW COLUMNS FROM `zy_admin_letter` [ RunTime:0.0013s ]
SQL: SHOW COLUMNS FROM `zy_register` [ RunTime:0.0016s ]
SQL: SHOW COLUMNS FROM `zy_admin_address` [ RunTime:0.0015s ]
INFO: [ view_parse ] --START--
INFO: [ template_filter ] --START--
INFO: Run Behavior\ContentReplaceBehavior [ RunTime:0.000191s ]
INFO: [ template_filter ] --END-- [ RunTime:0.000521s ]
INFO: Run Behavior\ParseTemplateBehavior [ RunTime:0.025635s ]
INFO: [ view_parse ] --END-- [ RunTime:0.025964s ]
INFO: [ view_filter ] --START--
INFO: Run Behavior\WriteHtmlCacheBehavior [ RunTime:0.001189s ]
INFO: [ view_filter ] --END-- [ RunTime:0.001564s ]

[ 2017-03-07T23:42:19+08:00 ] 192.168.0.105 /index.php?m=App&c=user&a=changeUserAvatar
INFO: [ app_init ] --START--
INFO: Run Behavior\BuildLiteBehavior [ RunTime:0.000020s ]
INFO: [ app_init ] --END-- [ RunTime:0.000338s ]
INFO: [ app_begin ] --START--
INFO: Run Behavior\ReadHtmlCacheBehavior [ RunTime:0.000365s ]
INFO: [ app_begin ] --END-- [ RunTime:0.000453s ]
SQL: SHOW COLUMNS FROM `zy_admin` [ RunTime:0.0024s ]
SQL: SELECT `uid`,`username`,`token`,`avatar`,`realname` FROM `zy_admin` WHERE ( token = '2a0e851ad4ca57d73ed3a2567be80b9f' ) LIMIT 1   [ RunTime:0.0002s ]
SQL: SHOW COLUMNS FROM `zy_sms` [ RunTime:0.0017s ]
SQL: SHOW COLUMNS FROM `zy_module_extend` [ RunTime:0.0016s ]
SQL: SHOW COLUMNS FROM `zy_admin_suggest` [ RunTime:0.0014s ]
SQL: SHOW COLUMNS FROM `zy_admin_letter` [ RunTime:0.0015s ]
SQL: SHOW COLUMNS FROM `zy_register` [ RunTime:0.0017s ]
SQL: SHOW COLUMNS FROM `zy_admin_address` [ RunTime:0.0015s ]
INFO: [ view_parse ] --START--
INFO: [ template_filter ] --START--
INFO: Run Behavior\ContentReplaceBehavior [ RunTime:0.000074s ]
INFO: [ template_filter ] --END-- [ RunTime:0.000216s ]
INFO: Run Behavior\ParseTemplateBehavior [ RunTime:0.005177s ]
INFO: [ view_parse ] --END-- [ RunTime:0.005275s ]
INFO: [ view_filter ] --START--
INFO: Run Behavior\WriteHtmlCacheBehavior [ RunTime:0.000244s ]
INFO: [ view_filter ] --END-- [ RunTime:0.000316s ]

[ 2017-03-07T23:47:23+08:00 ] 192.168.0.105 /index.php?m=App&c=user&a=changeUserAvatar
INFO: [ app_init ] --START--
INFO: Run Behavior\BuildLiteBehavior [ RunTime:0.000023s ]
INFO: [ app_init ] --END-- [ RunTime:0.000378s ]
INFO: [ app_begin ] --START--
INFO: Run Behavior\ReadHtmlCacheBehavior [ RunTime:0.000444s ]
INFO: [ app_begin ] --END-- [ RunTime:0.000553s ]
SQL: SHOW COLUMNS FROM `zy_admin` [ RunTime:0.0019s ]
SQL: SELECT `uid`,`username`,`token`,`avatar`,`realname` FROM `zy_admin` WHERE ( token = '2a0e851ad4ca57d73ed3a2567be80b9f' ) LIMIT 1   [ RunTime:0.0002s ]
SQL: SHOW COLUMNS FROM `zy_sms` [ RunTime:0.0013s ]
SQL: SHOW COLUMNS FROM `zy_module_extend` [ RunTime:0.0014s ]
SQL: SHOW COLUMNS FROM `zy_admin_suggest` [ RunTime:0.0013s ]
SQL: SHOW COLUMNS FROM `zy_admin_letter` [ RunTime:0.0015s ]
SQL: SHOW COLUMNS FROM `zy_register` [ RunTime:0.0017s ]
SQL: SHOW COLUMNS FROM `zy_admin_address` [ RunTime:0.0015s ]

[ 2017-03-07T23:48:16+08:00 ] 192.168.0.105 /index.php?m=App&c=user&a=changeUserAvatar
INFO: [ app_init ] --START--
INFO: Run Behavior\BuildLiteBehavior [ RunTime:0.000051s ]
INFO: [ app_init ] --END-- [ RunTime:0.000492s ]
INFO: [ app_begin ] --START--
INFO: Run Behavior\ReadHtmlCacheBehavior [ RunTime:0.000361s ]
INFO: [ app_begin ] --END-- [ RunTime:0.000454s ]
SQL: SHOW COLUMNS FROM `zy_admin` [ RunTime:0.0019s ]
SQL: SELECT `uid`,`username`,`token`,`avatar`,`realname` FROM `zy_admin` WHERE ( token = '2a0e851ad4ca57d73ed3a2567be80b9f' ) LIMIT 1   [ RunTime:0.0003s ]
SQL: SHOW COLUMNS FROM `zy_sms` [ RunTime:0.0014s ]
SQL: SHOW COLUMNS FROM `zy_module_extend` [ RunTime:0.0015s ]
SQL: SHOW COLUMNS FROM `zy_admin_suggest` [ RunTime:0.0014s ]
SQL: SHOW COLUMNS FROM `zy_admin_letter` [ RunTime:0.0015s ]
SQL: SHOW COLUMNS FROM `zy_register` [ RunTime:0.0019s ]
SQL: SHOW COLUMNS FROM `zy_admin_address` [ RunTime:0.0015s ]

[ 2017-03-07T23:48:27+08:00 ] 192.168.0.105 /index.php?m=App&c=user&a=changeUserAvatar
INFO: [ app_init ] --START--
INFO: Run Behavior\BuildLiteBehavior [ RunTime:0.000030s ]
INFO: [ app_init ] --END-- [ RunTime:0.000497s ]
INFO: [ app_begin ] --START--
INFO: Run Behavior\ReadHtmlCacheBehavior [ RunTime:0.000392s ]
INFO: [ app_begin ] --END-- [ RunTime:0.000529s ]
SQL: SHOW COLUMNS FROM `zy_admin` [ RunTime:0.0020s ]
SQL: SELECT `uid`,`username`,`token`,`avatar`,`realname` FROM `zy_admin` WHERE ( token = '2a0e851ad4ca57d73ed3a2567be80b9f' ) LIMIT 1   [ RunTime:0.0002s ]
SQL: SHOW COLUMNS FROM `zy_sms` [ RunTime:0.0014s ]
SQL: SHOW COLUMNS FROM `zy_module_extend` [ RunTime:0.0016s ]
SQL: SHOW COLUMNS FROM `zy_admin_suggest` [ RunTime:0.0015s ]
SQL: SHOW COLUMNS FROM `zy_admin_letter` [ RunTime:0.0014s ]
SQL: SHOW COLUMNS FROM `zy_register` [ RunTime:0.0018s ]
SQL: SHOW COLUMNS FROM `zy_admin_address` [ RunTime:0.0015s ]

[ 2017-03-07T23:48:32+08:00 ] 192.168.0.105 /index.php?m=App&c=user&a=changeUserAvatar
INFO: [ app_init ] --START--
INFO: Run Behavior\BuildLiteBehavior [ RunTime:0.000024s ]
INFO: [ app_init ] --END-- [ RunTime:0.000359s ]
INFO: [ app_begin ] --START--
INFO: Run Behavior\ReadHtmlCacheBehavior [ RunTime:0.000365s ]
INFO: [ app_begin ] --END-- [ RunTime:0.000461s ]
SQL: SHOW COLUMNS FROM `zy_admin` [ RunTime:0.0019s ]
SQL: SELECT `uid`,`username`,`token`,`avatar`,`realname` FROM `zy_admin` WHERE ( token = '2a0e851ad4ca57d73ed3a2567be80b9f' ) LIMIT 1   [ RunTime:0.0002s ]
SQL: SHOW COLUMNS FROM `zy_sms` [ RunTime:0.0015s ]
SQL: SHOW COLUMNS FROM `zy_module_extend` [ RunTime:0.0014s ]
SQL: SHOW COLUMNS FROM `zy_admin_suggest` [ RunTime:0.0015s ]
SQL: SHOW COLUMNS FROM `zy_admin_letter` [ RunTime:0.0015s ]
SQL: SHOW COLUMNS FROM `zy_register` [ RunTime:0.0017s ]
SQL: SHOW COLUMNS FROM `zy_admin_address` [ RunTime:0.0015s ]

[ 2017-03-07T23:48:33+08:00 ] 192.168.0.105 /index.php?m=App&c=user&a=changeUserAvatar
INFO: [ app_init ] --START--
INFO: Run Behavior\BuildLiteBehavior [ RunTime:0.000018s ]
INFO: [ app_init ] --END-- [ RunTime:0.000361s ]
INFO: [ app_begin ] --START--
INFO: Run Behavior\ReadHtmlCacheBehavior [ RunTime:0.000332s ]
INFO: [ app_begin ] --END-- [ RunTime:0.000429s ]
SQL: SHOW COLUMNS FROM `zy_admin` [ RunTime:0.0018s ]
SQL: SELECT `uid`,`username`,`token`,`avatar`,`realname` FROM `zy_admin` WHERE ( token = '2a0e851ad4ca57d73ed3a2567be80b9f' ) LIMIT 1   [ RunTime:0.0002s ]
SQL: SHOW COLUMNS FROM `zy_sms` [ RunTime:0.0013s ]
SQL: SHOW COLUMNS FROM `zy_module_extend` [ RunTime:0.0014s ]
SQL: SHOW COLUMNS FROM `zy_admin_suggest` [ RunTime:0.0013s ]
SQL: SHOW COLUMNS FROM `zy_admin_letter` [ RunTime:0.0014s ]
SQL: SHOW COLUMNS FROM `zy_register` [ RunTime:0.0016s ]
SQL: SHOW COLUMNS FROM `zy_admin_address` [ RunTime:0.0014s ]

[ 2017-03-07T23:48:34+08:00 ] 192.168.0.105 /index.php?m=App&c=user&a=changeUserAvatar
INFO: [ app_init ] --START--
INFO: Run Behavior\BuildLiteBehavior [ RunTime:0.000019s ]
INFO: [ app_init ] --END-- [ RunTime:0.000318s ]
INFO: [ app_begin ] --START--
INFO: Run Behavior\ReadHtmlCacheBehavior [ RunTime:0.000360s ]
INFO: [ app_begin ] --END-- [ RunTime:0.000461s ]
SQL: SHOW COLUMNS FROM `zy_admin` [ RunTime:0.0018s ]
SQL: SELECT `uid`,`username`,`token`,`avatar`,`realname` FROM `zy_admin` WHERE ( token = '2a0e851ad4ca57d73ed3a2567be80b9f' ) LIMIT 1   [ RunTime:0.0002s ]
SQL: SHOW COLUMNS FROM `zy_sms` [ RunTime:0.0012s ]
SQL: SHOW COLUMNS FROM `zy_module_extend` [ RunTime:0.0012s ]
SQL: SHOW COLUMNS FROM `zy_admin_suggest` [ RunTime:0.0013s ]
SQL: SHOW COLUMNS FROM `zy_admin_letter` [ RunTime:0.0013s ]
SQL: SHOW COLUMNS FROM `zy_register` [ RunTime:0.0018s ]
SQL: SHOW COLUMNS FROM `zy_admin_address` [ RunTime:0.0016s ]

[ 2017-03-07T23:54:03+08:00 ] 192.168.0.105 /index.php?m=App&c=user&a=changeUserAvatar
INFO: [ app_init ] --START--
INFO: Run Behavior\BuildLiteBehavior [ RunTime:0.000035s ]
INFO: [ app_init ] --END-- [ RunTime:0.000476s ]
INFO: [ app_begin ] --START--
INFO: Run Behavior\ReadHtmlCacheBehavior [ RunTime:0.000450s ]
INFO: [ app_begin ] --END-- [ RunTime:0.000581s ]
SQL: SHOW COLUMNS FROM `zy_admin` [ RunTime:0.0018s ]
SQL: SELECT `uid`,`username`,`token`,`avatar`,`realname` FROM `zy_admin` WHERE ( token = '2a0e851ad4ca57d73ed3a2567be80b9f' ) LIMIT 1   [ RunTime:0.0003s ]
SQL: SHOW COLUMNS FROM `zy_sms` [ RunTime:0.0014s ]
SQL: SHOW COLUMNS FROM `zy_module_extend` [ RunTime:0.0015s ]
SQL: SHOW COLUMNS FROM `zy_admin_suggest` [ RunTime:0.0013s ]
SQL: SHOW COLUMNS FROM `zy_admin_letter` [ RunTime:0.0014s ]
SQL: SHOW COLUMNS FROM `zy_register` [ RunTime:0.0017s ]
SQL: SHOW COLUMNS FROM `zy_admin_address` [ RunTime:0.0016s ]

[ 2017-03-07T23:54:04+08:00 ] 192.168.0.105 /index.php?m=App&c=user&a=changeUserAvatar
INFO: [ app_init ] --START--
INFO: Run Behavior\BuildLiteBehavior [ RunTime:0.000022s ]
INFO: [ app_init ] --END-- [ RunTime:0.000377s ]
INFO: [ app_begin ] --START--
INFO: Run Behavior\ReadHtmlCacheBehavior [ RunTime:0.000360s ]
INFO: [ app_begin ] --END-- [ RunTime:0.000449s ]
SQL: SHOW COLUMNS FROM `zy_admin` [ RunTime:0.0018s ]
SQL: SELECT `uid`,`username`,`token`,`avatar`,`realname` FROM `zy_admin` WHERE ( token = '2a0e851ad4ca57d73ed3a2567be80b9f' ) LIMIT 1   [ RunTime:0.0002s ]
SQL: SHOW COLUMNS FROM `zy_sms` [ RunTime:0.0013s ]
SQL: SHOW COLUMNS FROM `zy_module_extend` [ RunTime:0.0014s ]
SQL: SHOW COLUMNS FROM `zy_admin_suggest` [ RunTime:0.0014s ]
SQL: SHOW COLUMNS FROM `zy_admin_letter` [ RunTime:0.0014s ]
SQL: SHOW COLUMNS FROM `zy_register` [ RunTime:0.0017s ]
SQL: SHOW COLUMNS FROM `zy_admin_address` [ RunTime:0.0017s ]

[ 2017-03-07T23:54:05+08:00 ] 192.168.0.105 /index.php?m=App&c=user&a=changeUserAvatar
INFO: [ app_init ] --START--
INFO: Run Behavior\BuildLiteBehavior [ RunTime:0.000020s ]
INFO: [ app_init ] --END-- [ RunTime:0.000321s ]
INFO: [ app_begin ] --START--
INFO: Run Behavior\ReadHtmlCacheBehavior [ RunTime:0.000366s ]
INFO: [ app_begin ] --END-- [ RunTime:0.000531s ]
SQL: SHOW COLUMNS FROM `zy_admin` [ RunTime:0.0017s ]
SQL: SELECT `uid`,`username`,`token`,`avatar`,`realname` FROM `zy_admin` WHERE ( token = '2a0e851ad4ca57d73ed3a2567be80b9f' ) LIMIT 1   [ RunTime:0.0002s ]
SQL: SHOW COLUMNS FROM `zy_sms` [ RunTime:0.0012s ]
SQL: SHOW COLUMNS FROM `zy_module_extend` [ RunTime:0.0013s ]
SQL: SHOW COLUMNS FROM `zy_admin_suggest` [ RunTime:0.0016s ]
SQL: SHOW COLUMNS FROM `zy_admin_letter` [ RunTime:0.0015s ]
SQL: SHOW COLUMNS FROM `zy_register` [ RunTime:0.0017s ]
SQL: SHOW COLUMNS FROM `zy_admin_address` [ RunTime:0.0015s ]

[ 2017-03-07T23:54:06+08:00 ] 192.168.0.105 /index.php?m=App&c=user&a=changeUserAvatar
INFO: [ app_init ] --START--
INFO: Run Behavior\BuildLiteBehavior [ RunTime:0.000021s ]
INFO: [ app_init ] --END-- [ RunTime:0.000359s ]
INFO: [ app_begin ] --START--
INFO: Run Behavior\ReadHtmlCacheBehavior [ RunTime:0.000359s ]
INFO: [ app_begin ] --END-- [ RunTime:0.000446s ]
SQL: SHOW COLUMNS FROM `zy_admin` [ RunTime:0.0022s ]
SQL: SELECT `uid`,`username`,`token`,`avatar`,`realname` FROM `zy_admin` WHERE ( token = '2a0e851ad4ca57d73ed3a2567be80b9f' ) LIMIT 1   [ RunTime:0.0002s ]
SQL: SHOW COLUMNS FROM `zy_sms` [ RunTime:0.0015s ]
SQL: SHOW COLUMNS FROM `zy_module_extend` [ RunTime:0.0016s ]
SQL: SHOW COLUMNS FROM `zy_admin_suggest` [ RunTime:0.0014s ]
SQL: SHOW COLUMNS FROM `zy_admin_letter` [ RunTime:0.0014s ]
SQL: SHOW COLUMNS FROM `zy_register` [ RunTime:0.0015s ]
SQL: SHOW COLUMNS FROM `zy_admin_address` [ RunTime:0.0014s ]

[ 2017-03-07T23:54:34+08:00 ] 192.168.0.105 /index.php?m=App&c=user&a=changeUserAvatar
INFO: [ app_init ] --START--
INFO: Run Behavior\BuildLiteBehavior [ RunTime:0.000021s ]
INFO: [ app_init ] --END-- [ RunTime:0.000337s ]
INFO: [ app_begin ] --START--
INFO: Run Behavior\ReadHtmlCacheBehavior [ RunTime:0.000500s ]
INFO: [ app_begin ] --END-- [ RunTime:0.000722s ]
SQL: SHOW COLUMNS FROM `zy_admin` [ RunTime:0.0018s ]
SQL: SELECT `uid`,`username`,`token`,`avatar`,`realname` FROM `zy_admin` WHERE ( token = '2a0e851ad4ca57d73ed3a2567be80b9f' ) LIMIT 1   [ RunTime:0.0002s ]
SQL: SHOW COLUMNS FROM `zy_sms` [ RunTime:0.0014s ]
SQL: SHOW COLUMNS FROM `zy_module_extend` [ RunTime:0.0014s ]
SQL: SHOW COLUMNS FROM `zy_admin_suggest` [ RunTime:0.0014s ]
SQL: SHOW COLUMNS FROM `zy_admin_letter` [ RunTime:0.0013s ]
SQL: SHOW COLUMNS FROM `zy_register` [ RunTime:0.0016s ]
SQL: SHOW COLUMNS FROM `zy_admin_address` [ RunTime:0.0015s ]
INFO: [ view_parse ] --START--
INFO: [ template_filter ] --START--
INFO: Run Behavior\ContentReplaceBehavior [ RunTime:0.000053s ]
INFO: [ template_filter ] --END-- [ RunTime:0.000145s ]
INFO: Run Behavior\ParseTemplateBehavior [ RunTime:0.004894s ]
INFO: [ view_parse ] --END-- [ RunTime:0.004987s ]
INFO: [ view_filter ] --START--
INFO: Run Behavior\WriteHtmlCacheBehavior [ RunTime:0.000253s ]
INFO: [ view_filter ] --END-- [ RunTime:0.000325s ]

[ 2017-03-07T23:56:34+08:00 ] 192.168.0.105 /index.php?m=App&c=user&a=changeUserAvatar
INFO: [ app_init ] --START--
INFO: Run Behavior\BuildLiteBehavior [ RunTime:0.000019s ]
INFO: [ app_init ] --END-- [ RunTime:0.000350s ]
INFO: [ app_begin ] --START--
INFO: Run Behavior\ReadHtmlCacheBehavior [ RunTime:0.000399s ]
INFO: [ app_begin ] --END-- [ RunTime:0.000487s ]
SQL: SHOW COLUMNS FROM `zy_admin` [ RunTime:0.0020s ]
SQL: SELECT `uid`,`username`,`token`,`avatar`,`realname` FROM `zy_admin` WHERE ( token = '2a0e851ad4ca57d73ed3a2567be80b9f' ) LIMIT 1   [ RunTime:0.0002s ]
SQL: SHOW COLUMNS FROM `zy_sms` [ RunTime:0.0012s ]
SQL: SHOW COLUMNS FROM `zy_module_extend` [ RunTime:0.0013s ]
SQL: SHOW COLUMNS FROM `zy_admin_suggest` [ RunTime:0.0013s ]
SQL: SHOW COLUMNS FROM `zy_admin_letter` [ RunTime:0.0014s ]
SQL: SHOW COLUMNS FROM `zy_register` [ RunTime:0.0015s ]
SQL: SHOW COLUMNS FROM `zy_admin_address` [ RunTime:0.0015s ]
NOTIC: [2] call_user_func() expects parameter 1 to be a valid callback, no array or string given E:\wamp\www\zhangyu_admin\ThinkPHP\Library\Think\Upload.class.php 第 170 行.
SQL: UPDATE `zy_admin` SET `avatar`='http://127.0.0.1/Uploads/2017-03-07/58bed83245dcc.jpg' WHERE `uid` = 56 [ RunTime:0.0003s ]

[ 2017-03-07T23:57:32+08:00 ] 192.168.0.105 /index.php?m=App&c=user&a=addressAdd
INFO: [ app_init ] --START--
INFO: Run Behavior\BuildLiteBehavior [ RunTime:0.000022s ]
INFO: [ app_init ] --END-- [ RunTime:0.000362s ]
INFO: [ app_begin ] --START--
INFO: Run Behavior\ReadHtmlCacheBehavior [ RunTime:0.000441s ]
INFO: [ app_begin ] --END-- [ RunTime:0.000537s ]
SQL: SHOW COLUMNS FROM `zy_admin` [ RunTime:0.0021s ]
SQL: SELECT `uid`,`username`,`token`,`avatar`,`realname` FROM `zy_admin` WHERE ( token = '2a0e851ad4ca57d73ed3a2567be80b9f' ) LIMIT 1   [ RunTime:0.0003s ]
SQL: SHOW COLUMNS FROM `zy_sms` [ RunTime:0.0014s ]
SQL: SHOW COLUMNS FROM `zy_module_extend` [ RunTime:0.0014s ]
SQL: SHOW COLUMNS FROM `zy_admin_suggest` [ RunTime:0.0014s ]
SQL: SHOW COLUMNS FROM `zy_admin_letter` [ RunTime:0.0014s ]
SQL: SHOW COLUMNS FROM `zy_register` [ RunTime:0.0017s ]
SQL: SHOW COLUMNS FROM `zy_admin_address` [ RunTime:0.0015s ]
SQL: SELECT COUNT(*) AS tp_count FROM `zy_admin_address` WHERE `uid` = 56 LIMIT 1   [ RunTime:0.0002s ]
SQL: INSERT INTO `zy_admin_address` (`uid`,`consignee`,`mobile`,`company`,`province`,`city`,`county`,`address`,`zipcode`,`is_default`) VALUES ('56','王111','15934721341','公司','山东省','潍坊市','县','青东村','210200','1') [ RunTime:0.0757s ]

[ 2017-03-07T23:57:40+08:00 ] 192.168.0.105 /index.php?m=App&c=user&a=addressAdd
INFO: [ app_init ] --START--
INFO: Run Behavior\BuildLiteBehavior [ RunTime:0.000024s ]
INFO: [ app_init ] --END-- [ RunTime:0.000457s ]
INFO: [ app_begin ] --START--
INFO: Run Behavior\ReadHtmlCacheBehavior [ RunTime:0.000371s ]
INFO: [ app_begin ] --END-- [ RunTime:0.000463s ]
SQL: SHOW COLUMNS FROM `zy_admin` [ RunTime:0.0018s ]
SQL: SELECT `uid`,`username`,`token`,`avatar`,`realname` FROM `zy_admin` WHERE ( token = '2a0e851ad4ca57d73ed3a2567be80b9f' ) LIMIT 1   [ RunTime:0.0003s ]
SQL: SHOW COLUMNS FROM `zy_sms` [ RunTime:0.0013s ]
SQL: SHOW COLUMNS FROM `zy_module_extend` [ RunTime:0.0015s ]
SQL: SHOW COLUMNS FROM `zy_admin_suggest` [ RunTime:0.0014s ]
SQL: SHOW COLUMNS FROM `zy_admin_letter` [ RunTime:0.0013s ]
SQL: SHOW COLUMNS FROM `zy_register` [ RunTime:0.0015s ]
SQL: SHOW COLUMNS FROM `zy_admin_address` [ RunTime:0.0016s ]
SQL: SELECT COUNT(*) AS tp_count FROM `zy_admin_address` WHERE `uid` = 56 LIMIT 1   [ RunTime:0.0002s ]

[ 2017-03-07T23:57:41+08:00 ] 192.168.0.105 /index.php?m=App&c=user&a=addressAdd
INFO: [ app_init ] --START--
INFO: Run Behavior\BuildLiteBehavior [ RunTime:0.000033s ]
INFO: [ app_init ] --END-- [ RunTime:0.000491s ]
INFO: [ app_begin ] --START--
INFO: Run Behavior\ReadHtmlCacheBehavior [ RunTime:0.000546s ]
INFO: [ app_begin ] --END-- [ RunTime:0.000695s ]
SQL: SHOW COLUMNS FROM `zy_admin` [ RunTime:0.0021s ]
SQL: SELECT `uid`,`username`,`token`,`avatar`,`realname` FROM `zy_admin` WHERE ( token = '2a0e851ad4ca57d73ed3a2567be80b9f' ) LIMIT 1   [ RunTime:0.0002s ]
SQL: SHOW COLUMNS FROM `zy_sms` [ RunTime:0.0021s ]
SQL: SHOW COLUMNS FROM `zy_module_extend` [ RunTime:0.0016s ]
SQL: SHOW COLUMNS FROM `zy_admin_suggest` [ RunTime:0.0018s ]
SQL: SHOW COLUMNS FROM `zy_admin_letter` [ RunTime:0.0018s ]
SQL: SHOW COLUMNS FROM `zy_register` [ RunTime:0.0018s ]
SQL: SHOW COLUMNS FROM `zy_admin_address` [ RunTime:0.0017s ]
SQL: SELECT COUNT(*) AS tp_count FROM `zy_admin_address` WHERE `uid` = 56 LIMIT 1   [ RunTime:0.0003s ]

[ 2017-03-07T23:57:42+08:00 ] 192.168.0.105 /index.php?m=App&c=user&a=addressAdd
INFO: [ app_init ] --START--
INFO: Run Behavior\BuildLiteBehavior [ RunTime:0.000020s ]
INFO: [ app_init ] --END-- [ RunTime:0.000321s ]
INFO: [ app_begin ] --START--
INFO: Run Behavior\ReadHtmlCacheBehavior [ RunTime:0.000359s ]
INFO: [ app_begin ] --END-- [ RunTime:0.000449s ]
SQL: SHOW COLUMNS FROM `zy_admin` [ RunTime:0.0018s ]
SQL: SELECT `uid`,`username`,`token`,`avatar`,`realname` FROM `zy_admin` WHERE ( token = '2a0e851ad4ca57d73ed3a2567be80b9f' ) LIMIT 1   [ RunTime:0.0002s ]
SQL: SHOW COLUMNS FROM `zy_sms` [ RunTime:0.0014s ]
SQL: SHOW COLUMNS FROM `zy_module_extend` [ RunTime:0.0013s ]
SQL: SHOW COLUMNS FROM `zy_admin_suggest` [ RunTime:0.0014s ]
SQL: SHOW COLUMNS FROM `zy_admin_letter` [ RunTime:0.0015s ]
SQL: SHOW COLUMNS FROM `zy_register` [ RunTime:0.0017s ]
SQL: SHOW COLUMNS FROM `zy_admin_address` [ RunTime:0.0014s ]
SQL: SELECT COUNT(*) AS tp_count FROM `zy_admin_address` WHERE `uid` = 56 LIMIT 1   [ RunTime:0.0002s ]

[ 2017-03-07T23:58:24+08:00 ] 192.168.0.105 /index.php?m=App&c=user&a=userAddressList
INFO: [ app_init ] --START--
INFO: Run Behavior\BuildLiteBehavior [ RunTime:0.000019s ]
INFO: [ app_init ] --END-- [ RunTime:0.000330s ]
INFO: [ app_begin ] --START--
INFO: Run Behavior\ReadHtmlCacheBehavior [ RunTime:0.000352s ]
INFO: [ app_begin ] --END-- [ RunTime:0.000440s ]
SQL: SHOW COLUMNS FROM `zy_admin` [ RunTime:0.0018s ]
SQL: SELECT `uid`,`username`,`token`,`avatar`,`realname` FROM `zy_admin` WHERE ( token = '2a0e851ad4ca57d73ed3a2567be80b9f' ) LIMIT 1   [ RunTime:0.0002s ]
SQL: SHOW COLUMNS FROM `zy_sms` [ RunTime:0.0016s ]
SQL: SHOW COLUMNS FROM `zy_module_extend` [ RunTime:0.0018s ]
SQL: SHOW COLUMNS FROM `zy_admin_suggest` [ RunTime:0.0017s ]
SQL: SHOW COLUMNS FROM `zy_admin_letter` [ RunTime:0.0015s ]
SQL: SHOW COLUMNS FROM `zy_register` [ RunTime:0.0018s ]
SQL: SHOW COLUMNS FROM `zy_admin_address` [ RunTime:0.0015s ]
SQL: SELECT * FROM `zy_admin_address` WHERE `uid` = 56 LIMIT 1   [ RunTime:0.0002s ]

[ 2017-03-07T23:59:03+08:00 ] 192.168.0.105 /index.php?m=App&c=user&a=userAddressEdit
INFO: [ app_init ] --START--
INFO: Run Behavior\BuildLiteBehavior [ RunTime:0.000049s ]
INFO: [ app_init ] --END-- [ RunTime:0.000573s ]
INFO: [ app_begin ] --START--
INFO: Run Behavior\ReadHtmlCacheBehavior [ RunTime:0.000555s ]
INFO: [ app_begin ] --END-- [ RunTime:0.000681s ]
SQL: SHOW COLUMNS FROM `zy_admin` [ RunTime:0.0017s ]
SQL: SELECT `uid`,`username`,`token`,`avatar`,`realname` FROM `zy_admin` WHERE ( token = '2a0e851ad4ca57d73ed3a2567be80b9f' ) LIMIT 1   [ RunTime:0.0002s ]
SQL: SHOW COLUMNS FROM `zy_sms` [ RunTime:0.0012s ]
SQL: SHOW COLUMNS FROM `zy_module_extend` [ RunTime:0.0012s ]
SQL: SHOW COLUMNS FROM `zy_admin_suggest` [ RunTime:0.0013s ]
SQL: SHOW COLUMNS FROM `zy_admin_letter` [ RunTime:0.0013s ]
SQL: SHOW COLUMNS FROM `zy_register` [ RunTime:0.0019s ]
SQL: SHOW COLUMNS FROM `zy_admin_address` [ RunTime:0.0016s ]
SQL: UPDATE `zy_admin_address` SET `uid`='56',`address_id`='14',`consignee`='王鑫鑫',`mobile`='15934721341',`company`='公司',`province`='山东省',`city`='潍坊市',`county`='',`address`='青东村',`zipcode`='210200' WHERE `uid` = 56 AND `address_id` = 14 [ RunTime:0.0878s ]

[ 2017-03-07T23:59:52+08:00 ] 192.168.0.105 /index.php?m=App&c=goods&a=goodsAdd
INFO: [ app_init ] --START--
INFO: Run Behavior\BuildLiteBehavior [ RunTime:0.000033s ]
INFO: [ app_init ] --END-- [ RunTime:0.000537s ]
INFO: [ app_begin ] --START--
INFO: Run Behavior\ReadHtmlCacheBehavior [ RunTime:0.000480s ]
INFO: [ app_begin ] --END-- [ RunTime:0.000607s ]
SQL: SHOW COLUMNS FROM `zy_admin` [ RunTime:0.0018s ]
SQL: SELECT `uid`,`username`,`token`,`avatar`,`realname` FROM `zy_admin` WHERE ( token = '2a0e851ad4ca57d73ed3a2567be80b9f' ) LIMIT 1   [ RunTime:0.0002s ]
SQL: SHOW COLUMNS FROM `zy_goods` [ RunTime:0.0014s ]
NOTIC: [2] call_user_func() expects parameter 1 to be a valid callback, no array or string given E:\wamp\www\zhangyu_admin\ThinkPHP\Library\Think\Upload.class.php 第 170 行.
SQL: INSERT INTO `zy_goods` (`uid`,`goods_original_img`,`goods_name`,`goods_sn`,`goods_remark`,`goods_update_time`,`goods_ontime`,`is_on_sale`,`is_commit`) VALUES ('56','http://127.0.0.1/Uploads/2017-03-07/58bed8f7e6361.jpg','航拍','12341234','sdflksa','1488902391','1488902391','1','1') [ RunTime:0.0827s ]
NOTIC: [8] Undefined variable: thump E:\wamp\www\zhangyu_admin\Application\App\Controller\GoodsController.class.php 第 87 行.

