[ 2017-03-08T00:00:12+08:00 ] 192.168.0.105 /index.php?m=App&c=goods&a=getGoodsLists
INFO: [ app_init ] --START--
INFO: Run Behavior\BuildLiteBehavior [ RunTime:0.000032s ]
INFO: [ app_init ] --END-- [ RunTime:0.000571s ]
INFO: [ app_begin ] --START--
INFO: Run Behavior\ReadHtmlCacheBehavior [ RunTime:0.000671s ]
INFO: [ app_begin ] --END-- [ RunTime:0.000775s ]
SQL: SHOW COLUMNS FROM `zy_admin` [ RunTime:0.0019s ]
SQL: SELECT `uid`,`username`,`token`,`avatar`,`realname` FROM `zy_admin` WHERE ( token = 'c8116e08431d4f376faeb2d5ee35bcbe' ) LIMIT 1   [ RunTime:0.0003s ]
SQL: SHOW COLUMNS FROM `zy_goods` [ RunTime:0.0015s ]
NOTIC: [8] Undefined index: pageSize E:\wamp\www\zhangyu_admin\Application\App\Controller\GoodsController.class.php 第 21 行.
NOTIC: [8] Undefined index: pageNum E:\wamp\www\zhangyu_admin\Application\App\Controller\GoodsController.class.php 第 22 行.
SQL: SELECT `goods_id`,`goods_name`,`goods_remark`,`goods_original_img`,`goods_sn` FROM `zy_goods` WHERE `uid` = 46 AND `is_on_sale` = 1 AND `is_commit` = 1 ORDER BY goods_id desc LIMIT 0,20   [ RunTime:0.0003s ]
NOTIC: [8] Undefined variable: goodsList E:\wamp\www\zhangyu_admin\Application\App\Controller\GoodsController.class.php 第 36 行.

[ 2017-03-08T00:00:23+08:00 ] 192.168.0.105 /index.php?m=App&c=goods&a=getGoodsLists
INFO: [ app_init ] --START--
INFO: Run Behavior\BuildLiteBehavior [ RunTime:0.000021s ]
INFO: [ app_init ] --END-- [ RunTime:0.000330s ]
INFO: [ app_begin ] --START--
INFO: Run Behavior\ReadHtmlCacheBehavior [ RunTime:0.000360s ]
INFO: [ app_begin ] --END-- [ RunTime:0.000451s ]
SQL: SHOW COLUMNS FROM `zy_admin` [ RunTime:0.0022s ]
SQL: SELECT `uid`,`username`,`token`,`avatar`,`realname` FROM `zy_admin` WHERE ( token = '2a0e851ad4ca57d73ed3a2567be80b9f' ) LIMIT 1   [ RunTime:0.0002s ]
SQL: SHOW COLUMNS FROM `zy_goods` [ RunTime:0.0014s ]
NOTIC: [8] Undefined index: pageSize E:\wamp\www\zhangyu_admin\Application\App\Controller\GoodsController.class.php 第 21 行.
NOTIC: [8] Undefined index: pageNum E:\wamp\www\zhangyu_admin\Application\App\Controller\GoodsController.class.php 第 22 行.
SQL: SELECT `goods_id`,`goods_name`,`goods_remark`,`goods_original_img`,`goods_sn` FROM `zy_goods` WHERE `uid` = 56 AND `is_on_sale` = 1 AND `is_commit` = 1 ORDER BY goods_id desc LIMIT 0,20   [ RunTime:0.0003s ]
NOTIC: [8] Undefined variable: goodsList E:\wamp\www\zhangyu_admin\Application\App\Controller\GoodsController.class.php 第 36 行.

[ 2017-03-08T00:00:25+08:00 ] 192.168.0.105 /index.php?m=App&c=goods&a=getGoodsLists
INFO: [ app_init ] --START--
INFO: Run Behavior\BuildLiteBehavior [ RunTime:0.000028s ]
INFO: [ app_init ] --END-- [ RunTime:0.000463s ]
INFO: [ app_begin ] --START--
INFO: Run Behavior\ReadHtmlCacheBehavior [ RunTime:0.000656s ]
INFO: [ app_begin ] --END-- [ RunTime:0.000789s ]
SQL: SHOW COLUMNS FROM `zy_admin` [ RunTime:0.0020s ]
SQL: SELECT `uid`,`username`,`token`,`avatar`,`realname` FROM `zy_admin` WHERE ( token = '2a0e851ad4ca57d73ed3a2567be80b9f' ) LIMIT 1   [ RunTime:0.0002s ]
SQL: SHOW COLUMNS FROM `zy_goods` [ RunTime:0.0014s ]
NOTIC: [8] Undefined index: pageSize E:\wamp\www\zhangyu_admin\Application\App\Controller\GoodsController.class.php 第 21 行.
NOTIC: [8] Undefined index: pageNum E:\wamp\www\zhangyu_admin\Application\App\Controller\GoodsController.class.php 第 22 行.
SQL: SELECT `goods_id`,`goods_name`,`goods_remark`,`goods_original_img`,`goods_sn` FROM `zy_goods` WHERE `uid` = 56 AND `is_on_sale` = 1 AND `is_commit` = 1 ORDER BY goods_id desc LIMIT 0,20   [ RunTime:0.0003s ]
NOTIC: [8] Undefined variable: goodsList E:\wamp\www\zhangyu_admin\Application\App\Controller\GoodsController.class.php 第 36 行.

[ 2017-03-08T00:00:26+08:00 ] 192.168.0.105 /index.php?m=App&c=goods&a=getGoodsLists
INFO: [ app_init ] --START--
INFO: Run Behavior\BuildLiteBehavior [ RunTime:0.000022s ]
INFO: [ app_init ] --END-- [ RunTime:0.000325s ]
INFO: [ app_begin ] --START--
INFO: Run Behavior\ReadHtmlCacheBehavior [ RunTime:0.000355s ]
INFO: [ app_begin ] --END-- [ RunTime:0.000443s ]
SQL: SHOW COLUMNS FROM `zy_admin` [ RunTime:0.0021s ]
SQL: SELECT `uid`,`username`,`token`,`avatar`,`realname` FROM `zy_admin` WHERE ( token = '2a0e851ad4ca57d73ed3a2567be80b9f' ) LIMIT 1   [ RunTime:0.0002s ]
SQL: SHOW COLUMNS FROM `zy_goods` [ RunTime:0.0014s ]
NOTIC: [8] Undefined index: pageSize E:\wamp\www\zhangyu_admin\Application\App\Controller\GoodsController.class.php 第 21 行.
NOTIC: [8] Undefined index: pageNum E:\wamp\www\zhangyu_admin\Application\App\Controller\GoodsController.class.php 第 22 行.
SQL: SELECT `goods_id`,`goods_name`,`goods_remark`,`goods_original_img`,`goods_sn` FROM `zy_goods` WHERE `uid` = 56 AND `is_on_sale` = 1 AND `is_commit` = 1 ORDER BY goods_id desc LIMIT 0,20   [ RunTime:0.0002s ]
NOTIC: [8] Undefined variable: goodsList E:\wamp\www\zhangyu_admin\Application\App\Controller\GoodsController.class.php 第 36 行.

[ 2017-03-08T00:00:27+08:00 ] 192.168.0.105 /index.php?m=App&c=goods&a=getGoodsLists
INFO: [ app_init ] --START--
INFO: Run Behavior\BuildLiteBehavior [ RunTime:0.000020s ]
INFO: [ app_init ] --END-- [ RunTime:0.000316s ]
INFO: [ app_begin ] --START--
INFO: Run Behavior\ReadHtmlCacheBehavior [ RunTime:0.000614s ]
INFO: [ app_begin ] --END-- [ RunTime:0.000714s ]
SQL: SHOW COLUMNS FROM `zy_admin` [ RunTime:0.0025s ]
SQL: SELECT `uid`,`username`,`token`,`avatar`,`realname` FROM `zy_admin` WHERE ( token = '2a0e851ad4ca57d73ed3a2567be80b9f' ) LIMIT 1   [ RunTime:0.0003s ]
SQL: SHOW COLUMNS FROM `zy_goods` [ RunTime:0.0016s ]
NOTIC: [8] Undefined index: pageSize E:\wamp\www\zhangyu_admin\Application\App\Controller\GoodsController.class.php 第 21 行.
NOTIC: [8] Undefined index: pageNum E:\wamp\www\zhangyu_admin\Application\App\Controller\GoodsController.class.php 第 22 行.
SQL: SELECT `goods_id`,`goods_name`,`goods_remark`,`goods_original_img`,`goods_sn` FROM `zy_goods` WHERE `uid` = 56 AND `is_on_sale` = 1 AND `is_commit` = 1 ORDER BY goods_id desc LIMIT 0,20   [ RunTime:0.0003s ]
NOTIC: [8] Undefined variable: goodsList E:\wamp\www\zhangyu_admin\Application\App\Controller\GoodsController.class.php 第 36 行.

[ 2017-03-08T00:01:45+08:00 ] 192.168.0.105 /index.php?m=App&c=goods&a=getGoodsLists
INFO: [ app_init ] --START--
INFO: Run Behavior\BuildLiteBehavior [ RunTime:0.000022s ]
INFO: [ app_init ] --END-- [ RunTime:0.000356s ]
INFO: [ app_begin ] --START--
INFO: Run Behavior\ReadHtmlCacheBehavior [ RunTime:0.000479s ]
INFO: [ app_begin ] --END-- [ RunTime:0.000585s ]
SQL: SHOW COLUMNS FROM `zy_admin` [ RunTime:0.0021s ]
SQL: SELECT `uid`,`username`,`token`,`avatar`,`realname` FROM `zy_admin` WHERE ( token = '2a0e851ad4ca57d73ed3a2567be80b9f' ) LIMIT 1   [ RunTime:0.0003s ]
SQL: SHOW COLUMNS FROM `zy_goods` [ RunTime:0.0016s ]
NOTIC: [8] Undefined index: pageSize E:\wamp\www\zhangyu_admin\Application\App\Controller\GoodsController.class.php 第 21 行.
NOTIC: [8] Undefined index: pageNum E:\wamp\www\zhangyu_admin\Application\App\Controller\GoodsController.class.php 第 22 行.
SQL: SELECT `goods_id`,`goods_name`,`goods_remark`,`goods_original_img`,`goods_sn` FROM `zy_goods` WHERE `uid` = 56 AND `is_on_sale` = 1 AND `is_commit` = 1 ORDER BY goods_id desc LIMIT 0,20   [ RunTime:0.0004s ]
NOTIC: [8] Undefined variable: goodsList E:\wamp\www\zhangyu_admin\Application\App\Controller\GoodsController.class.php 第 36 行.

[ 2017-03-08T00:05:23+08:00 ] 192.168.0.105 /index.php?m=App&c=goods&a=getGoodsLists
INFO: [ app_init ] --START--
INFO: Run Behavior\BuildLiteBehavior [ RunTime:0.000033s ]
INFO: [ app_init ] --END-- [ RunTime:0.000427s ]
INFO: [ app_begin ] --START--
INFO: Run Behavior\ReadHtmlCacheBehavior [ RunTime:0.000432s ]
INFO: [ app_begin ] --END-- [ RunTime:0.000526s ]
SQL: SHOW COLUMNS FROM `zy_admin` [ RunTime:0.0018s ]
SQL: SELECT `uid`,`username`,`token`,`avatar`,`realname` FROM `zy_admin` WHERE ( token = '2a0e851ad4ca57d73ed3a2567be80b9f' ) LIMIT 1   [ RunTime:0.0002s ]
SQL: SHOW COLUMNS FROM `zy_goods` [ RunTime:0.0013s ]
SQL: SELECT `goods_id`,`goods_name`,`goods_remark`,`goods_original_img`,`goods_sn` FROM `zy_goods` WHERE `uid` = 56 AND `is_on_sale` = 1 AND `is_commit` = 1 ORDER BY goods_id desc LIMIT 0,1   [ RunTime:0.0002s ]
NOTIC: [8] Undefined variable: goodsList E:\wamp\www\zhangyu_admin\Application\App\Controller\GoodsController.class.php 第 36 行.

[ 2017-03-08T00:06:46+08:00 ] 192.168.0.105 /index.php?m=App&c=goods&a=getGoodsLists
INFO: [ app_init ] --START--
INFO: Run Behavior\BuildLiteBehavior [ RunTime:0.000022s ]
INFO: [ app_init ] --END-- [ RunTime:0.000338s ]
INFO: [ app_begin ] --START--
INFO: Run Behavior\ReadHtmlCacheBehavior [ RunTime:0.000356s ]
INFO: [ app_begin ] --END-- [ RunTime:0.000444s ]
SQL: SHOW COLUMNS FROM `zy_admin` [ RunTime:0.0018s ]
SQL: SELECT `uid`,`username`,`token`,`avatar`,`realname` FROM `zy_admin` WHERE ( token = '2a0e851ad4ca57d73ed3a2567be80b9f' ) LIMIT 1   [ RunTime:0.0002s ]
SQL: SHOW COLUMNS FROM `zy_goods` [ RunTime:0.0015s ]
SQL: SELECT `goods_id`,`goods_name`,`goods_remark`,`goods_original_img`,`goods_sn` FROM `zy_goods` WHERE `uid` = 56 AND `is_on_sale` = 1 AND `is_commit` = 1 ORDER BY goods_id desc LIMIT 2,2   [ RunTime:0.0003s ]
NOTIC: [8] Undefined variable: goodsList E:\wamp\www\zhangyu_admin\Application\App\Controller\GoodsController.class.php 第 36 行.

[ 2017-03-08T00:06:48+08:00 ] 192.168.0.105 /index.php?m=App&c=goods&a=getGoodsLists
INFO: [ app_init ] --START--
INFO: Run Behavior\BuildLiteBehavior [ RunTime:0.000034s ]
INFO: [ app_init ] --END-- [ RunTime:0.000381s ]
INFO: [ app_begin ] --START--
INFO: Run Behavior\ReadHtmlCacheBehavior [ RunTime:0.000399s ]
INFO: [ app_begin ] --END-- [ RunTime:0.000499s ]
SQL: SHOW COLUMNS FROM `zy_admin` [ RunTime:0.0018s ]
SQL: SELECT `uid`,`username`,`token`,`avatar`,`realname` FROM `zy_admin` WHERE ( token = '2a0e851ad4ca57d73ed3a2567be80b9f' ) LIMIT 1   [ RunTime:0.0002s ]
SQL: SHOW COLUMNS FROM `zy_goods` [ RunTime:0.0016s ]
SQL: SELECT `goods_id`,`goods_name`,`goods_remark`,`goods_original_img`,`goods_sn` FROM `zy_goods` WHERE `uid` = 56 AND `is_on_sale` = 1 AND `is_commit` = 1 ORDER BY goods_id desc LIMIT 2,2   [ RunTime:0.0003s ]
NOTIC: [8] Undefined variable: goodsList E:\wamp\www\zhangyu_admin\Application\App\Controller\GoodsController.class.php 第 36 行.

[ 2017-03-08T00:08:02+08:00 ] 192.168.0.105 /index.php?m=App&c=goods&a=getGoodsLists
INFO: [ app_init ] --START--
INFO: Run Behavior\BuildLiteBehavior [ RunTime:0.000050s ]
INFO: [ app_init ] --END-- [ RunTime:0.000441s ]
INFO: [ app_begin ] --START--
INFO: Run Behavior\ReadHtmlCacheBehavior [ RunTime:0.000553s ]
INFO: [ app_begin ] --END-- [ RunTime:0.000689s ]
SQL: SHOW COLUMNS FROM `zy_admin` [ RunTime:0.0020s ]
SQL: SELECT `uid`,`username`,`token`,`avatar`,`realname` FROM `zy_admin` WHERE ( token = '2a0e851ad4ca57d73ed3a2567be80b9f' ) LIMIT 1   [ RunTime:0.0003s ]
SQL: SHOW COLUMNS FROM `zy_goods` [ RunTime:0.0022s ]
SQL: SELECT `goods_id`,`goods_name`,`goods_remark`,`goods_original_img`,`goods_sn` FROM `zy_goods` WHERE `uid` = 56 AND `is_on_sale` = 1 AND `is_commit` = 1 ORDER BY goods_id desc LIMIT 2,2   [ RunTime:0.0003s ]

[ 2017-03-08T00:08:03+08:00 ] 192.168.0.105 /index.php?m=App&c=goods&a=getGoodsLists
INFO: [ app_init ] --START--
INFO: Run Behavior\BuildLiteBehavior [ RunTime:0.000021s ]
INFO: [ app_init ] --END-- [ RunTime:0.000339s ]
INFO: [ app_begin ] --START--
INFO: Run Behavior\ReadHtmlCacheBehavior [ RunTime:0.000354s ]
INFO: [ app_begin ] --END-- [ RunTime:0.000441s ]
SQL: SHOW COLUMNS FROM `zy_admin` [ RunTime:0.0020s ]
SQL: SELECT `uid`,`username`,`token`,`avatar`,`realname` FROM `zy_admin` WHERE ( token = '2a0e851ad4ca57d73ed3a2567be80b9f' ) LIMIT 1   [ RunTime:0.0003s ]
SQL: SHOW COLUMNS FROM `zy_goods` [ RunTime:0.0017s ]
SQL: SELECT `goods_id`,`goods_name`,`goods_remark`,`goods_original_img`,`goods_sn` FROM `zy_goods` WHERE `uid` = 56 AND `is_on_sale` = 1 AND `is_commit` = 1 ORDER BY goods_id desc LIMIT 2,2   [ RunTime:0.0003s ]

[ 2017-03-08T00:08:04+08:00 ] 192.168.0.105 /index.php?m=App&c=goods&a=getGoodsLists
INFO: [ app_init ] --START--
INFO: Run Behavior\BuildLiteBehavior [ RunTime:0.000021s ]
INFO: [ app_init ] --END-- [ RunTime:0.000318s ]
INFO: [ app_begin ] --START--
INFO: Run Behavior\ReadHtmlCacheBehavior [ RunTime:0.000357s ]
INFO: [ app_begin ] --END-- [ RunTime:0.000444s ]
SQL: SHOW COLUMNS FROM `zy_admin` [ RunTime:0.0017s ]
SQL: SELECT `uid`,`username`,`token`,`avatar`,`realname` FROM `zy_admin` WHERE ( token = '2a0e851ad4ca57d73ed3a2567be80b9f' ) LIMIT 1   [ RunTime:0.0002s ]
SQL: SHOW COLUMNS FROM `zy_goods` [ RunTime:0.0013s ]
SQL: SELECT `goods_id`,`goods_name`,`goods_remark`,`goods_original_img`,`goods_sn` FROM `zy_goods` WHERE `uid` = 56 AND `is_on_sale` = 1 AND `is_commit` = 1 ORDER BY goods_id desc LIMIT 2,2   [ RunTime:0.0002s ]

[ 2017-03-08T00:09:26+08:00 ] 192.168.0.105 /index.php?m=App&c=goods&a=getGoodsLists
INFO: [ app_init ] --START--
INFO: Run Behavior\BuildLiteBehavior [ RunTime:0.000043s ]
INFO: [ app_init ] --END-- [ RunTime:0.000636s ]
INFO: [ app_begin ] --START--
INFO: Run Behavior\ReadHtmlCacheBehavior [ RunTime:0.000387s ]
INFO: [ app_begin ] --END-- [ RunTime:0.000486s ]
SQL: SHOW COLUMNS FROM `zy_admin` [ RunTime:0.0019s ]
SQL: SELECT `uid`,`username`,`token`,`avatar`,`realname` FROM `zy_admin` WHERE ( token = '2a0e851ad4ca57d73ed3a2567be80b9f' ) LIMIT 1   [ RunTime:0.0002s ]
SQL: SHOW COLUMNS FROM `zy_goods` [ RunTime:0.0014s ]
SQL: SELECT `goods_id`,`goods_name`,`goods_remark`,`goods_original_img`,`goods_sn` FROM `zy_goods` WHERE `uid` = 56 AND `is_on_sale` = 1 AND `is_commit` = 1 ORDER BY goods_id desc LIMIT 2,2   [ RunTime:0.0002s ]

[ 2017-03-08T00:09:35+08:00 ] 192.168.0.105 /index.php?m=App&c=goods&a=getGoodsLists
INFO: [ app_init ] --START--
INFO: Run Behavior\BuildLiteBehavior [ RunTime:0.000022s ]
INFO: [ app_init ] --END-- [ RunTime:0.000333s ]
INFO: [ app_begin ] --START--
INFO: Run Behavior\ReadHtmlCacheBehavior [ RunTime:0.000356s ]
INFO: [ app_begin ] --END-- [ RunTime:0.000443s ]
SQL: SHOW COLUMNS FROM `zy_admin` [ RunTime:0.0020s ]
SQL: SELECT `uid`,`username`,`token`,`avatar`,`realname` FROM `zy_admin` WHERE ( token = '2a0e851ad4ca57d73ed3a2567be80b9f' ) LIMIT 1   [ RunTime:0.0003s ]
SQL: SHOW COLUMNS FROM `zy_goods` [ RunTime:0.0016s ]
SQL: SELECT `goods_id`,`goods_name`,`goods_remark`,`goods_original_img`,`goods_sn` FROM `zy_goods` WHERE `uid` = 56 AND `is_on_sale` = 1 AND `is_commit` = 1 ORDER BY goods_id desc LIMIT 25,5   [ RunTime:0.0003s ]

[ 2017-03-08T00:09:37+08:00 ] 192.168.0.105 /index.php?m=App&c=goods&a=getGoodsLists
INFO: [ app_init ] --START--
INFO: Run Behavior\BuildLiteBehavior [ RunTime:0.000036s ]
INFO: [ app_init ] --END-- [ RunTime:0.000550s ]
INFO: [ app_begin ] --START--
INFO: Run Behavior\ReadHtmlCacheBehavior [ RunTime:0.000613s ]
INFO: [ app_begin ] --END-- [ RunTime:0.000786s ]
SQL: SHOW COLUMNS FROM `zy_admin` [ RunTime:0.0023s ]
SQL: SELECT `uid`,`username`,`token`,`avatar`,`realname` FROM `zy_admin` WHERE ( token = '2a0e851ad4ca57d73ed3a2567be80b9f' ) LIMIT 1   [ RunTime:0.0004s ]
SQL: SHOW COLUMNS FROM `zy_goods` [ RunTime:0.0017s ]
SQL: SELECT `goods_id`,`goods_name`,`goods_remark`,`goods_original_img`,`goods_sn` FROM `zy_goods` WHERE `uid` = 56 AND `is_on_sale` = 1 AND `is_commit` = 1 ORDER BY goods_id desc LIMIT 25,5   [ RunTime:0.0002s ]

[ 2017-03-08T00:09:37+08:00 ] 192.168.0.105 /index.php?m=App&c=goods&a=getGoodsLists
INFO: [ app_init ] --START--
INFO: Run Behavior\BuildLiteBehavior [ RunTime:0.000021s ]
INFO: [ app_init ] --END-- [ RunTime:0.000319s ]
INFO: [ app_begin ] --START--
INFO: Run Behavior\ReadHtmlCacheBehavior [ RunTime:0.000357s ]
INFO: [ app_begin ] --END-- [ RunTime:0.000445s ]
SQL: SHOW COLUMNS FROM `zy_admin` [ RunTime:0.0019s ]
SQL: SELECT `uid`,`username`,`token`,`avatar`,`realname` FROM `zy_admin` WHERE ( token = '2a0e851ad4ca57d73ed3a2567be80b9f' ) LIMIT 1   [ RunTime:0.0002s ]
SQL: SHOW COLUMNS FROM `zy_goods` [ RunTime:0.0016s ]
SQL: SELECT `goods_id`,`goods_name`,`goods_remark`,`goods_original_img`,`goods_sn` FROM `zy_goods` WHERE `uid` = 56 AND `is_on_sale` = 1 AND `is_commit` = 1 ORDER BY goods_id desc LIMIT 25,5   [ RunTime:0.0003s ]

[ 2017-03-08T00:09:37+08:00 ] 192.168.0.105 /index.php?m=App&c=goods&a=getGoodsLists
INFO: [ app_init ] --START--
INFO: Run Behavior\BuildLiteBehavior [ RunTime:0.000021s ]
INFO: [ app_init ] --END-- [ RunTime:0.000342s ]
INFO: [ app_begin ] --START--
INFO: Run Behavior\ReadHtmlCacheBehavior [ RunTime:0.000394s ]
INFO: [ app_begin ] --END-- [ RunTime:0.000497s ]
SQL: SHOW COLUMNS FROM `zy_admin` [ RunTime:0.0016s ]
SQL: SELECT `uid`,`username`,`token`,`avatar`,`realname` FROM `zy_admin` WHERE ( token = '2a0e851ad4ca57d73ed3a2567be80b9f' ) LIMIT 1   [ RunTime:0.0002s ]
SQL: SHOW COLUMNS FROM `zy_goods` [ RunTime:0.0014s ]
SQL: SELECT `goods_id`,`goods_name`,`goods_remark`,`goods_original_img`,`goods_sn` FROM `zy_goods` WHERE `uid` = 56 AND `is_on_sale` = 1 AND `is_commit` = 1 ORDER BY goods_id desc LIMIT 25,5   [ RunTime:0.0002s ]

[ 2017-03-08T00:09:37+08:00 ] 192.168.0.105 /index.php?m=App&c=goods&a=getGoodsLists
INFO: [ app_init ] --START--
INFO: Run Behavior\BuildLiteBehavior [ RunTime:0.000021s ]
INFO: [ app_init ] --END-- [ RunTime:0.000329s ]
INFO: [ app_begin ] --START--
INFO: Run Behavior\ReadHtmlCacheBehavior [ RunTime:0.000410s ]
INFO: [ app_begin ] --END-- [ RunTime:0.000497s ]
SQL: SHOW COLUMNS FROM `zy_admin` [ RunTime:0.0026s ]
SQL: SELECT `uid`,`username`,`token`,`avatar`,`realname` FROM `zy_admin` WHERE ( token = '2a0e851ad4ca57d73ed3a2567be80b9f' ) LIMIT 1   [ RunTime:0.0003s ]
SQL: SHOW COLUMNS FROM `zy_goods` [ RunTime:0.0019s ]
SQL: SELECT `goods_id`,`goods_name`,`goods_remark`,`goods_original_img`,`goods_sn` FROM `zy_goods` WHERE `uid` = 56 AND `is_on_sale` = 1 AND `is_commit` = 1 ORDER BY goods_id desc LIMIT 25,5   [ RunTime:0.0003s ]

[ 2017-03-08T00:09:38+08:00 ] 192.168.0.105 /index.php?m=App&c=goods&a=getGoodsLists
INFO: [ app_init ] --START--
INFO: Run Behavior\BuildLiteBehavior [ RunTime:0.000020s ]
INFO: [ app_init ] --END-- [ RunTime:0.000332s ]
INFO: [ app_begin ] --START--
INFO: Run Behavior\ReadHtmlCacheBehavior [ RunTime:0.000778s ]
INFO: [ app_begin ] --END-- [ RunTime:0.000984s ]
SQL: SHOW COLUMNS FROM `zy_admin` [ RunTime:0.0023s ]
SQL: SELECT `uid`,`username`,`token`,`avatar`,`realname` FROM `zy_admin` WHERE ( token = '2a0e851ad4ca57d73ed3a2567be80b9f' ) LIMIT 1   [ RunTime:0.0003s ]
SQL: SHOW COLUMNS FROM `zy_goods` [ RunTime:0.0017s ]
SQL: SELECT `goods_id`,`goods_name`,`goods_remark`,`goods_original_img`,`goods_sn` FROM `zy_goods` WHERE `uid` = 56 AND `is_on_sale` = 1 AND `is_commit` = 1 ORDER BY goods_id desc LIMIT 25,5   [ RunTime:0.0004s ]

[ 2017-03-08T00:09:38+08:00 ] 192.168.0.105 /index.php?m=App&c=goods&a=getGoodsLists
INFO: [ app_init ] --START--
INFO: Run Behavior\BuildLiteBehavior [ RunTime:0.000031s ]
INFO: [ app_init ] --END-- [ RunTime:0.000341s ]
INFO: [ app_begin ] --START--
INFO: Run Behavior\ReadHtmlCacheBehavior [ RunTime:0.000398s ]
INFO: [ app_begin ] --END-- [ RunTime:0.000495s ]
SQL: SHOW COLUMNS FROM `zy_admin` [ RunTime:0.0021s ]
SQL: SELECT `uid`,`username`,`token`,`avatar`,`realname` FROM `zy_admin` WHERE ( token = '2a0e851ad4ca57d73ed3a2567be80b9f' ) LIMIT 1   [ RunTime:0.0002s ]
SQL: SHOW COLUMNS FROM `zy_goods` [ RunTime:0.0015s ]
SQL: SELECT `goods_id`,`goods_name`,`goods_remark`,`goods_original_img`,`goods_sn` FROM `zy_goods` WHERE `uid` = 56 AND `is_on_sale` = 1 AND `is_commit` = 1 ORDER BY goods_id desc LIMIT 25,5   [ RunTime:0.0003s ]

[ 2017-03-08T00:09:38+08:00 ] 192.168.0.105 /index.php?m=App&c=goods&a=getGoodsLists
INFO: [ app_init ] --START--
INFO: Run Behavior\BuildLiteBehavior [ RunTime:0.000019s ]
INFO: [ app_init ] --END-- [ RunTime:0.000299s ]
INFO: [ app_begin ] --START--
INFO: Run Behavior\ReadHtmlCacheBehavior [ RunTime:0.000351s ]
INFO: [ app_begin ] --END-- [ RunTime:0.000443s ]
SQL: SHOW COLUMNS FROM `zy_admin` [ RunTime:0.0019s ]
SQL: SELECT `uid`,`username`,`token`,`avatar`,`realname` FROM `zy_admin` WHERE ( token = '2a0e851ad4ca57d73ed3a2567be80b9f' ) LIMIT 1   [ RunTime:0.0002s ]
SQL: SHOW COLUMNS FROM `zy_goods` [ RunTime:0.0015s ]
SQL: SELECT `goods_id`,`goods_name`,`goods_remark`,`goods_original_img`,`goods_sn` FROM `zy_goods` WHERE `uid` = 56 AND `is_on_sale` = 1 AND `is_commit` = 1 ORDER BY goods_id desc LIMIT 25,5   [ RunTime:0.0003s ]

[ 2017-03-08T00:09:38+08:00 ] 192.168.0.105 /index.php?m=App&c=goods&a=getGoodsLists
INFO: [ app_init ] --START--
INFO: Run Behavior\BuildLiteBehavior [ RunTime:0.000088s ]
INFO: [ app_init ] --END-- [ RunTime:0.000576s ]
INFO: [ app_begin ] --START--
INFO: Run Behavior\ReadHtmlCacheBehavior [ RunTime:0.000358s ]
INFO: [ app_begin ] --END-- [ RunTime:0.000443s ]
SQL: SHOW COLUMNS FROM `zy_admin` [ RunTime:0.0018s ]
SQL: SELECT `uid`,`username`,`token`,`avatar`,`realname` FROM `zy_admin` WHERE ( token = '2a0e851ad4ca57d73ed3a2567be80b9f' ) LIMIT 1   [ RunTime:0.0002s ]
SQL: SHOW COLUMNS FROM `zy_goods` [ RunTime:0.0014s ]
SQL: SELECT `goods_id`,`goods_name`,`goods_remark`,`goods_original_img`,`goods_sn` FROM `zy_goods` WHERE `uid` = 56 AND `is_on_sale` = 1 AND `is_commit` = 1 ORDER BY goods_id desc LIMIT 25,5   [ RunTime:0.0002s ]

[ 2017-03-08T00:09:38+08:00 ] 192.168.0.105 /index.php?m=App&c=goods&a=getGoodsLists
INFO: [ app_init ] --START--
INFO: Run Behavior\BuildLiteBehavior [ RunTime:0.000020s ]
INFO: [ app_init ] --END-- [ RunTime:0.000320s ]
INFO: [ app_begin ] --START--
INFO: Run Behavior\ReadHtmlCacheBehavior [ RunTime:0.000365s ]
INFO: [ app_begin ] --END-- [ RunTime:0.000452s ]
SQL: SHOW COLUMNS FROM `zy_admin` [ RunTime:0.0017s ]
SQL: SELECT `uid`,`username`,`token`,`avatar`,`realname` FROM `zy_admin` WHERE ( token = '2a0e851ad4ca57d73ed3a2567be80b9f' ) LIMIT 1   [ RunTime:0.0002s ]
SQL: SHOW COLUMNS FROM `zy_goods` [ RunTime:0.0013s ]
SQL: SELECT `goods_id`,`goods_name`,`goods_remark`,`goods_original_img`,`goods_sn` FROM `zy_goods` WHERE `uid` = 56 AND `is_on_sale` = 1 AND `is_commit` = 1 ORDER BY goods_id desc LIMIT 25,5   [ RunTime:0.0003s ]

[ 2017-03-08T00:09:39+08:00 ] 192.168.0.105 /index.php?m=App&c=goods&a=getGoodsLists
INFO: [ app_init ] --START--
INFO: Run Behavior\BuildLiteBehavior [ RunTime:0.000023s ]
INFO: [ app_init ] --END-- [ RunTime:0.000345s ]
INFO: [ app_begin ] --START--
INFO: Run Behavior\ReadHtmlCacheBehavior [ RunTime:0.000416s ]
INFO: [ app_begin ] --END-- [ RunTime:0.000532s ]
SQL: SHOW COLUMNS FROM `zy_admin` [ RunTime:0.0020s ]
SQL: SELECT `uid`,`username`,`token`,`avatar`,`realname` FROM `zy_admin` WHERE ( token = '2a0e851ad4ca57d73ed3a2567be80b9f' ) LIMIT 1   [ RunTime:0.0002s ]
SQL: SHOW COLUMNS FROM `zy_goods` [ RunTime:0.0021s ]
SQL: SELECT `goods_id`,`goods_name`,`goods_remark`,`goods_original_img`,`goods_sn` FROM `zy_goods` WHERE `uid` = 56 AND `is_on_sale` = 1 AND `is_commit` = 1 ORDER BY goods_id desc LIMIT 25,5   [ RunTime:0.0003s ]

[ 2017-03-08T00:09:39+08:00 ] 192.168.0.105 /index.php?m=App&c=goods&a=getGoodsLists
INFO: [ app_init ] --START--
INFO: Run Behavior\BuildLiteBehavior [ RunTime:0.000020s ]
INFO: [ app_init ] --END-- [ RunTime:0.000337s ]
INFO: [ app_begin ] --START--
INFO: Run Behavior\ReadHtmlCacheBehavior [ RunTime:0.000463s ]
INFO: [ app_begin ] --END-- [ RunTime:0.000552s ]
SQL: SHOW COLUMNS FROM `zy_admin` [ RunTime:0.0020s ]
SQL: SELECT `uid`,`username`,`token`,`avatar`,`realname` FROM `zy_admin` WHERE ( token = '2a0e851ad4ca57d73ed3a2567be80b9f' ) LIMIT 1   [ RunTime:0.0002s ]
SQL: SHOW COLUMNS FROM `zy_goods` [ RunTime:0.0023s ]
SQL: SELECT `goods_id`,`goods_name`,`goods_remark`,`goods_original_img`,`goods_sn` FROM `zy_goods` WHERE `uid` = 56 AND `is_on_sale` = 1 AND `is_commit` = 1 ORDER BY goods_id desc LIMIT 25,5   [ RunTime:0.0003s ]

[ 2017-03-08T00:09:39+08:00 ] 192.168.0.105 /index.php?m=App&c=goods&a=getGoodsLists
INFO: [ app_init ] --START--
INFO: Run Behavior\BuildLiteBehavior [ RunTime:0.000022s ]
INFO: [ app_init ] --END-- [ RunTime:0.000331s ]
INFO: [ app_begin ] --START--
INFO: Run Behavior\ReadHtmlCacheBehavior [ RunTime:0.000431s ]
INFO: [ app_begin ] --END-- [ RunTime:0.000530s ]
SQL: SHOW COLUMNS FROM `zy_admin` [ RunTime:0.0017s ]
SQL: SELECT `uid`,`username`,`token`,`avatar`,`realname` FROM `zy_admin` WHERE ( token = '2a0e851ad4ca57d73ed3a2567be80b9f' ) LIMIT 1   [ RunTime:0.0002s ]
SQL: SHOW COLUMNS FROM `zy_goods` [ RunTime:0.0015s ]
SQL: SELECT `goods_id`,`goods_name`,`goods_remark`,`goods_original_img`,`goods_sn` FROM `zy_goods` WHERE `uid` = 56 AND `is_on_sale` = 1 AND `is_commit` = 1 ORDER BY goods_id desc LIMIT 25,5   [ RunTime:0.0002s ]

[ 2017-03-08T00:09:39+08:00 ] 192.168.0.105 /index.php?m=App&c=goods&a=getGoodsLists
INFO: [ app_init ] --START--
INFO: Run Behavior\BuildLiteBehavior [ RunTime:0.000022s ]
INFO: [ app_init ] --END-- [ RunTime:0.000352s ]
INFO: [ app_begin ] --START--
INFO: Run Behavior\ReadHtmlCacheBehavior [ RunTime:0.000391s ]
INFO: [ app_begin ] --END-- [ RunTime:0.000482s ]
SQL: SHOW COLUMNS FROM `zy_admin` [ RunTime:0.0019s ]
SQL: SELECT `uid`,`username`,`token`,`avatar`,`realname` FROM `zy_admin` WHERE ( token = '2a0e851ad4ca57d73ed3a2567be80b9f' ) LIMIT 1   [ RunTime:0.0002s ]
SQL: SHOW COLUMNS FROM `zy_goods` [ RunTime:0.0015s ]
SQL: SELECT `goods_id`,`goods_name`,`goods_remark`,`goods_original_img`,`goods_sn` FROM `zy_goods` WHERE `uid` = 56 AND `is_on_sale` = 1 AND `is_commit` = 1 ORDER BY goods_id desc LIMIT 25,5   [ RunTime:0.0002s ]

[ 2017-03-08T00:09:40+08:00 ] 192.168.0.105 /index.php?m=App&c=goods&a=getGoodsLists
INFO: [ app_init ] --START--
INFO: Run Behavior\BuildLiteBehavior [ RunTime:0.000041s ]
INFO: [ app_init ] --END-- [ RunTime:0.000563s ]
INFO: [ app_begin ] --START--
INFO: Run Behavior\ReadHtmlCacheBehavior [ RunTime:0.000430s ]
INFO: [ app_begin ] --END-- [ RunTime:0.000545s ]
SQL: SHOW COLUMNS FROM `zy_admin` [ RunTime:0.0021s ]
SQL: SELECT `uid`,`username`,`token`,`avatar`,`realname` FROM `zy_admin` WHERE ( token = '2a0e851ad4ca57d73ed3a2567be80b9f' ) LIMIT 1   [ RunTime:0.0003s ]
SQL: SHOW COLUMNS FROM `zy_goods` [ RunTime:0.0016s ]
SQL: SELECT `goods_id`,`goods_name`,`goods_remark`,`goods_original_img`,`goods_sn` FROM `zy_goods` WHERE `uid` = 56 AND `is_on_sale` = 1 AND `is_commit` = 1 ORDER BY goods_id desc LIMIT 25,5   [ RunTime:0.0002s ]

[ 2017-03-08T00:09:40+08:00 ] 192.168.0.105 /index.php?m=App&c=goods&a=getGoodsLists
INFO: [ app_init ] --START--
INFO: Run Behavior\BuildLiteBehavior [ RunTime:0.000048s ]
INFO: [ app_init ] --END-- [ RunTime:0.000686s ]
INFO: [ app_begin ] --START--
INFO: Run Behavior\ReadHtmlCacheBehavior [ RunTime:0.000632s ]
INFO: [ app_begin ] --END-- [ RunTime:0.000810s ]
SQL: SHOW COLUMNS FROM `zy_admin` [ RunTime:0.0018s ]
SQL: SELECT `uid`,`username`,`token`,`avatar`,`realname` FROM `zy_admin` WHERE ( token = '2a0e851ad4ca57d73ed3a2567be80b9f' ) LIMIT 1   [ RunTime:0.0002s ]
SQL: SHOW COLUMNS FROM `zy_goods` [ RunTime:0.0013s ]
SQL: SELECT `goods_id`,`goods_name`,`goods_remark`,`goods_original_img`,`goods_sn` FROM `zy_goods` WHERE `uid` = 56 AND `is_on_sale` = 1 AND `is_commit` = 1 ORDER BY goods_id desc LIMIT 25,5   [ RunTime:0.0002s ]

[ 2017-03-08T00:09:40+08:00 ] 192.168.0.105 /index.php?m=App&c=goods&a=getGoodsLists
INFO: [ app_init ] --START--
INFO: Run Behavior\BuildLiteBehavior [ RunTime:0.000021s ]
INFO: [ app_init ] --END-- [ RunTime:0.000319s ]
INFO: [ app_begin ] --START--
INFO: Run Behavior\ReadHtmlCacheBehavior [ RunTime:0.000504s ]
INFO: [ app_begin ] --END-- [ RunTime:0.000655s ]
SQL: SHOW COLUMNS FROM `zy_admin` [ RunTime:0.0017s ]
SQL: SELECT `uid`,`username`,`token`,`avatar`,`realname` FROM `zy_admin` WHERE ( token = '2a0e851ad4ca57d73ed3a2567be80b9f' ) LIMIT 1   [ RunTime:0.0002s ]
SQL: SHOW COLUMNS FROM `zy_goods` [ RunTime:0.0014s ]
SQL: SELECT `goods_id`,`goods_name`,`goods_remark`,`goods_original_img`,`goods_sn` FROM `zy_goods` WHERE `uid` = 56 AND `is_on_sale` = 1 AND `is_commit` = 1 ORDER BY goods_id desc LIMIT 25,5   [ RunTime:0.0002s ]

[ 2017-03-08T00:09:41+08:00 ] 192.168.0.105 /index.php?m=App&c=goods&a=getGoodsLists
INFO: [ app_init ] --START--
INFO: Run Behavior\BuildLiteBehavior [ RunTime:0.000026s ]
INFO: [ app_init ] --END-- [ RunTime:0.000342s ]
INFO: [ app_begin ] --START--
INFO: Run Behavior\ReadHtmlCacheBehavior [ RunTime:0.000354s ]
INFO: [ app_begin ] --END-- [ RunTime:0.000450s ]
SQL: SHOW COLUMNS FROM `zy_admin` [ RunTime:0.0020s ]
SQL: SELECT `uid`,`username`,`token`,`avatar`,`realname` FROM `zy_admin` WHERE ( token = '2a0e851ad4ca57d73ed3a2567be80b9f' ) LIMIT 1   [ RunTime:0.0002s ]
SQL: SHOW COLUMNS FROM `zy_goods` [ RunTime:0.0015s ]
SQL: SELECT `goods_id`,`goods_name`,`goods_remark`,`goods_original_img`,`goods_sn` FROM `zy_goods` WHERE `uid` = 56 AND `is_on_sale` = 1 AND `is_commit` = 1 ORDER BY goods_id desc LIMIT 25,5   [ RunTime:0.0002s ]

[ 2017-03-08T00:10:54+08:00 ] 192.168.0.105 /index.php?m=App&c=goods&a=getGoodsLists
INFO: [ app_init ] --START--
INFO: Run Behavior\BuildLiteBehavior [ RunTime:0.000021s ]
INFO: [ app_init ] --END-- [ RunTime:0.000383s ]
INFO: [ app_begin ] --START--
INFO: Run Behavior\ReadHtmlCacheBehavior [ RunTime:0.000446s ]
INFO: [ app_begin ] --END-- [ RunTime:0.000543s ]
SQL: SHOW COLUMNS FROM `zy_admin` [ RunTime:0.0017s ]
SQL: SELECT `uid`,`username`,`token`,`avatar`,`realname` FROM `zy_admin` WHERE ( token = '2a0e851ad4ca57d73ed3a2567be80b9f' ) LIMIT 1   [ RunTime:0.0002s ]
SQL: SHOW COLUMNS FROM `zy_goods` [ RunTime:0.0017s ]

[ 2017-03-08T00:12:01+08:00 ] 192.168.0.105 /index.php?m=App&c=goods&a=getGoodsLists
INFO: [ app_init ] --START--
INFO: Run Behavior\BuildLiteBehavior [ RunTime:0.000022s ]
INFO: [ app_init ] --END-- [ RunTime:0.000333s ]
INFO: [ app_begin ] --START--
INFO: Run Behavior\ReadHtmlCacheBehavior [ RunTime:0.000452s ]
INFO: [ app_begin ] --END-- [ RunTime:0.000550s ]
SQL: SHOW COLUMNS FROM `zy_admin` [ RunTime:0.0018s ]
SQL: SELECT `uid`,`username`,`token`,`avatar`,`realname` FROM `zy_admin` WHERE ( token = '2a0e851ad4ca57d73ed3a2567be80b9f' ) LIMIT 1   [ RunTime:0.0005s ]
SQL: SHOW COLUMNS FROM `zy_goods` [ RunTime:0.0015s ]
SQL: SELECT `goods_id`,`goods_name`,`goods_remark`,`goods_original_img`,`goods_sn` FROM `zy_goods` WHERE `uid` = 56 AND `is_on_sale` = 1 AND `is_commit` = 1 ORDER BY goods_id desc LIMIT 25,5   [ RunTime:0.0003s ]

[ 2017-03-08T00:12:52+08:00 ] 192.168.0.105 /index.php?m=App&c=goods&a=getGoodsLists
INFO: [ app_init ] --START--
INFO: Run Behavior\BuildLiteBehavior [ RunTime:0.000021s ]
INFO: [ app_init ] --END-- [ RunTime:0.000321s ]
INFO: [ app_begin ] --START--
INFO: Run Behavior\ReadHtmlCacheBehavior [ RunTime:0.000361s ]
INFO: [ app_begin ] --END-- [ RunTime:0.000451s ]
SQL: SHOW COLUMNS FROM `zy_admin` [ RunTime:0.0024s ]
SQL: SELECT `uid`,`username`,`token`,`avatar`,`realname` FROM `zy_admin` WHERE ( token = '2a0e851ad4ca57d73ed3a2567be80b9f' ) LIMIT 1   [ RunTime:0.0003s ]
SQL: SHOW COLUMNS FROM `zy_goods` [ RunTime:0.0017s ]
SQL: SELECT `goods_id`,`goods_name`,`goods_remark`,`goods_original_img`,`goods_sn` FROM `zy_goods` WHERE `uid` = 56 AND `is_on_sale` = 1 AND `is_commit` = 1 ORDER BY goods_id desc LIMIT 25,5   [ RunTime:0.0004s ]

[ 2017-03-08T00:13:46+08:00 ] 192.168.0.105 /index.php?m=App&c=goods&a=getGoodsLists
INFO: [ app_init ] --START--
INFO: Run Behavior\BuildLiteBehavior [ RunTime:0.000021s ]
INFO: [ app_init ] --END-- [ RunTime:0.000348s ]
INFO: [ app_begin ] --START--
INFO: Run Behavior\ReadHtmlCacheBehavior [ RunTime:0.000670s ]
INFO: [ app_begin ] --END-- [ RunTime:0.000817s ]
SQL: SHOW COLUMNS FROM `zy_admin` [ RunTime:0.0018s ]
SQL: SELECT `uid`,`username`,`token`,`avatar`,`realname` FROM `zy_admin` WHERE ( token = '2a0e851ad4ca57d73ed3a2567be80b9f' ) LIMIT 1   [ RunTime:0.0002s ]
SQL: SHOW COLUMNS FROM `zy_goods` [ RunTime:0.0014s ]
SQL: SELECT `goods_id`,`goods_name`,`goods_remark`,`goods_original_img`,`goods_sn` FROM `zy_goods` WHERE `uid` = 56 AND `is_on_sale` = 1 AND `is_commit` = 1 ORDER BY goods_id desc LIMIT 5,1   [ RunTime:0.0002s ]

[ 2017-03-08T00:14:05+08:00 ] 192.168.0.105 /index.php?m=App&c=goods&a=getGoodsLists
INFO: [ app_init ] --START--
INFO: Run Behavior\BuildLiteBehavior [ RunTime:0.000023s ]
INFO: [ app_init ] --END-- [ RunTime:0.000330s ]
INFO: [ app_begin ] --START--
INFO: Run Behavior\ReadHtmlCacheBehavior [ RunTime:0.000427s ]
INFO: [ app_begin ] --END-- [ RunTime:0.000529s ]
SQL: SHOW COLUMNS FROM `zy_admin` [ RunTime:0.0021s ]
SQL: SELECT `uid`,`username`,`token`,`avatar`,`realname` FROM `zy_admin` WHERE ( token = '2a0e851ad4ca57d73ed3a2567be80b9f' ) LIMIT 1   [ RunTime:0.0003s ]
SQL: SHOW COLUMNS FROM `zy_goods` [ RunTime:0.0016s ]
SQL: SELECT `goods_id`,`goods_name`,`goods_remark`,`goods_original_img`,`goods_sn` FROM `zy_goods` WHERE `uid` = 56 AND `is_on_sale` = 1 AND `is_commit` = 1 ORDER BY goods_id desc LIMIT 5,1   [ RunTime:0.0003s ]

[ 2017-03-08T00:14:06+08:00 ] 192.168.0.105 /index.php?m=App&c=goods&a=getGoodsLists
INFO: [ app_init ] --START--
INFO: Run Behavior\BuildLiteBehavior [ RunTime:0.000039s ]
INFO: [ app_init ] --END-- [ RunTime:0.000582s ]
INFO: [ app_begin ] --START--
INFO: Run Behavior\ReadHtmlCacheBehavior [ RunTime:0.000630s ]
INFO: [ app_begin ] --END-- [ RunTime:0.000813s ]
SQL: SHOW COLUMNS FROM `zy_admin` [ RunTime:0.0019s ]
SQL: SELECT `uid`,`username`,`token`,`avatar`,`realname` FROM `zy_admin` WHERE ( token = '2a0e851ad4ca57d73ed3a2567be80b9f' ) LIMIT 1   [ RunTime:0.0002s ]
SQL: SHOW COLUMNS FROM `zy_goods` [ RunTime:0.0015s ]
SQL: SELECT `goods_id`,`goods_name`,`goods_remark`,`goods_original_img`,`goods_sn` FROM `zy_goods` WHERE `uid` = 56 AND `is_on_sale` = 1 AND `is_commit` = 1 ORDER BY goods_id desc LIMIT 5,1   [ RunTime:0.0003s ]

[ 2017-03-08T00:14:07+08:00 ] 192.168.0.105 /index.php?m=App&c=goods&a=getGoodsLists
INFO: [ app_init ] --START--
INFO: Run Behavior\BuildLiteBehavior [ RunTime:0.000046s ]
INFO: [ app_init ] --END-- [ RunTime:0.000499s ]
INFO: [ app_begin ] --START--
INFO: Run Behavior\ReadHtmlCacheBehavior [ RunTime:0.000365s ]
INFO: [ app_begin ] --END-- [ RunTime:0.000460s ]
SQL: SHOW COLUMNS FROM `zy_admin` [ RunTime:0.0018s ]
SQL: SELECT `uid`,`username`,`token`,`avatar`,`realname` FROM `zy_admin` WHERE ( token = '2a0e851ad4ca57d73ed3a2567be80b9f' ) LIMIT 1   [ RunTime:0.0002s ]
SQL: SHOW COLUMNS FROM `zy_goods` [ RunTime:0.0017s ]
SQL: SELECT `goods_id`,`goods_name`,`goods_remark`,`goods_original_img`,`goods_sn` FROM `zy_goods` WHERE `uid` = 56 AND `is_on_sale` = 1 AND `is_commit` = 1 ORDER BY goods_id desc LIMIT 5,1   [ RunTime:0.0002s ]

[ 2017-03-08T00:15:45+08:00 ] 192.168.0.105 /index.php?m=App&c=goods&a=getGoodsLists
INFO: [ app_init ] --START--
INFO: Run Behavior\BuildLiteBehavior [ RunTime:0.000021s ]
INFO: [ app_init ] --END-- [ RunTime:0.000321s ]
INFO: [ app_begin ] --START--
INFO: Run Behavior\ReadHtmlCacheBehavior [ RunTime:0.000459s ]
INFO: [ app_begin ] --END-- [ RunTime:0.000553s ]
SQL: SHOW COLUMNS FROM `zy_admin` [ RunTime:0.0020s ]
SQL: SELECT `uid`,`username`,`token`,`avatar`,`realname` FROM `zy_admin` WHERE ( token = '2a0e851ad4ca57d73ed3a2567be80b9f' ) LIMIT 1   [ RunTime:0.0002s ]
SQL: SHOW COLUMNS FROM `zy_goods` [ RunTime:0.0014s ]
SQL: SELECT `goods_id`,`goods_name`,`goods_remark`,`goods_original_img`,`goods_sn` FROM `zy_goods` WHERE `uid` = 56 AND `is_on_sale` = 1 AND `is_commit` = 1 ORDER BY goods_id desc LIMIT 0,20   [ RunTime:0.0002s ]

[ 2017-03-08T00:16:18+08:00 ] 192.168.0.105 /index.php?m=App&c=goods&a=getGoodsInfo
INFO: [ app_init ] --START--
INFO: Run Behavior\BuildLiteBehavior [ RunTime:0.000021s ]
INFO: [ app_init ] --END-- [ RunTime:0.000348s ]
INFO: [ app_begin ] --START--
INFO: Run Behavior\ReadHtmlCacheBehavior [ RunTime:0.000416s ]
INFO: [ app_begin ] --END-- [ RunTime:0.000505s ]
SQL: SHOW COLUMNS FROM `zy_admin` [ RunTime:0.0022s ]
SQL: SELECT `uid`,`username`,`token`,`avatar`,`realname` FROM `zy_admin` WHERE ( token = '' ) LIMIT 1   [ RunTime:0.0002s ]
SQL: SHOW COLUMNS FROM `zy_goods` [ RunTime:0.0017s ]
SQL: SELECT * FROM `zy_goods` WHERE `goods_id` = 10 LIMIT 1   [ RunTime:0.0003s ]

[ 2017-03-08T00:16:31+08:00 ] 192.168.0.105 /index.php?m=App&c=goods&a=getGoodsInfo
INFO: [ app_init ] --START--
INFO: Run Behavior\BuildLiteBehavior [ RunTime:0.000035s ]
INFO: [ app_init ] --END-- [ RunTime:0.000499s ]
INFO: [ app_begin ] --START--
INFO: Run Behavior\ReadHtmlCacheBehavior [ RunTime:0.000532s ]
INFO: [ app_begin ] --END-- [ RunTime:0.000655s ]
SQL: SHOW COLUMNS FROM `zy_admin` [ RunTime:0.0019s ]
SQL: SELECT `uid`,`username`,`token`,`avatar`,`realname` FROM `zy_admin` WHERE ( token = '' ) LIMIT 1   [ RunTime:0.0002s ]
SQL: SHOW COLUMNS FROM `zy_goods` [ RunTime:0.0014s ]
SQL: SELECT * FROM `zy_goods` WHERE `goods_id` = 12 LIMIT 1   [ RunTime:0.0003s ]

[ 2017-03-08T00:17:05+08:00 ] 192.168.0.105 /index.php?m=App&c=client&a=clientAdd
INFO: [ app_init ] --START--
INFO: Run Behavior\BuildLiteBehavior [ RunTime:0.000038s ]
INFO: [ app_init ] --END-- [ RunTime:0.000492s ]
INFO: [ app_begin ] --START--
INFO: Run Behavior\ReadHtmlCacheBehavior [ RunTime:0.000571s ]
INFO: [ app_begin ] --END-- [ RunTime:0.000728s ]
SQL: SHOW COLUMNS FROM `zy_admin` [ RunTime:0.0017s ]
SQL: SELECT `uid`,`username`,`token`,`avatar`,`realname` FROM `zy_admin` WHERE ( token = '2a0e851ad4ca57d73ed3a2567be80b9f' ) LIMIT 1   [ RunTime:0.0002s ]
SQL: SHOW COLUMNS FROM `zy_client` [ RunTime:0.0044s ]
SQL: SHOW COLUMNS FROM `zy_order` [ RunTime:0.0021s ]
SQL: SHOW COLUMNS FROM `zy_client_address` [ RunTime:0.0028s ]
SQL: SELECT * FROM `zy_client` WHERE `client_mobile` = '15054473855' AND `is_show` = 1 LIMIT 1   [ RunTime:0.0003s ]

[ 2017-03-08T00:19:22+08:00 ] 192.168.0.105 /index.php?m=App&c=client&a=clientAdd
INFO: [ app_init ] --START--
INFO: Run Behavior\BuildLiteBehavior [ RunTime:0.000022s ]
INFO: [ app_init ] --END-- [ RunTime:0.000344s ]
INFO: [ app_begin ] --START--
INFO: Run Behavior\ReadHtmlCacheBehavior [ RunTime:0.000428s ]
INFO: [ app_begin ] --END-- [ RunTime:0.000522s ]
SQL: SHOW COLUMNS FROM `zy_admin` [ RunTime:0.0018s ]
SQL: SELECT `uid`,`username`,`token`,`avatar`,`realname` FROM `zy_admin` WHERE ( token = '2a0e851ad4ca57d73ed3a2567be80b9f' ) LIMIT 1   [ RunTime:0.0002s ]
SQL: SHOW COLUMNS FROM `zy_client` [ RunTime:0.0012s ]
SQL: SHOW COLUMNS FROM `zy_order` [ RunTime:0.0015s ]
SQL: SHOW COLUMNS FROM `zy_client_address` [ RunTime:0.0014s ]
SQL: SELECT * FROM `zy_client` WHERE `parent_id` = 56 AND `client_mobile` = '15054473855' AND `is_show` = 1 LIMIT 1   [ RunTime:0.0003s ]
SQL: INSERT INTO `zy_client` (`parent_id`,`client_name`,`client_mobile`,`client_remark`,`parent_type`,`is_show`,`client_addtime`,`initial`) VALUES ('56','王五','15054473855','ni','0','1','1488903562','N') [ RunTime:0.0783s ]

[ 2017-03-08T00:19:24+08:00 ] 192.168.0.105 /index.php?m=App&c=client&a=clientAdd
INFO: [ app_init ] --START--
INFO: Run Behavior\BuildLiteBehavior [ RunTime:0.000021s ]
INFO: [ app_init ] --END-- [ RunTime:0.000326s ]
INFO: [ app_begin ] --START--
INFO: Run Behavior\ReadHtmlCacheBehavior [ RunTime:0.000376s ]
INFO: [ app_begin ] --END-- [ RunTime:0.000488s ]
SQL: SHOW COLUMNS FROM `zy_admin` [ RunTime:0.0020s ]
SQL: SELECT `uid`,`username`,`token`,`avatar`,`realname` FROM `zy_admin` WHERE ( token = '2a0e851ad4ca57d73ed3a2567be80b9f' ) LIMIT 1   [ RunTime:0.0003s ]
SQL: SHOW COLUMNS FROM `zy_client` [ RunTime:0.0015s ]
SQL: SHOW COLUMNS FROM `zy_order` [ RunTime:0.0015s ]
SQL: SHOW COLUMNS FROM `zy_client_address` [ RunTime:0.0014s ]
SQL: SELECT * FROM `zy_client` WHERE `parent_id` = 56 AND `client_mobile` = '15054473855' AND `is_show` = 1 LIMIT 1   [ RunTime:0.0003s ]

[ 2017-03-08T00:19:25+08:00 ] 192.168.0.105 /index.php?m=App&c=client&a=clientAdd
INFO: [ app_init ] --START--
INFO: Run Behavior\BuildLiteBehavior [ RunTime:0.000021s ]
INFO: [ app_init ] --END-- [ RunTime:0.000383s ]
INFO: [ app_begin ] --START--
INFO: Run Behavior\ReadHtmlCacheBehavior [ RunTime:0.000355s ]
INFO: [ app_begin ] --END-- [ RunTime:0.000449s ]
SQL: SHOW COLUMNS FROM `zy_admin` [ RunTime:0.0025s ]
SQL: SELECT `uid`,`username`,`token`,`avatar`,`realname` FROM `zy_admin` WHERE ( token = '2a0e851ad4ca57d73ed3a2567be80b9f' ) LIMIT 1   [ RunTime:0.0004s ]
SQL: SHOW COLUMNS FROM `zy_client` [ RunTime:0.0021s ]
SQL: SHOW COLUMNS FROM `zy_order` [ RunTime:0.0023s ]
SQL: SHOW COLUMNS FROM `zy_client_address` [ RunTime:0.0023s ]
SQL: SELECT * FROM `zy_client` WHERE `parent_id` = 56 AND `client_mobile` = '15054473855' AND `is_show` = 1 LIMIT 1   [ RunTime:0.0006s ]

[ 2017-03-08T00:19:33+08:00 ] 192.168.0.105 /index.php?m=App&c=client&a=clientAdd
INFO: [ app_init ] --START--
INFO: Run Behavior\BuildLiteBehavior [ RunTime:0.000026s ]
INFO: [ app_init ] --END-- [ RunTime:0.000414s ]
INFO: [ app_begin ] --START--
INFO: Run Behavior\ReadHtmlCacheBehavior [ RunTime:0.000486s ]
INFO: [ app_begin ] --END-- [ RunTime:0.000597s ]
SQL: SHOW COLUMNS FROM `zy_admin` [ RunTime:0.0021s ]
SQL: SELECT `uid`,`username`,`token`,`avatar`,`realname` FROM `zy_admin` WHERE ( token = '2a0e851ad4ca57d73ed3a2567be80b9f' ) LIMIT 1   [ RunTime:0.0003s ]
SQL: SHOW COLUMNS FROM `zy_client` [ RunTime:0.0017s ]
SQL: SHOW COLUMNS FROM `zy_order` [ RunTime:0.0017s ]
SQL: SHOW COLUMNS FROM `zy_client_address` [ RunTime:0.0016s ]
SQL: SELECT * FROM `zy_client` WHERE `parent_id` = 56 AND `client_mobile` = '15054473855' AND `is_show` = 1 LIMIT 1   [ RunTime:0.0003s ]

[ 2017-03-08T00:19:34+08:00 ] 192.168.0.105 /index.php?m=App&c=client&a=clientAdd
INFO: [ app_init ] --START--
INFO: Run Behavior\BuildLiteBehavior [ RunTime:0.000022s ]
INFO: [ app_init ] --END-- [ RunTime:0.000330s ]
INFO: [ app_begin ] --START--
INFO: Run Behavior\ReadHtmlCacheBehavior [ RunTime:0.000374s ]
INFO: [ app_begin ] --END-- [ RunTime:0.000474s ]
SQL: SHOW COLUMNS FROM `zy_admin` [ RunTime:0.0020s ]
SQL: SELECT `uid`,`username`,`token`,`avatar`,`realname` FROM `zy_admin` WHERE ( token = '2a0e851ad4ca57d73ed3a2567be80b9f' ) LIMIT 1   [ RunTime:0.0002s ]
SQL: SHOW COLUMNS FROM `zy_client` [ RunTime:0.0017s ]
SQL: SHOW COLUMNS FROM `zy_order` [ RunTime:0.0026s ]
SQL: SHOW COLUMNS FROM `zy_client_address` [ RunTime:0.0022s ]
SQL: SELECT * FROM `zy_client` WHERE `parent_id` = 56 AND `client_mobile` = '15054473855' AND `is_show` = 1 LIMIT 1   [ RunTime:0.0005s ]

[ 2017-03-08T00:19:46+08:00 ] 192.168.0.105 /index.php?m=App&c=client&a=clientAdd
INFO: [ app_init ] --START--
INFO: Run Behavior\BuildLiteBehavior [ RunTime:0.000021s ]
INFO: [ app_init ] --END-- [ RunTime:0.000318s ]
INFO: [ app_begin ] --START--
INFO: Run Behavior\ReadHtmlCacheBehavior [ RunTime:0.000350s ]
INFO: [ app_begin ] --END-- [ RunTime:0.000439s ]
SQL: SHOW COLUMNS FROM `zy_admin` [ RunTime:0.0022s ]
SQL: SELECT `uid`,`username`,`token`,`avatar`,`realname` FROM `zy_admin` WHERE ( token = '2a0e851ad4ca57d73ed3a2567be80b9f' ) LIMIT 1   [ RunTime:0.0002s ]
SQL: SHOW COLUMNS FROM `zy_client` [ RunTime:0.0018s ]
SQL: SHOW COLUMNS FROM `zy_order` [ RunTime:0.0022s ]
SQL: SHOW COLUMNS FROM `zy_client_address` [ RunTime:0.0016s ]
SQL: SELECT * FROM `zy_client` WHERE `parent_id` = 56 AND `client_mobile` = '15054473856' AND `is_show` = 1 LIMIT 1   [ RunTime:0.0003s ]
SQL: INSERT INTO `zy_client` (`parent_id`,`client_name`,`client_mobile`,`client_remark`,`parent_type`,`is_show`,`client_addtime`,`initial`) VALUES ('56','lisi','15054473856','ni','0','1','1488903586','N') [ RunTime:0.0721s ]

[ 2017-03-08T00:19:48+08:00 ] 192.168.0.105 /index.php?m=App&c=client&a=clientAdd
INFO: [ app_init ] --START--
INFO: Run Behavior\BuildLiteBehavior [ RunTime:0.000021s ]
INFO: [ app_init ] --END-- [ RunTime:0.000334s ]
INFO: [ app_begin ] --START--
INFO: Run Behavior\ReadHtmlCacheBehavior [ RunTime:0.000482s ]
INFO: [ app_begin ] --END-- [ RunTime:0.000650s ]
SQL: SHOW COLUMNS FROM `zy_admin` [ RunTime:0.0017s ]
SQL: SELECT `uid`,`username`,`token`,`avatar`,`realname` FROM `zy_admin` WHERE ( token = '2a0e851ad4ca57d73ed3a2567be80b9f' ) LIMIT 1   [ RunTime:0.0002s ]
SQL: SHOW COLUMNS FROM `zy_client` [ RunTime:0.0016s ]
SQL: SHOW COLUMNS FROM `zy_order` [ RunTime:0.0016s ]
SQL: SHOW COLUMNS FROM `zy_client_address` [ RunTime:0.0016s ]
SQL: SELECT * FROM `zy_client` WHERE `parent_id` = 56 AND `client_mobile` = '15054473856' AND `is_show` = 1 LIMIT 1   [ RunTime:0.0003s ]

[ 2017-03-08T00:20:21+08:00 ] 192.168.0.105 /index.php?m=App&c=client&a=getClientsList
INFO: [ app_init ] --START--
INFO: Run Behavior\BuildLiteBehavior [ RunTime:0.000022s ]
INFO: [ app_init ] --END-- [ RunTime:0.000333s ]
INFO: [ app_begin ] --START--
INFO: Run Behavior\ReadHtmlCacheBehavior [ RunTime:0.000365s ]
INFO: [ app_begin ] --END-- [ RunTime:0.000454s ]
SQL: SHOW COLUMNS FROM `zy_admin` [ RunTime:0.0018s ]
SQL: SELECT `uid`,`username`,`token`,`avatar`,`realname` FROM `zy_admin` WHERE ( token = '2a0e851ad4ca57d73ed3a2567be80b9f' ) LIMIT 1   [ RunTime:0.0002s ]
SQL: SHOW COLUMNS FROM `zy_client` [ RunTime:0.0015s ]
SQL: SHOW COLUMNS FROM `zy_order` [ RunTime:0.0014s ]
SQL: SHOW COLUMNS FROM `zy_client_address` [ RunTime:0.0015s ]
ERR: SQLSTATE[42S22]: Column not found: 1054 Unknown column 'client_name' in 'field list'

[ 2017-03-08T00:23:30+08:00 ] 192.168.0.105 /index.php?m=App&c=client&a=getClientsList
INFO: [ app_init ] --START--
INFO: Run Behavior\BuildLiteBehavior [ RunTime:0.000022s ]
INFO: [ app_init ] --END-- [ RunTime:0.000378s ]
INFO: [ app_begin ] --START--
INFO: Run Behavior\ReadHtmlCacheBehavior [ RunTime:0.000479s ]
INFO: [ app_begin ] --END-- [ RunTime:0.000585s ]
SQL: SHOW COLUMNS FROM `zy_admin` [ RunTime:0.0018s ]
SQL: SELECT `uid`,`username`,`token`,`avatar`,`realname` FROM `zy_admin` WHERE ( token = '2a0e851ad4ca57d73ed3a2567be80b9f' ) LIMIT 1   [ RunTime:0.0003s ]
SQL: SHOW COLUMNS FROM `zy_client` [ RunTime:0.0016s ]
SQL: SHOW COLUMNS FROM `zy_order` [ RunTime:0.0015s ]
SQL: SHOW COLUMNS FROM `zy_client_address` [ RunTime:0.0015s ]
ERR: SQLSTATE[42S22]: Column not found: 1054 Unknown column 'client_name' in 'field list'

[ 2017-03-08T00:25:52+08:00 ] 192.168.0.105 /index.php?m=App&c=client&a=getClientsList
INFO: [ app_init ] --START--
INFO: Run Behavior\BuildLiteBehavior [ RunTime:0.000033s ]
INFO: [ app_init ] --END-- [ RunTime:0.000548s ]
INFO: [ app_begin ] --START--
INFO: Run Behavior\ReadHtmlCacheBehavior [ RunTime:0.000481s ]
INFO: [ app_begin ] --END-- [ RunTime:0.000592s ]
SQL: SHOW COLUMNS FROM `zy_admin` [ RunTime:0.0020s ]
SQL: SELECT `uid`,`username`,`token`,`avatar`,`realname` FROM `zy_admin` WHERE ( token = '2a0e851ad4ca57d73ed3a2567be80b9f' ) LIMIT 1   [ RunTime:0.0002s ]
SQL: SHOW COLUMNS FROM `zy_client` [ RunTime:0.0015s ]
SQL: SHOW COLUMNS FROM `zy_order` [ RunTime:0.0016s ]
SQL: SHOW COLUMNS FROM `zy_client_address` [ RunTime:0.0015s ]
ERR: SQLSTATE[42S22]: Column not found: 1054 Unknown column 'client_name' in 'field list'

[ 2017-03-08T00:29:58+08:00 ] 192.168.0.105 /index.php?m=App&c=client&a=getClientsList
INFO: [ app_init ] --START--
INFO: Run Behavior\BuildLiteBehavior [ RunTime:0.000021s ]
INFO: [ app_init ] --END-- [ RunTime:0.000342s ]
INFO: [ app_begin ] --START--
INFO: Run Behavior\ReadHtmlCacheBehavior [ RunTime:0.000418s ]
INFO: [ app_begin ] --END-- [ RunTime:0.000518s ]
SQL: SHOW COLUMNS FROM `zy_admin` [ RunTime:0.0025s ]
SQL: SELECT `uid`,`username`,`token`,`avatar`,`realname` FROM `zy_admin` WHERE ( token = '2a0e851ad4ca57d73ed3a2567be80b9f' ) LIMIT 1   [ RunTime:0.0003s ]
SQL: SHOW COLUMNS FROM `zy_client` [ RunTime:0.0016s ]
SQL: SHOW COLUMNS FROM `zy_order` [ RunTime:0.0020s ]
SQL: SHOW COLUMNS FROM `zy_client_address` [ RunTime:0.0016s ]
ERR: SQLSTATE[42S22]: Column not found: 1054 Unknown column 'client_name' in 'field list'

[ 2017-03-08T00:30:48+08:00 ] 192.168.0.105 /index.php?m=App&c=client&a=getClientsList
INFO: [ app_init ] --START--
INFO: Run Behavior\BuildLiteBehavior [ RunTime:0.000023s ]
INFO: [ app_init ] --END-- [ RunTime:0.000329s ]
INFO: [ app_begin ] --START--
INFO: Run Behavior\ReadHtmlCacheBehavior [ RunTime:0.000354s ]
INFO: [ app_begin ] --END-- [ RunTime:0.000441s ]
SQL: SHOW COLUMNS FROM `zy_admin` [ RunTime:0.0022s ]
SQL: SELECT `uid`,`username`,`token`,`avatar`,`realname` FROM `zy_admin` WHERE ( token = '2a0e851ad4ca57d73ed3a2567be80b9f' ) LIMIT 1   [ RunTime:0.0002s ]
SQL: SHOW COLUMNS FROM `zy_client` [ RunTime:0.0016s ]
SQL: SHOW COLUMNS FROM `zy_order` [ RunTime:0.0016s ]
SQL: SHOW COLUMNS FROM `zy_client_address` [ RunTime:0.0018s ]
ERR: SQLSTATE[42S22]: Column not found: 1054 Unknown column 'client_sn' in 'field list'

[ 2017-03-08T00:31:32+08:00 ] 192.168.0.105 /index.php?m=App&c=client&a=getClientsList
INFO: [ app_init ] --START--
INFO: Run Behavior\BuildLiteBehavior [ RunTime:0.000049s ]
INFO: [ app_init ] --END-- [ RunTime:0.000652s ]
INFO: [ app_begin ] --START--
INFO: Run Behavior\ReadHtmlCacheBehavior [ RunTime:0.000372s ]
INFO: [ app_begin ] --END-- [ RunTime:0.000459s ]
SQL: SHOW COLUMNS FROM `zy_admin` [ RunTime:0.0019s ]
SQL: SELECT `uid`,`username`,`token`,`avatar`,`realname` FROM `zy_admin` WHERE ( token = '2a0e851ad4ca57d73ed3a2567be80b9f' ) LIMIT 1   [ RunTime:0.0002s ]
SQL: SHOW COLUMNS FROM `zy_client` [ RunTime:0.0015s ]
SQL: SHOW COLUMNS FROM `zy_order` [ RunTime:0.0015s ]
SQL: SHOW COLUMNS FROM `zy_client_address` [ RunTime:0.0014s ]
SQL: SELECT `client_id`,`client_name`,`client_remark`,`client_mobile`,`client_avatar`,`initial` FROM `zy_client` WHERE `parent_id` = 56 AND `client_mobile` LIKE '%%' AND `client_name` LIKE '%%'  [ RunTime:0.0003s ]

[ 2017-03-08T00:32:10+08:00 ] 192.168.0.105 /index.php?m=App&c=client&a=getClientInfo
INFO: [ app_init ] --START--
INFO: Run Behavior\BuildLiteBehavior [ RunTime:0.000028s ]
INFO: [ app_init ] --END-- [ RunTime:0.000445s ]
INFO: [ app_begin ] --START--
INFO: Run Behavior\ReadHtmlCacheBehavior [ RunTime:0.000539s ]
INFO: [ app_begin ] --END-- [ RunTime:0.000664s ]
SQL: SHOW COLUMNS FROM `zy_admin` [ RunTime:0.0026s ]
SQL: SELECT `uid`,`username`,`token`,`avatar`,`realname` FROM `zy_admin` WHERE ( token = '2a0e851ad4ca57d73ed3a2567be80b9f' ) LIMIT 1   [ RunTime:0.0003s ]
SQL: SHOW COLUMNS FROM `zy_client` [ RunTime:0.0019s ]
SQL: SHOW COLUMNS FROM `zy_order` [ RunTime:0.0028s ]
SQL: SHOW COLUMNS FROM `zy_client_address` [ RunTime:0.0022s ]
SQL: SELECT * FROM `zy_client` WHERE `client_id` = 15 LIMIT 1   [ RunTime:0.0004s ]

[ 2017-03-08T00:34:00+08:00 ] 192.168.0.105 /index.php?m=App&c=client&a=getClientInfo
INFO: [ app_init ] --START--
INFO: Run Behavior\BuildLiteBehavior [ RunTime:0.000025s ]
INFO: [ app_init ] --END-- [ RunTime:0.000385s ]
INFO: [ app_begin ] --START--
INFO: Run Behavior\ReadHtmlCacheBehavior [ RunTime:0.000410s ]
INFO: [ app_begin ] --END-- [ RunTime:0.000512s ]
SQL: SHOW COLUMNS FROM `zy_admin` [ RunTime:0.0020s ]
SQL: SELECT `uid`,`username`,`token`,`avatar`,`realname` FROM `zy_admin` WHERE ( token = '2a0e851ad4ca57d73ed3a2567be80b9f' ) LIMIT 1   [ RunTime:0.0003s ]
SQL: SHOW COLUMNS FROM `zy_client` [ RunTime:0.0017s ]
SQL: SHOW COLUMNS FROM `zy_order` [ RunTime:0.0016s ]
SQL: SHOW COLUMNS FROM `zy_client_address` [ RunTime:0.0015s ]
SQL: SELECT * FROM `zy_client` WHERE `client_id` = 15 LIMIT 1   [ RunTime:0.0002s ]

[ 2017-03-08T00:34:02+08:00 ] 192.168.0.105 /index.php?m=App&c=client&a=getClientInfo
INFO: [ app_init ] --START--
INFO: Run Behavior\BuildLiteBehavior [ RunTime:0.000033s ]
INFO: [ app_init ] --END-- [ RunTime:0.000527s ]
INFO: [ app_begin ] --START--
INFO: Run Behavior\ReadHtmlCacheBehavior [ RunTime:0.000557s ]
INFO: [ app_begin ] --END-- [ RunTime:0.000710s ]
SQL: SHOW COLUMNS FROM `zy_admin` [ RunTime:0.0019s ]
SQL: SELECT `uid`,`username`,`token`,`avatar`,`realname` FROM `zy_admin` WHERE ( token = '2a0e851ad4ca57d73ed3a2567be80b9f' ) LIMIT 1   [ RunTime:0.0002s ]
SQL: SHOW COLUMNS FROM `zy_client` [ RunTime:0.0016s ]
SQL: SHOW COLUMNS FROM `zy_order` [ RunTime:0.0019s ]
SQL: SHOW COLUMNS FROM `zy_client_address` [ RunTime:0.0017s ]
SQL: SELECT * FROM `zy_client` WHERE `client_id` = 15 LIMIT 1   [ RunTime:0.0003s ]

[ 2017-03-08T00:34:12+08:00 ] 192.168.0.105 /index.php?m=App&c=client&a=getClientInfo
INFO: [ app_init ] --START--
INFO: Run Behavior\BuildLiteBehavior [ RunTime:0.000023s ]
INFO: [ app_init ] --END-- [ RunTime:0.000409s ]
INFO: [ app_begin ] --START--
INFO: Run Behavior\ReadHtmlCacheBehavior [ RunTime:0.000461s ]
INFO: [ app_begin ] --END-- [ RunTime:0.000558s ]
SQL: SHOW COLUMNS FROM `zy_admin` [ RunTime:0.0021s ]
SQL: SELECT `uid`,`username`,`token`,`avatar`,`realname` FROM `zy_admin` WHERE ( token = '2a0e851ad4ca57d73ed3a2567be80b9f' ) LIMIT 1   [ RunTime:0.0002s ]
SQL: SHOW COLUMNS FROM `zy_client` [ RunTime:0.0014s ]
SQL: SHOW COLUMNS FROM `zy_order` [ RunTime:0.0016s ]
SQL: SHOW COLUMNS FROM `zy_client_address` [ RunTime:0.0014s ]
SQL: SELECT * FROM `zy_client` WHERE `client_id` = 16 LIMIT 1   [ RunTime:0.0002s ]

[ 2017-03-08T00:34:21+08:00 ] 192.168.0.105 /index.php?m=App&c=client&a=getClientInfo
INFO: [ app_init ] --START--
INFO: Run Behavior\BuildLiteBehavior [ RunTime:0.000021s ]
INFO: [ app_init ] --END-- [ RunTime:0.000359s ]
INFO: [ app_begin ] --START--
INFO: Run Behavior\ReadHtmlCacheBehavior [ RunTime:0.000406s ]
INFO: [ app_begin ] --END-- [ RunTime:0.000501s ]
SQL: SHOW COLUMNS FROM `zy_admin` [ RunTime:0.0022s ]
SQL: SELECT `uid`,`username`,`token`,`avatar`,`realname` FROM `zy_admin` WHERE ( token = '2a0e851ad4ca57d73ed3a2567be80b9f' ) LIMIT 1   [ RunTime:0.0002s ]
SQL: SHOW COLUMNS FROM `zy_client` [ RunTime:0.0014s ]
SQL: SHOW COLUMNS FROM `zy_order` [ RunTime:0.0017s ]
SQL: SHOW COLUMNS FROM `zy_client_address` [ RunTime:0.0015s ]
SQL: SELECT * FROM `zy_client` WHERE `client_id` = 10 LIMIT 1   [ RunTime:0.0002s ]

[ 2017-03-08T00:34:39+08:00 ] 192.168.0.105 /index.php?m=App&c=client&a=getClientInfo
INFO: [ app_init ] --START--
INFO: Run Behavior\BuildLiteBehavior [ RunTime:0.000021s ]
INFO: [ app_init ] --END-- [ RunTime:0.000321s ]
INFO: [ app_begin ] --START--
INFO: Run Behavior\ReadHtmlCacheBehavior [ RunTime:0.000362s ]
INFO: [ app_begin ] --END-- [ RunTime:0.000450s ]
SQL: SHOW COLUMNS FROM `zy_admin` [ RunTime:0.0020s ]
SQL: SELECT `uid`,`username`,`token`,`avatar`,`realname` FROM `zy_admin` WHERE ( token = '2a0e851ad4ca57d73ed3a2567be80b9f' ) LIMIT 1   [ RunTime:0.0002s ]
SQL: SHOW COLUMNS FROM `zy_client` [ RunTime:0.0016s ]
SQL: SHOW COLUMNS FROM `zy_order` [ RunTime:0.0019s ]
SQL: SHOW COLUMNS FROM `zy_client_address` [ RunTime:0.0015s ]
SQL: SELECT * FROM `zy_client` WHERE `client_id` = 1 LIMIT 1   [ RunTime:0.0003s ]

[ 2017-03-08T00:34:45+08:00 ] 192.168.0.105 /index.php?m=App&c=client&a=getClientInfo
INFO: [ app_init ] --START--
INFO: Run Behavior\BuildLiteBehavior [ RunTime:0.000038s ]
INFO: [ app_init ] --END-- [ RunTime:0.000496s ]
INFO: [ app_begin ] --START--
INFO: Run Behavior\ReadHtmlCacheBehavior [ RunTime:0.000589s ]
INFO: [ app_begin ] --END-- [ RunTime:0.000736s ]
SQL: SHOW COLUMNS FROM `zy_admin` [ RunTime:0.0024s ]
SQL: SELECT `uid`,`username`,`token`,`avatar`,`realname` FROM `zy_admin` WHERE ( token = '2a0e851ad4ca57d73ed3a2567be80b9f' ) LIMIT 1   [ RunTime:0.0002s ]
SQL: SHOW COLUMNS FROM `zy_client` [ RunTime:0.0016s ]
SQL: SHOW COLUMNS FROM `zy_order` [ RunTime:0.0017s ]
SQL: SHOW COLUMNS FROM `zy_client_address` [ RunTime:0.0014s ]
SQL: SELECT * FROM `zy_client` WHERE `client_id` = 2 LIMIT 1   [ RunTime:0.0003s ]

[ 2017-03-08T00:38:53+08:00 ] 192.168.0.105 /index.php?m=App&c=client&a=getClientInfo
INFO: [ app_init ] --START--
INFO: Run Behavior\BuildLiteBehavior [ RunTime:0.000026s ]
INFO: [ app_init ] --END-- [ RunTime:0.000426s ]
INFO: [ app_begin ] --START--
INFO: Run Behavior\ReadHtmlCacheBehavior [ RunTime:0.000507s ]
INFO: [ app_begin ] --END-- [ RunTime:0.000608s ]
SQL: SHOW COLUMNS FROM `zy_admin` [ RunTime:0.0036s ]
SQL: SELECT `uid`,`username`,`token`,`avatar`,`realname` FROM `zy_admin` WHERE ( token = '2a0e851ad4ca57d73ed3a2567be80b9f' ) LIMIT 1   [ RunTime:0.0002s ]
SQL: SHOW COLUMNS FROM `zy_client` [ RunTime:0.0013s ]
SQL: SHOW COLUMNS FROM `zy_order` [ RunTime:0.0016s ]
SQL: SHOW COLUMNS FROM `zy_client_address` [ RunTime:0.0016s ]
SQL: SELECT * FROM `zy_client` WHERE `client_id` = 2 AND `parent_id` = 56 LIMIT 1   [ RunTime:0.0003s ]

[ 2017-03-08T00:38:59+08:00 ] 192.168.0.105 /index.php?m=App&c=client&a=getClientInfo
INFO: [ app_init ] --START--
INFO: Run Behavior\BuildLiteBehavior [ RunTime:0.000021s ]
INFO: [ app_init ] --END-- [ RunTime:0.000337s ]
INFO: [ app_begin ] --START--
INFO: Run Behavior\ReadHtmlCacheBehavior [ RunTime:0.000360s ]
INFO: [ app_begin ] --END-- [ RunTime:0.000457s ]
SQL: SHOW COLUMNS FROM `zy_admin` [ RunTime:0.0017s ]
SQL: SELECT `uid`,`username`,`token`,`avatar`,`realname` FROM `zy_admin` WHERE ( token = '2a0e851ad4ca57d73ed3a2567be80b9f' ) LIMIT 1   [ RunTime:0.0002s ]
SQL: SHOW COLUMNS FROM `zy_client` [ RunTime:0.0014s ]
SQL: SHOW COLUMNS FROM `zy_order` [ RunTime:0.0016s ]
SQL: SHOW COLUMNS FROM `zy_client_address` [ RunTime:0.0014s ]
SQL: SELECT * FROM `zy_client` WHERE `client_id` = 15 AND `parent_id` = 56 LIMIT 1   [ RunTime:0.0002s ]

[ 2017-03-08T00:39:07+08:00 ] 192.168.0.105 /index.php?m=App&c=client&a=getClientInfo
INFO: [ app_init ] --START--
INFO: Run Behavior\BuildLiteBehavior [ RunTime:0.000037s ]
INFO: [ app_init ] --END-- [ RunTime:0.000614s ]
INFO: [ app_begin ] --START--
INFO: Run Behavior\ReadHtmlCacheBehavior [ RunTime:0.000369s ]
INFO: [ app_begin ] --END-- [ RunTime:0.000495s ]
SQL: SHOW COLUMNS FROM `zy_admin` [ RunTime:0.0021s ]
SQL: SELECT `uid`,`username`,`token`,`avatar`,`realname` FROM `zy_admin` WHERE ( token = '2a0e851ad4ca57d73ed3a2567be80b9f' ) LIMIT 1   [ RunTime:0.0003s ]
SQL: SHOW COLUMNS FROM `zy_client` [ RunTime:0.0017s ]
SQL: SHOW COLUMNS FROM `zy_order` [ RunTime:0.0017s ]
SQL: SHOW COLUMNS FROM `zy_client_address` [ RunTime:0.0015s ]
SQL: SELECT * FROM `zy_client` WHERE `client_id` = 19 AND `parent_id` = 56 LIMIT 1   [ RunTime:0.0003s ]

[ 2017-03-08T00:40:22+08:00 ] 192.168.0.105 /index.php?m=App&c=client&a=clientEdit
INFO: [ app_init ] --START--
INFO: Run Behavior\BuildLiteBehavior [ RunTime:0.000024s ]
INFO: [ app_init ] --END-- [ RunTime:0.000366s ]
INFO: [ app_begin ] --START--
INFO: Run Behavior\ReadHtmlCacheBehavior [ RunTime:0.000365s ]
INFO: [ app_begin ] --END-- [ RunTime:0.000459s ]
SQL: SHOW COLUMNS FROM `zy_admin` [ RunTime:0.0019s ]
SQL: SELECT `uid`,`username`,`token`,`avatar`,`realname` FROM `zy_admin` WHERE ( token = '2a0e851ad4ca57d73ed3a2567be80b9f' ) LIMIT 1   [ RunTime:0.0002s ]
SQL: SHOW COLUMNS FROM `zy_client` [ RunTime:0.0017s ]
SQL: SHOW COLUMNS FROM `zy_order` [ RunTime:0.0015s ]
SQL: SHOW COLUMNS FROM `zy_client_address` [ RunTime:0.0014s ]

[ 2017-03-08T00:41:43+08:00 ] 192.168.0.105 /index.php?m=App&c=client&a=clientEdit
INFO: [ app_init ] --START--
INFO: Run Behavior\BuildLiteBehavior [ RunTime:0.000020s ]
INFO: [ app_init ] --END-- [ RunTime:0.000346s ]
INFO: [ app_begin ] --START--
INFO: Run Behavior\ReadHtmlCacheBehavior [ RunTime:0.000424s ]
INFO: [ app_begin ] --END-- [ RunTime:0.000517s ]
SQL: SHOW COLUMNS FROM `zy_admin` [ RunTime:0.0020s ]
SQL: SELECT `uid`,`username`,`token`,`avatar`,`realname` FROM `zy_admin` WHERE ( token = '2a0e851ad4ca57d73ed3a2567be80b9f' ) LIMIT 1   [ RunTime:0.0002s ]
SQL: SHOW COLUMNS FROM `zy_client` [ RunTime:0.0020s ]
SQL: SHOW COLUMNS FROM `zy_order` [ RunTime:0.0017s ]
SQL: SHOW COLUMNS FROM `zy_client_address` [ RunTime:0.0016s ]

[ 2017-03-08T00:41:46+08:00 ] 192.168.0.105 /index.php?m=App&c=client&a=clientEdit
INFO: [ app_init ] --START--
INFO: Run Behavior\BuildLiteBehavior [ RunTime:0.000022s ]
INFO: [ app_init ] --END-- [ RunTime:0.000345s ]
INFO: [ app_begin ] --START--
INFO: Run Behavior\ReadHtmlCacheBehavior [ RunTime:0.000376s ]
INFO: [ app_begin ] --END-- [ RunTime:0.000473s ]
SQL: SHOW COLUMNS FROM `zy_admin` [ RunTime:0.0018s ]
SQL: SELECT `uid`,`username`,`token`,`avatar`,`realname` FROM `zy_admin` WHERE ( token = '2a0e851ad4ca57d73ed3a2567be80b9f' ) LIMIT 1   [ RunTime:0.0002s ]
SQL: SHOW COLUMNS FROM `zy_client` [ RunTime:0.0015s ]
SQL: SHOW COLUMNS FROM `zy_order` [ RunTime:0.0019s ]
SQL: SHOW COLUMNS FROM `zy_client_address` [ RunTime:0.0017s ]

[ 2017-03-08T00:41:47+08:00 ] 192.168.0.105 /index.php?m=App&c=client&a=clientEdit
INFO: [ app_init ] --START--
INFO: Run Behavior\BuildLiteBehavior [ RunTime:0.000023s ]
INFO: [ app_init ] --END-- [ RunTime:0.000506s ]
INFO: [ app_begin ] --START--
INFO: Run Behavior\ReadHtmlCacheBehavior [ RunTime:0.000364s ]
INFO: [ app_begin ] --END-- [ RunTime:0.000454s ]
SQL: SHOW COLUMNS FROM `zy_admin` [ RunTime:0.0018s ]
SQL: SELECT `uid`,`username`,`token`,`avatar`,`realname` FROM `zy_admin` WHERE ( token = '2a0e851ad4ca57d73ed3a2567be80b9f' ) LIMIT 1   [ RunTime:0.0002s ]
SQL: SHOW COLUMNS FROM `zy_client` [ RunTime:0.0015s ]
SQL: SHOW COLUMNS FROM `zy_order` [ RunTime:0.0017s ]
SQL: SHOW COLUMNS FROM `zy_client_address` [ RunTime:0.0017s ]

[ 2017-03-08T00:42:11+08:00 ] 192.168.0.105 /index.php?m=App&c=client&a=clientEdit
INFO: [ app_init ] --START--
INFO: Run Behavior\BuildLiteBehavior [ RunTime:0.000022s ]
INFO: [ app_init ] --END-- [ RunTime:0.000349s ]
INFO: [ app_begin ] --START--
INFO: Run Behavior\ReadHtmlCacheBehavior [ RunTime:0.000378s ]
INFO: [ app_begin ] --END-- [ RunTime:0.000510s ]
SQL: SHOW COLUMNS FROM `zy_admin` [ RunTime:0.0022s ]
SQL: SELECT `uid`,`username`,`token`,`avatar`,`realname` FROM `zy_admin` WHERE ( token = '2a0e851ad4ca57d73ed3a2567be80b9f' ) LIMIT 1   [ RunTime:0.0002s ]
SQL: SHOW COLUMNS FROM `zy_client` [ RunTime:0.0015s ]
SQL: SHOW COLUMNS FROM `zy_order` [ RunTime:0.0016s ]
SQL: SHOW COLUMNS FROM `zy_client_address` [ RunTime:0.0016s ]

[ 2017-03-08T00:44:37+08:00 ] 192.168.0.105 /index.php?m=App&c=client&a=clientEdit
INFO: [ app_init ] --START--
INFO: Run Behavior\BuildLiteBehavior [ RunTime:0.000021s ]
INFO: [ app_init ] --END-- [ RunTime:0.000357s ]
INFO: [ app_begin ] --START--
INFO: Run Behavior\ReadHtmlCacheBehavior [ RunTime:0.000420s ]
INFO: [ app_begin ] --END-- [ RunTime:0.000511s ]
SQL: SHOW COLUMNS FROM `zy_admin` [ RunTime:0.0024s ]
SQL: SELECT `uid`,`username`,`token`,`avatar`,`realname` FROM `zy_admin` WHERE ( token = '2a0e851ad4ca57d73ed3a2567be80b9f' ) LIMIT 1   [ RunTime:0.0004s ]
SQL: SHOW COLUMNS FROM `zy_client` [ RunTime:0.0020s ]
SQL: SHOW COLUMNS FROM `zy_order` [ RunTime:0.0021s ]
SQL: SHOW COLUMNS FROM `zy_client_address` [ RunTime:0.0025s ]

[ 2017-03-08T00:44:38+08:00 ] 192.168.0.105 /index.php?m=App&c=client&a=clientEdit
INFO: [ app_init ] --START--
INFO: Run Behavior\BuildLiteBehavior [ RunTime:0.000033s ]
INFO: [ app_init ] --END-- [ RunTime:0.000553s ]
INFO: [ app_begin ] --START--
INFO: Run Behavior\ReadHtmlCacheBehavior [ RunTime:0.000589s ]
INFO: [ app_begin ] --END-- [ RunTime:0.000745s ]
SQL: SHOW COLUMNS FROM `zy_admin` [ RunTime:0.0020s ]
SQL: SELECT `uid`,`username`,`token`,`avatar`,`realname` FROM `zy_admin` WHERE ( token = '2a0e851ad4ca57d73ed3a2567be80b9f' ) LIMIT 1   [ RunTime:0.0002s ]
SQL: SHOW COLUMNS FROM `zy_client` [ RunTime:0.0015s ]
SQL: SHOW COLUMNS FROM `zy_order` [ RunTime:0.0017s ]
SQL: SHOW COLUMNS FROM `zy_client_address` [ RunTime:0.0016s ]

[ 2017-03-08T00:45:02+08:00 ] 192.168.0.105 /index.php?m=App&c=client&a=clientEdit
INFO: [ app_init ] --START--
INFO: Run Behavior\BuildLiteBehavior [ RunTime:0.000021s ]
INFO: [ app_init ] --END-- [ RunTime:0.000335s ]
INFO: [ app_begin ] --START--
INFO: Run Behavior\ReadHtmlCacheBehavior [ RunTime:0.000386s ]
INFO: [ app_begin ] --END-- [ RunTime:0.000485s ]
SQL: SHOW COLUMNS FROM `zy_admin` [ RunTime:0.0020s ]
SQL: SELECT `uid`,`username`,`token`,`avatar`,`realname` FROM `zy_admin` WHERE ( token = '2a0e851ad4ca57d73ed3a2567be80b9f' ) LIMIT 1   [ RunTime:0.0005s ]
SQL: SHOW COLUMNS FROM `zy_client` [ RunTime:0.0020s ]
SQL: SHOW COLUMNS FROM `zy_order` [ RunTime:0.0017s ]
SQL: SHOW COLUMNS FROM `zy_client_address` [ RunTime:0.0018s ]

[ 2017-03-08T00:45:07+08:00 ] 192.168.0.105 /index.php?m=App&c=client&a=clientEdit
INFO: [ app_init ] --START--
INFO: Run Behavior\BuildLiteBehavior [ RunTime:0.000030s ]
INFO: [ app_init ] --END-- [ RunTime:0.000475s ]
INFO: [ app_begin ] --START--
INFO: Run Behavior\ReadHtmlCacheBehavior [ RunTime:0.000386s ]
INFO: [ app_begin ] --END-- [ RunTime:0.000481s ]
SQL: SHOW COLUMNS FROM `zy_admin` [ RunTime:0.0020s ]
SQL: SELECT `uid`,`username`,`token`,`avatar`,`realname` FROM `zy_admin` WHERE ( token = '2a0e851ad4ca57d73ed3a2567be80b9f' ) LIMIT 1   [ RunTime:0.0002s ]
SQL: SHOW COLUMNS FROM `zy_client` [ RunTime:0.0016s ]
SQL: SHOW COLUMNS FROM `zy_order` [ RunTime:0.0015s ]
SQL: SHOW COLUMNS FROM `zy_client_address` [ RunTime:0.0014s ]

[ 2017-03-08T00:45:26+08:00 ] 192.168.0.105 /index.php?m=App&c=client&a=clientEdit
INFO: [ app_init ] --START--
INFO: Run Behavior\BuildLiteBehavior [ RunTime:0.000023s ]
INFO: [ app_init ] --END-- [ RunTime:0.000357s ]
INFO: [ app_begin ] --START--
INFO: Run Behavior\ReadHtmlCacheBehavior [ RunTime:0.000363s ]
INFO: [ app_begin ] --END-- [ RunTime:0.000460s ]
SQL: SHOW COLUMNS FROM `zy_admin` [ RunTime:0.0020s ]
SQL: SELECT `uid`,`username`,`token`,`avatar`,`realname` FROM `zy_admin` WHERE ( token = '2a0e851ad4ca57d73ed3a2567be80b9f' ) LIMIT 1   [ RunTime:0.0003s ]
SQL: SHOW COLUMNS FROM `zy_client` [ RunTime:0.0018s ]
SQL: SHOW COLUMNS FROM `zy_order` [ RunTime:0.0015s ]
SQL: SHOW COLUMNS FROM `zy_client_address` [ RunTime:0.0014s ]
SQL: UPDATE `zy_client` SET `client_name`='张哈哈',`client_mobile`='1594859293',`client_remark`='woshi',`initial`='W' WHERE `parent_id` = 56 AND `client_id` = 19 [ RunTime:0.1172s ]

[ 2017-03-08T00:46:10+08:00 ] 192.168.0.105 /index.php?m=App&c=client&a=clientDelete
INFO: [ app_init ] --START--
INFO: Run Behavior\BuildLiteBehavior [ RunTime:0.000045s ]
INFO: [ app_init ] --END-- [ RunTime:0.000659s ]
INFO: [ app_begin ] --START--
INFO: Run Behavior\ReadHtmlCacheBehavior [ RunTime:0.000504s ]
INFO: [ app_begin ] --END-- [ RunTime:0.000623s ]
SQL: SHOW COLUMNS FROM `zy_admin` [ RunTime:0.0026s ]
SQL: SELECT `uid`,`username`,`token`,`avatar`,`realname` FROM `zy_admin` WHERE ( token = '2a0e851ad4ca57d73ed3a2567be80b9f' ) LIMIT 1   [ RunTime:0.0002s ]
SQL: SHOW COLUMNS FROM `zy_client` [ RunTime:0.0015s ]
SQL: SHOW COLUMNS FROM `zy_order` [ RunTime:0.0016s ]
SQL: SHOW COLUMNS FROM `zy_client_address` [ RunTime:0.0015s ]
SQL: UPDATE `zy_client` SET `is_show`='0' WHERE `client_id` = 19 [ RunTime:0.1043s ]

[ 2017-03-08T00:47:43+08:00 ] 192.168.0.105 /index.php?m=App&c=client&a=clientDelete
INFO: [ app_init ] --START--
INFO: Run Behavior\BuildLiteBehavior [ RunTime:0.000048s ]
INFO: [ app_init ] --END-- [ RunTime:0.000595s ]
INFO: [ app_begin ] --START--
INFO: Run Behavior\ReadHtmlCacheBehavior [ RunTime:0.000702s ]
INFO: [ app_begin ] --END-- [ RunTime:0.000869s ]
SQL: SHOW COLUMNS FROM `zy_admin` [ RunTime:0.0019s ]
SQL: SELECT `uid`,`username`,`token`,`avatar`,`realname` FROM `zy_admin` WHERE ( token = '2a0e851ad4ca57d73ed3a2567be80b9f' ) LIMIT 1   [ RunTime:0.0004s ]
SQL: SHOW COLUMNS FROM `zy_client` [ RunTime:0.0015s ]
SQL: SHOW COLUMNS FROM `zy_order` [ RunTime:0.0015s ]
SQL: SHOW COLUMNS FROM `zy_client_address` [ RunTime:0.0020s ]
SQL: UPDATE `zy_client` SET `is_show`='0' WHERE `parent_id` = 56 AND `client_id` = 19 [ RunTime:0.0798s ]

[ 2017-03-08T00:55:23+08:00 ] 192.168.0.105 /index.php?m=App&c=client&a=addressAdd
INFO: [ app_init ] --START--
INFO: Run Behavior\BuildLiteBehavior [ RunTime:0.000021s ]
INFO: [ app_init ] --END-- [ RunTime:0.000359s ]
INFO: [ app_begin ] --START--
INFO: Run Behavior\ReadHtmlCacheBehavior [ RunTime:0.000430s ]
INFO: [ app_begin ] --END-- [ RunTime:0.000523s ]
SQL: SHOW COLUMNS FROM `zy_admin` [ RunTime:0.0022s ]
SQL: SELECT `uid`,`username`,`token`,`avatar`,`realname` FROM `zy_admin` WHERE ( token = '' ) LIMIT 1   [ RunTime:0.0003s ]
SQL: SHOW COLUMNS FROM `zy_client` [ RunTime:0.0016s ]
SQL: SHOW COLUMNS FROM `zy_order` [ RunTime:0.0016s ]
SQL: SHOW COLUMNS FROM `zy_client_address` [ RunTime:0.0015s ]
SQL: INSERT INTO `zy_client_address` (`client_id`,`consignee`,`mobile`,`province`,`city`,`county`,`address`,`zipcode`,`is_default`) VALUES ('20','王五','15934721341','山东省','潍坊市','','青东村','210200','1') [ RunTime:0.1142s ]

[ 2017-03-08T00:55:51+08:00 ] 192.168.0.105 /index.php?m=App&c=client&a=clientAddressList
INFO: [ app_init ] --START--
INFO: Run Behavior\BuildLiteBehavior [ RunTime:0.000023s ]
INFO: [ app_init ] --END-- [ RunTime:0.000352s ]
INFO: [ app_begin ] --START--
INFO: Run Behavior\ReadHtmlCacheBehavior [ RunTime:0.000361s ]
INFO: [ app_begin ] --END-- [ RunTime:0.000451s ]
SQL: SHOW COLUMNS FROM `zy_admin` [ RunTime:0.0018s ]
SQL: SELECT `uid`,`username`,`token`,`avatar`,`realname` FROM `zy_admin` WHERE ( token = '' ) LIMIT 1   [ RunTime:0.0003s ]
SQL: SHOW COLUMNS FROM `zy_client` [ RunTime:0.0016s ]
SQL: SHOW COLUMNS FROM `zy_order` [ RunTime:0.0016s ]
SQL: SHOW COLUMNS FROM `zy_client_address` [ RunTime:0.0015s ]
ERR: SQLSTATE[42S22]: Column not found: 1054 Unknown column 'order_addtime' in 'field list'

[ 2017-03-08T00:56:50+08:00 ] 192.168.0.105 /index.php?m=App&c=client&a=clientAddressList
INFO: [ app_init ] --START--
INFO: Run Behavior\BuildLiteBehavior [ RunTime:0.000022s ]
INFO: [ app_init ] --END-- [ RunTime:0.000326s ]
INFO: [ app_begin ] --START--
INFO: Run Behavior\ReadHtmlCacheBehavior [ RunTime:0.000401s ]
INFO: [ app_begin ] --END-- [ RunTime:0.000503s ]
SQL: SHOW COLUMNS FROM `zy_admin` [ RunTime:0.0019s ]
SQL: SELECT `uid`,`username`,`token`,`avatar`,`realname` FROM `zy_admin` WHERE ( token = '' ) LIMIT 1   [ RunTime:0.0003s ]
SQL: SHOW COLUMNS FROM `zy_client` [ RunTime:0.0018s ]
SQL: SHOW COLUMNS FROM `zy_order` [ RunTime:0.0018s ]
SQL: SHOW COLUMNS FROM `zy_client_address` [ RunTime:0.0014s ]
SQL: SELECT `address_id`,`consignee`,`mobile`,`province`,`city`,`county`,`district`,`town`,`address`,`zipcode`,`is_default` FROM `zy_client_address` WHERE `client_id` = 20 ORDER BY is_default desc,address_id asc  [ RunTime:0.0003s ]

[ 2017-03-08T00:57:19+08:00 ] 192.168.0.105 /index.php?m=App&c=client&a=clientAddressEdit
INFO: [ app_init ] --START--
INFO: Run Behavior\BuildLiteBehavior [ RunTime:0.000033s ]
INFO: [ app_init ] --END-- [ RunTime:0.000504s ]
INFO: [ app_begin ] --START--
INFO: Run Behavior\ReadHtmlCacheBehavior [ RunTime:0.000563s ]
INFO: [ app_begin ] --END-- [ RunTime:0.000715s ]
SQL: SHOW COLUMNS FROM `zy_admin` [ RunTime:0.0023s ]
SQL: SELECT `uid`,`username`,`token`,`avatar`,`realname` FROM `zy_admin` WHERE ( token = '' ) LIMIT 1   [ RunTime:0.0004s ]
SQL: SHOW COLUMNS FROM `zy_client` [ RunTime:0.0016s ]
SQL: SHOW COLUMNS FROM `zy_order` [ RunTime:0.0020s ]
SQL: SHOW COLUMNS FROM `zy_client_address` [ RunTime:0.0016s ]

[ 2017-03-08T00:58:12+08:00 ] 192.168.0.105 /index.php?m=App&c=client&a=clientAddressEdit
INFO: [ app_init ] --START--
INFO: Run Behavior\BuildLiteBehavior [ RunTime:0.000021s ]
INFO: [ app_init ] --END-- [ RunTime:0.000349s ]
INFO: [ app_begin ] --START--
INFO: Run Behavior\ReadHtmlCacheBehavior [ RunTime:0.000462s ]
INFO: [ app_begin ] --END-- [ RunTime:0.000566s ]
SQL: SHOW COLUMNS FROM `zy_admin` [ RunTime:0.0019s ]
SQL: SELECT `uid`,`username`,`token`,`avatar`,`realname` FROM `zy_admin` WHERE ( token = '' ) LIMIT 1   [ RunTime:0.0003s ]
SQL: SHOW COLUMNS FROM `zy_client` [ RunTime:0.0014s ]
SQL: SHOW COLUMNS FROM `zy_order` [ RunTime:0.0016s ]
SQL: SHOW COLUMNS FROM `zy_client_address` [ RunTime:0.0014s ]

[ 2017-03-08T01:02:29+08:00 ] 192.168.0.105 /index.php?m=App&c=client&a=clientAddressEdit
INFO: [ app_init ] --START--
INFO: Run Behavior\BuildLiteBehavior [ RunTime:0.000021s ]
INFO: [ app_init ] --END-- [ RunTime:0.000349s ]
INFO: [ app_begin ] --START--
INFO: Run Behavior\ReadHtmlCacheBehavior [ RunTime:0.000489s ]
INFO: [ app_begin ] --END-- [ RunTime:0.000617s ]
SQL: SHOW COLUMNS FROM `zy_admin` [ RunTime:0.0019s ]
SQL: SELECT `uid`,`username`,`token`,`avatar`,`realname` FROM `zy_admin` WHERE ( token = '' ) LIMIT 1   [ RunTime:0.0002s ]
SQL: SHOW COLUMNS FROM `zy_client` [ RunTime:0.0016s ]
SQL: SHOW COLUMNS FROM `zy_order` [ RunTime:0.0016s ]
SQL: SHOW COLUMNS FROM `zy_client_address` [ RunTime:0.0015s ]
SQL: UPDATE `zy_client_address` SET `address_id`='6',`client_id`='20',`consignee`='卫sheng',`mobile`='',`province`='',`city`='',`county`='',`address`='',`zipcode`='',`is_default`='1' WHERE `client_id` = 20 AND `address_id` = 6 [ RunTime:0.0996s ]

